Number of partitions with n = 4
15
Partition 1
{{a1},{a2},{a3},{a4}}
Equivalence relations for partition 1:
(a1, a1),(a2, a2),(a3, a3),(a4, a4),
Partition 2
{{a1},{a2},{a3 ,a4}}
Equivalence relations for partition 2:
(a1, a1),(a2, a2),(a3, a3),(a3, a4),(a4, a3),(a4, a4),
Partition 3
{{a1},{a2 ,a3},{a4}}
Equivalence relations for partition 3:
(a1, a1),(a2, a2),(a2, a3),(a3, a2),(a3, a3),(a4, a4),
Partition 4
{{a1},{a2 ,a4},{a3}}
Equivalence relations for partition 4:
(a1, a1),(a2, a2),(a2, a4),(a4, a2),(a4, a4),(a3, a3),
Partition 5
{{a1},{a2 ,a3 ,a4}}
Equivalence relations for partition 5:
(a1, a1),(a2, a2),(a2, a3),(a2, a4),(a3, a2),(a3, a3),(a3, a4),(a4, a2),(a4, a3),(a4, a4),
Partition 6
{{a1 ,a2},{a3},{a4}}
Equivalence relations for partition 6:
(a1, a1),(a1, a2),(a2, a1),(a2, a2),(a3, a3),(a4, a4),
Partition 7
{{a1 ,a2},{a3 ,a4}}
Equivalence relations for partition 7:
(a1, a1),(a1, a2),(a2, a1),(a2, a2),(a3, a3),(a3, a4),(a4, a3),(a4, a4),
Partition 8
{{a1 ,a3},{a2},{a4}}
Equivalence relations for partition 8:
(a1, a1),(a1, a3),(a3, a1),(a3, a3),(a2, a2),(a4, a4),
Partition 9
{{a1 ,a3},{a2 ,a4}}
Equivalence relations for partition 9:
(a1, a1),(a1, a3),(a3, a1),(a3, a3),(a2, a2),(a2, a4),(a4, a2),(a4, a4),
Partition 10
{{a1 ,a2 ,a3},{a4}}
Equivalence relations for partition 10:
(a1, a1),(a1, a2),(a1, a3),(a2, a1),(a2, a2),(a2, a3),(a3, a1),(a3, a2),(a3, a3),(a4, a4),
Partition 11
{{a1 ,a4},{a2},{a3}}
Equivalence relations for partition 11:
(a1, a1),(a1, a4),(a4, a1),(a4, a4),(a2, a2),(a3, a3),
Partition 12
{{a1 ,a4},{a2 ,a3}}
Equivalence relations for partition 12:
(a1, a1),(a1, a4),(a4, a1),(a4, a4),(a2, a2),(a2, a3),(a3, a2),(a3, a3),
Partition 13
{{a1 ,a2 ,a4},{a3}}
Equivalence relations for partition 13:
(a1, a1),(a1, a2),(a1, a4),(a2, a1),(a2, a2),(a2, a4),(a4, a1),(a4, a2),(a4, a4),(a3, a3),
Partition 14
{{a1 ,a3 ,a4},{a2}}
Equivalence relations for partition 14:
(a1, a1),(a1, a3),(a1, a4),(a3, a1),(a3, a3),(a3, a4),(a4, a1),(a4, a3),(a4, a4),(a2, a2),
Partition 15
{{a1 ,a2 ,a3 ,a4}}
Equivalence relations for partition 15:
(a1, a1),(a1, a2),(a1, a3),(a1, a4),(a2, a1),(a2, a2),(a2, a3),(a2, a4),(a3, a1),(a3, a2),(a3, a3),(a3, a4),(a4, a1),(a4, a2),(a4, a3),(a4, a4),
