Number of partitions with n = 3
5
Partition 1
{{a1},{a2},{a3}}
Equivalence relations for partition 1:
(a1, a1),(a2, a2),(a3, a3),
Partition 2
{{a1},{a2 ,a3}}
Equivalence relations for partition 2:
(a1, a1),(a2, a2),(a2, a3),(a3, a2),(a3, a3),
Partition 3
{{a1 ,a2},{a3}}
Equivalence relations for partition 3:
(a1, a1),(a1, a2),(a2, a1),(a2, a2),(a3, a3),
Partition 4
{{a1 ,a3},{a2}}
Equivalence relations for partition 4:
(a1, a1),(a1, a3),(a3, a1),(a3, a3),(a2, a2),
Partition 5
{{a1 ,a2 ,a3}}
Equivalence relations for partition 5:
(a1, a1),(a1, a2),(a1, a3),(a2, a1),(a2, a2),(a2, a3),(a3, a1),(a3, a2),(a3, a3),
