168
Basis number 1 :(1 0 0 ) (0 1 0 ) (0 0 1 ) 
Basis number 2 :(1 0 0 ) (0 1 0 ) (1 0 1 ) 
Basis number 3 :(1 0 0 ) (0 1 0 ) (0 1 1 ) 
Basis number 4 :(1 0 0 ) (0 1 0 ) (1 1 1 ) 
Basis number 5 :(1 0 0 ) (1 1 0 ) (0 0 1 ) 
Basis number 6 :(1 0 0 ) (1 1 0 ) (1 0 1 ) 
Basis number 7 :(1 0 0 ) (1 1 0 ) (0 1 1 ) 
Basis number 8 :(1 0 0 ) (1 1 0 ) (1 1 1 ) 
Basis number 9 :(1 0 0 ) (0 0 1 ) (0 1 0 ) 
Basis number 10 :(1 0 0 ) (0 0 1 ) (1 1 0 ) 
Basis number 11 :(1 0 0 ) (0 0 1 ) (0 1 1 ) 
Basis number 12 :(1 0 0 ) (0 0 1 ) (1 1 1 ) 
Basis number 13 :(1 0 0 ) (1 0 1 ) (0 1 0 ) 
Basis number 14 :(1 0 0 ) (1 0 1 ) (1 1 0 ) 
Basis number 15 :(1 0 0 ) (1 0 1 ) (0 1 1 ) 
Basis number 16 :(1 0 0 ) (1 0 1 ) (1 1 1 ) 
Basis number 17 :(1 0 0 ) (0 1 1 ) (0 1 0 ) 
Basis number 18 :(1 0 0 ) (0 1 1 ) (1 1 0 ) 
Basis number 19 :(1 0 0 ) (0 1 1 ) (0 0 1 ) 
Basis number 20 :(1 0 0 ) (0 1 1 ) (1 0 1 ) 
Basis number 21 :(1 0 0 ) (1 1 1 ) (0 1 0 ) 
Basis number 22 :(1 0 0 ) (1 1 1 ) (1 1 0 ) 
Basis number 23 :(1 0 0 ) (1 1 1 ) (0 0 1 ) 
Basis number 24 :(1 0 0 ) (1 1 1 ) (1 0 1 ) 
Basis number 25 :(0 1 0 ) (1 0 0 ) (0 0 1 ) 
Basis number 26 :(0 1 0 ) (1 0 0 ) (1 0 1 ) 
Basis number 27 :(0 1 0 ) (1 0 0 ) (0 1 1 ) 
Basis number 28 :(0 1 0 ) (1 0 0 ) (1 1 1 ) 
Basis number 29 :(0 1 0 ) (1 1 0 ) (0 0 1 ) 
Basis number 30 :(0 1 0 ) (1 1 0 ) (1 0 1 ) 
Basis number 31 :(0 1 0 ) (1 1 0 ) (0 1 1 ) 
Basis number 32 :(0 1 0 ) (1 1 0 ) (1 1 1 ) 
Basis number 33 :(0 1 0 ) (0 0 1 ) (1 0 0 ) 
Basis number 34 :(0 1 0 ) (0 0 1 ) (1 1 0 ) 
Basis number 35 :(0 1 0 ) (0 0 1 ) (1 0 1 ) 
Basis number 36 :(0 1 0 ) (0 0 1 ) (1 1 1 ) 
Basis number 37 :(0 1 0 ) (1 0 1 ) (1 0 0 ) 
Basis number 38 :(0 1 0 ) (1 0 1 ) (1 1 0 ) 
Basis number 39 :(0 1 0 ) (1 0 1 ) (0 0 1 ) 
Basis number 40 :(0 1 0 ) (1 0 1 ) (0 1 1 ) 
Basis number 41 :(0 1 0 ) (0 1 1 ) (1 0 0 ) 
Basis number 42 :(0 1 0 ) (0 1 1 ) (1 1 0 ) 
Basis number 43 :(0 1 0 ) (0 1 1 ) (1 0 1 ) 
Basis number 44 :(0 1 0 ) (0 1 1 ) (1 1 1 ) 
Basis number 45 :(0 1 0 ) (1 1 1 ) (1 0 0 ) 
Basis number 46 :(0 1 0 ) (1 1 1 ) (1 1 0 ) 
Basis number 47 :(0 1 0 ) (1 1 1 ) (0 0 1 ) 
Basis number 48 :(0 1 0 ) (1 1 1 ) (0 1 1 ) 
Basis number 49 :(1 1 0 ) (1 0 0 ) (0 0 1 ) 
Basis number 50 :(1 1 0 ) (1 0 0 ) (1 0 1 ) 
Basis number 51 :(1 1 0 ) (1 0 0 ) (0 1 1 ) 
Basis number 52 :(1 1 0 ) (1 0 0 ) (1 1 1 ) 
Basis number 53 :(1 1 0 ) (0 1 0 ) (0 0 1 ) 
Basis number 54 :(1 1 0 ) (0 1 0 ) (1 0 1 ) 
Basis number 55 :(1 1 0 ) (0 1 0 ) (0 1 1 ) 
Basis number 56 :(1 1 0 ) (0 1 0 ) (1 1 1 ) 
Basis number 57 :(1 1 0 ) (0 0 1 ) (1 0 0 ) 
Basis number 58 :(1 1 0 ) (0 0 1 ) (0 1 0 ) 
Basis number 59 :(1 1 0 ) (0 0 1 ) (1 0 1 ) 
Basis number 60 :(1 1 0 ) (0 0 1 ) (0 1 1 ) 
Basis number 61 :(1 1 0 ) (1 0 1 ) (1 0 0 ) 
Basis number 62 :(1 1 0 ) (1 0 1 ) (0 1 0 ) 
Basis number 63 :(1 1 0 ) (1 0 1 ) (0 0 1 ) 
Basis number 64 :(1 1 0 ) (1 0 1 ) (1 1 1 ) 
Basis number 65 :(1 1 0 ) (0 1 1 ) (1 0 0 ) 
Basis number 66 :(1 1 0 ) (0 1 1 ) (0 1 0 ) 
Basis number 67 :(1 1 0 ) (0 1 1 ) (0 0 1 ) 
Basis number 68 :(1 1 0 ) (0 1 1 ) (1 1 1 ) 
Basis number 69 :(1 1 0 ) (1 1 1 ) (1 0 0 ) 
Basis number 70 :(1 1 0 ) (1 1 1 ) (0 1 0 ) 
Basis number 71 :(1 1 0 ) (1 1 1 ) (1 0 1 ) 
Basis number 72 :(1 1 0 ) (1 1 1 ) (0 1 1 ) 
Basis number 73 :(0 0 1 ) (1 0 0 ) (0 1 0 ) 
Basis number 74 :(0 0 1 ) (1 0 0 ) (1 1 0 ) 
Basis number 75 :(0 0 1 ) (1 0 0 ) (0 1 1 ) 
Basis number 76 :(0 0 1 ) (1 0 0 ) (1 1 1 ) 
Basis number 77 :(0 0 1 ) (0 1 0 ) (1 0 0 ) 
Basis number 78 :(0 0 1 ) (0 1 0 ) (1 1 0 ) 
Basis number 79 :(0 0 1 ) (0 1 0 ) (1 0 1 ) 
Basis number 80 :(0 0 1 ) (0 1 0 ) (1 1 1 ) 
Basis number 81 :(0 0 1 ) (1 1 0 ) (1 0 0 ) 
Basis number 82 :(0 0 1 ) (1 1 0 ) (0 1 0 ) 
Basis number 83 :(0 0 1 ) (1 1 0 ) (1 0 1 ) 
Basis number 84 :(0 0 1 ) (1 1 0 ) (0 1 1 ) 
Basis number 85 :(0 0 1 ) (1 0 1 ) (0 1 0 ) 
Basis number 86 :(0 0 1 ) (1 0 1 ) (1 1 0 ) 
Basis number 87 :(0 0 1 ) (1 0 1 ) (0 1 1 ) 
Basis number 88 :(0 0 1 ) (1 0 1 ) (1 1 1 ) 
Basis number 89 :(0 0 1 ) (0 1 1 ) (1 0 0 ) 
Basis number 90 :(0 0 1 ) (0 1 1 ) (1 1 0 ) 
Basis number 91 :(0 0 1 ) (0 1 1 ) (1 0 1 ) 
Basis number 92 :(0 0 1 ) (0 1 1 ) (1 1 1 ) 
Basis number 93 :(0 0 1 ) (1 1 1 ) (1 0 0 ) 
Basis number 94 :(0 0 1 ) (1 1 1 ) (0 1 0 ) 
Basis number 95 :(0 0 1 ) (1 1 1 ) (1 0 1 ) 
Basis number 96 :(0 0 1 ) (1 1 1 ) (0 1 1 ) 
Basis number 97 :(1 0 1 ) (1 0 0 ) (0 1 0 ) 
Basis number 98 :(1 0 1 ) (1 0 0 ) (1 1 0 ) 
Basis number 99 :(1 0 1 ) (1 0 0 ) (0 1 1 ) 
Basis number 100 :(1 0 1 ) (1 0 0 ) (1 1 1 ) 
Basis number 101 :(1 0 1 ) (0 1 0 ) (1 0 0 ) 
Basis number 102 :(1 0 1 ) (0 1 0 ) (1 1 0 ) 
Basis number 103 :(1 0 1 ) (0 1 0 ) (0 0 1 ) 
Basis number 104 :(1 0 1 ) (0 1 0 ) (0 1 1 ) 
Basis number 105 :(1 0 1 ) (1 1 0 ) (1 0 0 ) 
Basis number 106 :(1 0 1 ) (1 1 0 ) (0 1 0 ) 
Basis number 107 :(1 0 1 ) (1 1 0 ) (0 0 1 ) 
Basis number 108 :(1 0 1 ) (1 1 0 ) (1 1 1 ) 
Basis number 109 :(1 0 1 ) (0 0 1 ) (0 1 0 ) 
Basis number 110 :(1 0 1 ) (0 0 1 ) (1 1 0 ) 
Basis number 111 :(1 0 1 ) (0 0 1 ) (0 1 1 ) 
Basis number 112 :(1 0 1 ) (0 0 1 ) (1 1 1 ) 
Basis number 113 :(1 0 1 ) (0 1 1 ) (1 0 0 ) 
Basis number 114 :(1 0 1 ) (0 1 1 ) (0 1 0 ) 
Basis number 115 :(1 0 1 ) (0 1 1 ) (0 0 1 ) 
Basis number 116 :(1 0 1 ) (0 1 1 ) (1 1 1 ) 
Basis number 117 :(1 0 1 ) (1 1 1 ) (1 0 0 ) 
Basis number 118 :(1 0 1 ) (1 1 1 ) (1 1 0 ) 
Basis number 119 :(1 0 1 ) (1 1 1 ) (0 0 1 ) 
Basis number 120 :(1 0 1 ) (1 1 1 ) (0 1 1 ) 
Basis number 121 :(0 1 1 ) (1 0 0 ) (0 1 0 ) 
Basis number 122 :(0 1 1 ) (1 0 0 ) (1 1 0 ) 
Basis number 123 :(0 1 1 ) (1 0 0 ) (0 0 1 ) 
Basis number 124 :(0 1 1 ) (1 0 0 ) (1 0 1 ) 
Basis number 125 :(0 1 1 ) (0 1 0 ) (1 0 0 ) 
Basis number 126 :(0 1 1 ) (0 1 0 ) (1 1 0 ) 
Basis number 127 :(0 1 1 ) (0 1 0 ) (1 0 1 ) 
Basis number 128 :(0 1 1 ) (0 1 0 ) (1 1 1 ) 
Basis number 129 :(0 1 1 ) (1 1 0 ) (1 0 0 ) 
Basis number 130 :(0 1 1 ) (1 1 0 ) (0 1 0 ) 
Basis number 131 :(0 1 1 ) (1 1 0 ) (0 0 1 ) 
Basis number 132 :(0 1 1 ) (1 1 0 ) (1 1 1 ) 
Basis number 133 :(0 1 1 ) (0 0 1 ) (1 0 0 ) 
Basis number 134 :(0 1 1 ) (0 0 1 ) (1 1 0 ) 
Basis number 135 :(0 1 1 ) (0 0 1 ) (1 0 1 ) 
Basis number 136 :(0 1 1 ) (0 0 1 ) (1 1 1 ) 
Basis number 137 :(0 1 1 ) (1 0 1 ) (1 0 0 ) 
Basis number 138 :(0 1 1 ) (1 0 1 ) (0 1 0 ) 
Basis number 139 :(0 1 1 ) (1 0 1 ) (0 0 1 ) 
Basis number 140 :(0 1 1 ) (1 0 1 ) (1 1 1 ) 
Basis number 141 :(0 1 1 ) (1 1 1 ) (0 1 0 ) 
Basis number 142 :(0 1 1 ) (1 1 1 ) (1 1 0 ) 
Basis number 143 :(0 1 1 ) (1 1 1 ) (0 0 1 ) 
Basis number 144 :(0 1 1 ) (1 1 1 ) (1 0 1 ) 
Basis number 145 :(1 1 1 ) (1 0 0 ) (0 1 0 ) 
Basis number 146 :(1 1 1 ) (1 0 0 ) (1 1 0 ) 
Basis number 147 :(1 1 1 ) (1 0 0 ) (0 0 1 ) 
Basis number 148 :(1 1 1 ) (1 0 0 ) (1 0 1 ) 
Basis number 149 :(1 1 1 ) (0 1 0 ) (1 0 0 ) 
Basis number 150 :(1 1 1 ) (0 1 0 ) (1 1 0 ) 
Basis number 151 :(1 1 1 ) (0 1 0 ) (0 0 1 ) 
Basis number 152 :(1 1 1 ) (0 1 0 ) (0 1 1 ) 
Basis number 153 :(1 1 1 ) (1 1 0 ) (1 0 0 ) 
Basis number 154 :(1 1 1 ) (1 1 0 ) (0 1 0 ) 
Basis number 155 :(1 1 1 ) (1 1 0 ) (1 0 1 ) 
Basis number 156 :(1 1 1 ) (1 1 0 ) (0 1 1 ) 
Basis number 157 :(1 1 1 ) (0 0 1 ) (1 0 0 ) 
Basis number 158 :(1 1 1 ) (0 0 1 ) (0 1 0 ) 
Basis number 159 :(1 1 1 ) (0 0 1 ) (1 0 1 ) 
Basis number 160 :(1 1 1 ) (0 0 1 ) (0 1 1 ) 
Basis number 161 :(1 1 1 ) (1 0 1 ) (1 0 0 ) 
Basis number 162 :(1 1 1 ) (1 0 1 ) (1 1 0 ) 
Basis number 163 :(1 1 1 ) (1 0 1 ) (0 0 1 ) 
Basis number 164 :(1 1 1 ) (1 0 1 ) (0 1 1 ) 
Basis number 165 :(1 1 1 ) (0 1 1 ) (0 1 0 ) 
Basis number 166 :(1 1 1 ) (0 1 1 ) (1 1 0 ) 
Basis number 167 :(1 1 1 ) (0 1 1 ) (0 0 1 ) 
Basis number 168 :(1 1 1 ) (0 1 1 ) (1 0 1 ) 
