The number of solutions is: 374
The number of generated solutions is: 374
Solution nr. 1
1 1 1 1 1 
0 0 0 0 0 
0 0 0 0 0 
0 0 0 0 0 
0 0 0 0 0 

Solution nr. 2
1 1 1 1 0 
0 0 0 0 1 
0 0 0 0 0 
0 0 0 0 0 
0 0 0 0 0 

Solution nr. 3
1 1 1 1 0 
0 0 0 0 0 
0 0 0 0 0 
0 0 0 0 0 
0 0 0 0 0 

Solution nr. 4
1 1 1 0 1 
0 0 0 1 1 
0 0 0 0 0 
0 0 0 0 0 
0 0 0 0 0 

Solution nr. 5
1 1 1 0 1 
0 0 0 1 0 
0 0 0 0 0 
0 0 0 0 0 
0 0 0 0 0 

Solution nr. 6
1 1 1 0 1 
0 0 0 0 0 
0 0 0 0 0 
0 0 0 0 0 
0 0 0 0 0 

Solution nr. 7
1 1 1 0 0 
0 0 0 1 1 
0 0 0 0 0 
0 0 0 0 0 
0 0 0 0 0 

Solution nr. 8
1 1 1 0 0 
0 0 0 1 0 
0 0 0 0 1 
0 0 0 0 0 
0 0 0 0 0 

Solution nr. 9
1 1 1 0 0 
0 0 0 1 0 
0 0 0 0 0 
0 0 0 0 0 
0 0 0 0 0 

Solution nr. 10
1 1 1 0 0 
0 0 0 0 1 
0 0 0 0 0 
0 0 0 0 0 
0 0 0 0 0 

Solution nr. 11
1 1 1 0 0 
0 0 0 0 0 
0 0 0 0 0 
0 0 0 0 0 
0 0 0 0 0 

Solution nr. 12
1 1 0 1 1 
0 0 1 1 1 
0 0 0 0 0 
0 0 0 0 0 
0 0 0 0 0 

Solution nr. 13
1 1 0 1 1 
0 0 1 1 0 
0 0 0 0 0 
0 0 0 0 0 
0 0 0 0 0 

Solution nr. 14
1 1 0 1 1 
0 0 1 0 1 
0 0 0 0 0 
0 0 0 0 0 
0 0 0 0 0 

Solution nr. 15
1 1 0 1 1 
0 0 1 0 0 
0 0 0 0 0 
0 0 0 0 0 
0 0 0 0 0 

Solution nr. 16
1 1 0 1 1 
0 0 0 0 0 
0 0 0 0 0 
0 0 0 0 0 
0 0 0 0 0 

Solution nr. 17
1 1 0 1 0 
0 0 1 1 1 
0 0 0 0 0 
0 0 0 0 0 
0 0 0 0 0 

Solution nr. 18
1 1 0 1 0 
0 0 1 1 0 
0 0 0 0 1 
0 0 0 0 0 
0 0 0 0 0 

Solution nr. 19
1 1 0 1 0 
0 0 1 1 0 
0 0 0 0 0 
0 0 0 0 0 
0 0 0 0 0 

Solution nr. 20
1 1 0 1 0 
0 0 1 0 1 
0 0 0 0 0 
0 0 0 0 0 
0 0 0 0 0 

Solution nr. 21
1 1 0 1 0 
0 0 1 0 0 
0 0 0 0 1 
0 0 0 0 0 
0 0 0 0 0 

Solution nr. 22
1 1 0 1 0 
0 0 1 0 0 
0 0 0 0 0 
0 0 0 0 0 
0 0 0 0 0 

Solution nr. 23
1 1 0 1 0 
0 0 0 0 1 
0 0 0 0 0 
0 0 0 0 0 
0 0 0 0 0 

Solution nr. 24
1 1 0 1 0 
0 0 0 0 0 
0 0 0 0 0 
0 0 0 0 0 
0 0 0 0 0 

Solution nr. 25
1 1 0 0 1 
0 0 1 1 1 
0 0 0 0 0 
0 0 0 0 0 
0 0 0 0 0 

Solution nr. 26
1 1 0 0 1 
0 0 1 1 0 
0 0 0 0 0 
0 0 0 0 0 
0 0 0 0 0 

Solution nr. 27
1 1 0 0 1 
0 0 1 0 1 
0 0 0 1 1 
0 0 0 0 0 
0 0 0 0 0 

Solution nr. 28
1 1 0 0 1 
0 0 1 0 1 
0 0 0 1 0 
0 0 0 0 0 
0 0 0 0 0 

Solution nr. 29
1 1 0 0 1 
0 0 1 0 1 
0 0 0 0 0 
0 0 0 0 0 
0 0 0 0 0 

Solution nr. 30
1 1 0 0 1 
0 0 1 0 0 
0 0 0 1 1 
0 0 0 0 0 
0 0 0 0 0 

Solution nr. 31
1 1 0 0 1 
0 0 1 0 0 
0 0 0 1 0 
0 0 0 0 0 
0 0 0 0 0 

Solution nr. 32
1 1 0 0 1 
0 0 1 0 0 
0 0 0 0 0 
0 0 0 0 0 
0 0 0 0 0 

Solution nr. 33
1 1 0 0 1 
0 0 0 1 1 
0 0 0 0 0 
0 0 0 0 0 
0 0 0 0 0 

Solution nr. 34
1 1 0 0 1 
0 0 0 1 0 
0 0 0 0 0 
0 0 0 0 0 
0 0 0 0 0 

Solution nr. 35
1 1 0 0 1 
0 0 0 0 0 
0 0 0 0 0 
0 0 0 0 0 
0 0 0 0 0 

Solution nr. 36
1 1 0 0 0 
0 0 1 1 1 
0 0 0 0 0 
0 0 0 0 0 
0 0 0 0 0 

Solution nr. 37
1 1 0 0 0 
0 0 1 1 0 
0 0 0 0 1 
0 0 0 0 0 
0 0 0 0 0 

Solution nr. 38
1 1 0 0 0 
0 0 1 1 0 
0 0 0 0 0 
0 0 0 0 0 
0 0 0 0 0 

Solution nr. 39
1 1 0 0 0 
0 0 1 0 1 
0 0 0 1 1 
0 0 0 0 0 
0 0 0 0 0 

Solution nr. 40
1 1 0 0 0 
0 0 1 0 1 
0 0 0 1 0 
0 0 0 0 0 
0 0 0 0 0 

Solution nr. 41
1 1 0 0 0 
0 0 1 0 1 
0 0 0 0 0 
0 0 0 0 0 
0 0 0 0 0 

Solution nr. 42
1 1 0 0 0 
0 0 1 0 0 
0 0 0 1 1 
0 0 0 0 0 
0 0 0 0 0 

Solution nr. 43
1 1 0 0 0 
0 0 1 0 0 
0 0 0 1 0 
0 0 0 0 1 
0 0 0 0 0 

Solution nr. 44
1 1 0 0 0 
0 0 1 0 0 
0 0 0 1 0 
0 0 0 0 0 
0 0 0 0 0 

Solution nr. 45
1 1 0 0 0 
0 0 1 0 0 
0 0 0 0 1 
0 0 0 0 0 
0 0 0 0 0 

Solution nr. 46
1 1 0 0 0 
0 0 1 0 0 
0 0 0 0 0 
0 0 0 0 0 
0 0 0 0 0 

Solution nr. 47
1 1 0 0 0 
0 0 0 1 1 
0 0 0 0 0 
0 0 0 0 0 
0 0 0 0 0 

Solution nr. 48
1 1 0 0 0 
0 0 0 1 0 
0 0 0 0 1 
0 0 0 0 0 
0 0 0 0 0 

Solution nr. 49
1 1 0 0 0 
0 0 0 1 0 
0 0 0 0 0 
0 0 0 0 0 
0 0 0 0 0 

Solution nr. 50
1 1 0 0 0 
0 0 0 0 1 
0 0 0 0 0 
0 0 0 0 0 
0 0 0 0 0 

Solution nr. 51
1 1 0 0 0 
0 0 0 0 0 
0 0 0 0 0 
0 0 0 0 0 
0 0 0 0 0 

Solution nr. 52
1 0 1 1 1 
0 1 1 1 1 
0 0 0 0 0 
0 0 0 0 0 
0 0 0 0 0 

Solution nr. 53
1 0 1 1 1 
0 1 1 1 0 
0 0 0 0 0 
0 0 0 0 0 
0 0 0 0 0 

Solution nr. 54
1 0 1 1 1 
0 1 1 0 1 
0 0 0 0 0 
0 0 0 0 0 
0 0 0 0 0 

Solution nr. 55
1 0 1 1 1 
0 1 1 0 0 
0 0 0 0 0 
0 0 0 0 0 
0 0 0 0 0 

Solution nr. 56
1 0 1 1 1 
0 1 0 1 1 
0 0 0 0 0 
0 0 0 0 0 
0 0 0 0 0 

Solution nr. 57
1 0 1 1 1 
0 1 0 1 0 
0 0 0 0 0 
0 0 0 0 0 
0 0 0 0 0 

Solution nr. 58
1 0 1 1 1 
0 1 0 0 1 
0 0 0 0 0 
0 0 0 0 0 
0 0 0 0 0 

Solution nr. 59
1 0 1 1 1 
0 1 0 0 0 
0 0 0 0 0 
0 0 0 0 0 
0 0 0 0 0 

Solution nr. 60
1 0 1 1 1 
0 0 0 0 0 
0 0 0 0 0 
0 0 0 0 0 
0 0 0 0 0 

Solution nr. 61
1 0 1 1 0 
0 1 1 1 1 
0 0 0 0 0 
0 0 0 0 0 
0 0 0 0 0 

Solution nr. 62
1 0 1 1 0 
0 1 1 1 0 
0 0 0 0 1 
0 0 0 0 0 
0 0 0 0 0 

Solution nr. 63
1 0 1 1 0 
0 1 1 1 0 
0 0 0 0 0 
0 0 0 0 0 
0 0 0 0 0 

Solution nr. 64
1 0 1 1 0 
0 1 1 0 1 
0 0 0 0 0 
0 0 0 0 0 
0 0 0 0 0 

Solution nr. 65
1 0 1 1 0 
0 1 1 0 0 
0 0 0 0 1 
0 0 0 0 0 
0 0 0 0 0 

Solution nr. 66
1 0 1 1 0 
0 1 1 0 0 
0 0 0 0 0 
0 0 0 0 0 
0 0 0 0 0 

Solution nr. 67
1 0 1 1 0 
0 1 0 1 1 
0 0 0 0 0 
0 0 0 0 0 
0 0 0 0 0 

Solution nr. 68
1 0 1 1 0 
0 1 0 1 0 
0 0 0 0 1 
0 0 0 0 0 
0 0 0 0 0 

Solution nr. 69
1 0 1 1 0 
0 1 0 1 0 
0 0 0 0 0 
0 0 0 0 0 
0 0 0 0 0 

Solution nr. 70
1 0 1 1 0 
0 1 0 0 1 
0 0 0 0 0 
0 0 0 0 0 
0 0 0 0 0 

Solution nr. 71
1 0 1 1 0 
0 1 0 0 0 
0 0 0 0 1 
0 0 0 0 0 
0 0 0 0 0 

Solution nr. 72
1 0 1 1 0 
0 1 0 0 0 
0 0 0 0 0 
0 0 0 0 0 
0 0 0 0 0 

Solution nr. 73
1 0 1 1 0 
0 0 0 0 1 
0 0 0 0 0 
0 0 0 0 0 
0 0 0 0 0 

Solution nr. 74
1 0 1 1 0 
0 0 0 0 0 
0 0 0 0 0 
0 0 0 0 0 
0 0 0 0 0 

Solution nr. 75
1 0 1 0 1 
0 1 1 1 1 
0 0 0 0 0 
0 0 0 0 0 
0 0 0 0 0 

Solution nr. 76
1 0 1 0 1 
0 1 1 1 0 
0 0 0 0 0 
0 0 0 0 0 
0 0 0 0 0 

Solution nr. 77
1 0 1 0 1 
0 1 1 0 1 
0 0 0 1 1 
0 0 0 0 0 
0 0 0 0 0 

Solution nr. 78
1 0 1 0 1 
0 1 1 0 1 
0 0 0 1 0 
0 0 0 0 0 
0 0 0 0 0 

Solution nr. 79
1 0 1 0 1 
0 1 1 0 1 
0 0 0 0 0 
0 0 0 0 0 
0 0 0 0 0 

Solution nr. 80
1 0 1 0 1 
0 1 1 0 0 
0 0 0 1 1 
0 0 0 0 0 
0 0 0 0 0 

Solution nr. 81
1 0 1 0 1 
0 1 1 0 0 
0 0 0 1 0 
0 0 0 0 0 
0 0 0 0 0 

Solution nr. 82
1 0 1 0 1 
0 1 1 0 0 
0 0 0 0 0 
0 0 0 0 0 
0 0 0 0 0 

Solution nr. 83
1 0 1 0 1 
0 1 0 1 1 
0 0 0 0 0 
0 0 0 0 0 
0 0 0 0 0 

Solution nr. 84
1 0 1 0 1 
0 1 0 1 0 
0 0 0 0 0 
0 0 0 0 0 
0 0 0 0 0 

Solution nr. 85
1 0 1 0 1 
0 1 0 0 1 
0 0 0 1 1 
0 0 0 0 0 
0 0 0 0 0 

Solution nr. 86
1 0 1 0 1 
0 1 0 0 1 
0 0 0 1 0 
0 0 0 0 0 
0 0 0 0 0 

Solution nr. 87
1 0 1 0 1 
0 1 0 0 1 
0 0 0 0 0 
0 0 0 0 0 
0 0 0 0 0 

Solution nr. 88
1 0 1 0 1 
0 1 0 0 0 
0 0 0 1 1 
0 0 0 0 0 
0 0 0 0 0 

Solution nr. 89
1 0 1 0 1 
0 1 0 0 0 
0 0 0 1 0 
0 0 0 0 0 
0 0 0 0 0 

Solution nr. 90
1 0 1 0 1 
0 1 0 0 0 
0 0 0 0 0 
0 0 0 0 0 
0 0 0 0 0 

Solution nr. 91
1 0 1 0 1 
0 0 0 1 1 
0 0 0 0 0 
0 0 0 0 0 
0 0 0 0 0 

Solution nr. 92
1 0 1 0 1 
0 0 0 1 0 
0 0 0 0 0 
0 0 0 0 0 
0 0 0 0 0 

Solution nr. 93
1 0 1 0 1 
0 0 0 0 0 
0 0 0 0 0 
0 0 0 0 0 
0 0 0 0 0 

Solution nr. 94
1 0 1 0 0 
0 1 1 1 1 
0 0 0 0 0 
0 0 0 0 0 
0 0 0 0 0 

Solution nr. 95
1 0 1 0 0 
0 1 1 1 0 
0 0 0 0 1 
0 0 0 0 0 
0 0 0 0 0 

Solution nr. 96
1 0 1 0 0 
0 1 1 1 0 
0 0 0 0 0 
0 0 0 0 0 
0 0 0 0 0 

Solution nr. 97
1 0 1 0 0 
0 1 1 0 1 
0 0 0 1 1 
0 0 0 0 0 
0 0 0 0 0 

Solution nr. 98
1 0 1 0 0 
0 1 1 0 1 
0 0 0 1 0 
0 0 0 0 0 
0 0 0 0 0 

Solution nr. 99
1 0 1 0 0 
0 1 1 0 1 
0 0 0 0 0 
0 0 0 0 0 
0 0 0 0 0 

Solution nr. 100
1 0 1 0 0 
0 1 1 0 0 
0 0 0 1 1 
0 0 0 0 0 
0 0 0 0 0 

Solution nr. 101
1 0 1 0 0 
0 1 1 0 0 
0 0 0 1 0 
0 0 0 0 1 
0 0 0 0 0 

Solution nr. 102
1 0 1 0 0 
0 1 1 0 0 
0 0 0 1 0 
0 0 0 0 0 
0 0 0 0 0 

Solution nr. 103
1 0 1 0 0 
0 1 1 0 0 
0 0 0 0 1 
0 0 0 0 0 
0 0 0 0 0 

Solution nr. 104
1 0 1 0 0 
0 1 1 0 0 
0 0 0 0 0 
0 0 0 0 0 
0 0 0 0 0 

Solution nr. 105
1 0 1 0 0 
0 1 0 1 1 
0 0 0 0 0 
0 0 0 0 0 
0 0 0 0 0 

Solution nr. 106
1 0 1 0 0 
0 1 0 1 0 
0 0 0 0 1 
0 0 0 0 0 
0 0 0 0 0 

Solution nr. 107
1 0 1 0 0 
0 1 0 1 0 
0 0 0 0 0 
0 0 0 0 0 
0 0 0 0 0 

Solution nr. 108
1 0 1 0 0 
0 1 0 0 1 
0 0 0 1 1 
0 0 0 0 0 
0 0 0 0 0 

Solution nr. 109
1 0 1 0 0 
0 1 0 0 1 
0 0 0 1 0 
0 0 0 0 0 
0 0 0 0 0 

Solution nr. 110
1 0 1 0 0 
0 1 0 0 1 
0 0 0 0 0 
0 0 0 0 0 
0 0 0 0 0 

Solution nr. 111
1 0 1 0 0 
0 1 0 0 0 
0 0 0 1 1 
0 0 0 0 0 
0 0 0 0 0 

Solution nr. 112
1 0 1 0 0 
0 1 0 0 0 
0 0 0 1 0 
0 0 0 0 1 
0 0 0 0 0 

Solution nr. 113
1 0 1 0 0 
0 1 0 0 0 
0 0 0 1 0 
0 0 0 0 0 
0 0 0 0 0 

Solution nr. 114
1 0 1 0 0 
0 1 0 0 0 
0 0 0 0 1 
0 0 0 0 0 
0 0 0 0 0 

Solution nr. 115
1 0 1 0 0 
0 1 0 0 0 
0 0 0 0 0 
0 0 0 0 0 
0 0 0 0 0 

Solution nr. 116
1 0 1 0 0 
0 0 0 1 1 
0 0 0 0 0 
0 0 0 0 0 
0 0 0 0 0 

Solution nr. 117
1 0 1 0 0 
0 0 0 1 0 
0 0 0 0 1 
0 0 0 0 0 
0 0 0 0 0 

Solution nr. 118
1 0 1 0 0 
0 0 0 1 0 
0 0 0 0 0 
0 0 0 0 0 
0 0 0 0 0 

Solution nr. 119
1 0 1 0 0 
0 0 0 0 1 
0 0 0 0 0 
0 0 0 0 0 
0 0 0 0 0 

Solution nr. 120
1 0 1 0 0 
0 0 0 0 0 
0 0 0 0 0 
0 0 0 0 0 
0 0 0 0 0 

Solution nr. 121
1 0 0 1 1 
0 1 1 1 1 
0 0 0 0 0 
0 0 0 0 0 
0 0 0 0 0 

Solution nr. 122
1 0 0 1 1 
0 1 1 1 0 
0 0 0 0 0 
0 0 0 0 0 
0 0 0 0 0 

Solution nr. 123
1 0 0 1 1 
0 1 1 0 1 
0 0 0 0 0 
0 0 0 0 0 
0 0 0 0 0 

Solution nr. 124
1 0 0 1 1 
0 1 1 0 0 
0 0 0 0 0 
0 0 0 0 0 
0 0 0 0 0 

Solution nr. 125
1 0 0 1 1 
0 1 0 1 1 
0 0 1 1 1 
0 0 0 0 0 
0 0 0 0 0 

Solution nr. 126
1 0 0 1 1 
0 1 0 1 1 
0 0 1 1 0 
0 0 0 0 0 
0 0 0 0 0 

Solution nr. 127
1 0 0 1 1 
0 1 0 1 1 
0 0 1 0 1 
0 0 0 0 0 
0 0 0 0 0 

Solution nr. 128
1 0 0 1 1 
0 1 0 1 1 
0 0 1 0 0 
0 0 0 0 0 
0 0 0 0 0 

Solution nr. 129
1 0 0 1 1 
0 1 0 1 1 
0 0 0 0 0 
0 0 0 0 0 
0 0 0 0 0 

Solution nr. 130
1 0 0 1 1 
0 1 0 1 0 
0 0 1 1 1 
0 0 0 0 0 
0 0 0 0 0 

Solution nr. 131
1 0 0 1 1 
0 1 0 1 0 
0 0 1 1 0 
0 0 0 0 0 
0 0 0 0 0 

Solution nr. 132
1 0 0 1 1 
0 1 0 1 0 
0 0 1 0 1 
0 0 0 0 0 
0 0 0 0 0 

Solution nr. 133
1 0 0 1 1 
0 1 0 1 0 
0 0 1 0 0 
0 0 0 0 0 
0 0 0 0 0 

Solution nr. 134
1 0 0 1 1 
0 1 0 1 0 
0 0 0 0 0 
0 0 0 0 0 
0 0 0 0 0 

Solution nr. 135
1 0 0 1 1 
0 1 0 0 1 
0 0 1 1 1 
0 0 0 0 0 
0 0 0 0 0 

Solution nr. 136
1 0 0 1 1 
0 1 0 0 1 
0 0 1 1 0 
0 0 0 0 0 
0 0 0 0 0 

Solution nr. 137
1 0 0 1 1 
0 1 0 0 1 
0 0 1 0 1 
0 0 0 0 0 
0 0 0 0 0 

Solution nr. 138
1 0 0 1 1 
0 1 0 0 1 
0 0 1 0 0 
0 0 0 0 0 
0 0 0 0 0 

Solution nr. 139
1 0 0 1 1 
0 1 0 0 1 
0 0 0 0 0 
0 0 0 0 0 
0 0 0 0 0 

Solution nr. 140
1 0 0 1 1 
0 1 0 0 0 
0 0 1 1 1 
0 0 0 0 0 
0 0 0 0 0 

Solution nr. 141
1 0 0 1 1 
0 1 0 0 0 
0 0 1 1 0 
0 0 0 0 0 
0 0 0 0 0 

Solution nr. 142
1 0 0 1 1 
0 1 0 0 0 
0 0 1 0 1 
0 0 0 0 0 
0 0 0 0 0 

Solution nr. 143
1 0 0 1 1 
0 1 0 0 0 
0 0 1 0 0 
0 0 0 0 0 
0 0 0 0 0 

Solution nr. 144
1 0 0 1 1 
0 1 0 0 0 
0 0 0 0 0 
0 0 0 0 0 
0 0 0 0 0 

Solution nr. 145
1 0 0 1 1 
0 0 1 1 1 
0 0 0 0 0 
0 0 0 0 0 
0 0 0 0 0 

Solution nr. 146
1 0 0 1 1 
0 0 1 1 0 
0 0 0 0 0 
0 0 0 0 0 
0 0 0 0 0 

Solution nr. 147
1 0 0 1 1 
0 0 1 0 1 
0 0 0 0 0 
0 0 0 0 0 
0 0 0 0 0 

Solution nr. 148
1 0 0 1 1 
0 0 1 0 0 
0 0 0 0 0 
0 0 0 0 0 
0 0 0 0 0 

Solution nr. 149
1 0 0 1 1 
0 0 0 0 0 
0 0 0 0 0 
0 0 0 0 0 
0 0 0 0 0 

Solution nr. 150
1 0 0 1 0 
0 1 1 1 1 
0 0 0 0 0 
0 0 0 0 0 
0 0 0 0 0 

Solution nr. 151
1 0 0 1 0 
0 1 1 1 0 
0 0 0 0 1 
0 0 0 0 0 
0 0 0 0 0 

Solution nr. 152
1 0 0 1 0 
0 1 1 1 0 
0 0 0 0 0 
0 0 0 0 0 
0 0 0 0 0 

Solution nr. 153
1 0 0 1 0 
0 1 1 0 1 
0 0 0 0 0 
0 0 0 0 0 
0 0 0 0 0 

Solution nr. 154
1 0 0 1 0 
0 1 1 0 0 
0 0 0 0 1 
0 0 0 0 0 
0 0 0 0 0 

Solution nr. 155
1 0 0 1 0 
0 1 1 0 0 
0 0 0 0 0 
0 0 0 0 0 
0 0 0 0 0 

Solution nr. 156
1 0 0 1 0 
0 1 0 1 1 
0 0 1 1 1 
0 0 0 0 0 
0 0 0 0 0 

Solution nr. 157
1 0 0 1 0 
0 1 0 1 1 
0 0 1 1 0 
0 0 0 0 0 
0 0 0 0 0 

Solution nr. 158
1 0 0 1 0 
0 1 0 1 1 
0 0 1 0 1 
0 0 0 0 0 
0 0 0 0 0 

Solution nr. 159
1 0 0 1 0 
0 1 0 1 1 
0 0 1 0 0 
0 0 0 0 0 
0 0 0 0 0 

Solution nr. 160
1 0 0 1 0 
0 1 0 1 1 
0 0 0 0 0 
0 0 0 0 0 
0 0 0 0 0 

Solution nr. 161
1 0 0 1 0 
0 1 0 1 0 
0 0 1 1 1 
0 0 0 0 0 
0 0 0 0 0 

Solution nr. 162
1 0 0 1 0 
0 1 0 1 0 
0 0 1 1 0 
0 0 0 0 1 
0 0 0 0 0 

Solution nr. 163
1 0 0 1 0 
0 1 0 1 0 
0 0 1 1 0 
0 0 0 0 0 
0 0 0 0 0 

Solution nr. 164
1 0 0 1 0 
0 1 0 1 0 
0 0 1 0 1 
0 0 0 0 0 
0 0 0 0 0 

Solution nr. 165
1 0 0 1 0 
0 1 0 1 0 
0 0 1 0 0 
0 0 0 0 1 
0 0 0 0 0 

Solution nr. 166
1 0 0 1 0 
0 1 0 1 0 
0 0 1 0 0 
0 0 0 0 0 
0 0 0 0 0 

Solution nr. 167
1 0 0 1 0 
0 1 0 1 0 
0 0 0 0 1 
0 0 0 0 0 
0 0 0 0 0 

Solution nr. 168
1 0 0 1 0 
0 1 0 1 0 
0 0 0 0 0 
0 0 0 0 0 
0 0 0 0 0 

Solution nr. 169
1 0 0 1 0 
0 1 0 0 1 
0 0 1 1 1 
0 0 0 0 0 
0 0 0 0 0 

Solution nr. 170
1 0 0 1 0 
0 1 0 0 1 
0 0 1 1 0 
0 0 0 0 0 
0 0 0 0 0 

Solution nr. 171
1 0 0 1 0 
0 1 0 0 1 
0 0 1 0 1 
0 0 0 0 0 
0 0 0 0 0 

Solution nr. 172
1 0 0 1 0 
0 1 0 0 1 
0 0 1 0 0 
0 0 0 0 0 
0 0 0 0 0 

Solution nr. 173
1 0 0 1 0 
0 1 0 0 1 
0 0 0 0 0 
0 0 0 0 0 
0 0 0 0 0 

Solution nr. 174
1 0 0 1 0 
0 1 0 0 0 
0 0 1 1 1 
0 0 0 0 0 
0 0 0 0 0 

Solution nr. 175
1 0 0 1 0 
0 1 0 0 0 
0 0 1 1 0 
0 0 0 0 1 
0 0 0 0 0 

Solution nr. 176
1 0 0 1 0 
0 1 0 0 0 
0 0 1 1 0 
0 0 0 0 0 
0 0 0 0 0 

Solution nr. 177
1 0 0 1 0 
0 1 0 0 0 
0 0 1 0 1 
0 0 0 0 0 
0 0 0 0 0 

Solution nr. 178
1 0 0 1 0 
0 1 0 0 0 
0 0 1 0 0 
0 0 0 0 1 
0 0 0 0 0 

Solution nr. 179
1 0 0 1 0 
0 1 0 0 0 
0 0 1 0 0 
0 0 0 0 0 
0 0 0 0 0 

Solution nr. 180
1 0 0 1 0 
0 1 0 0 0 
0 0 0 0 1 
0 0 0 0 0 
0 0 0 0 0 

Solution nr. 181
1 0 0 1 0 
0 1 0 0 0 
0 0 0 0 0 
0 0 0 0 0 
0 0 0 0 0 

Solution nr. 182
1 0 0 1 0 
0 0 1 1 1 
0 0 0 0 0 
0 0 0 0 0 
0 0 0 0 0 

Solution nr. 183
1 0 0 1 0 
0 0 1 1 0 
0 0 0 0 1 
0 0 0 0 0 
0 0 0 0 0 

Solution nr. 184
1 0 0 1 0 
0 0 1 1 0 
0 0 0 0 0 
0 0 0 0 0 
0 0 0 0 0 

Solution nr. 185
1 0 0 1 0 
0 0 1 0 1 
0 0 0 0 0 
0 0 0 0 0 
0 0 0 0 0 

Solution nr. 186
1 0 0 1 0 
0 0 1 0 0 
0 0 0 0 1 
0 0 0 0 0 
0 0 0 0 0 

Solution nr. 187
1 0 0 1 0 
0 0 1 0 0 
0 0 0 0 0 
0 0 0 0 0 
0 0 0 0 0 

Solution nr. 188
1 0 0 1 0 
0 0 0 0 1 
0 0 0 0 0 
0 0 0 0 0 
0 0 0 0 0 

Solution nr. 189
1 0 0 1 0 
0 0 0 0 0 
0 0 0 0 0 
0 0 0 0 0 
0 0 0 0 0 

Solution nr. 190
1 0 0 0 1 
0 1 1 1 1 
0 0 0 0 0 
0 0 0 0 0 
0 0 0 0 0 

Solution nr. 191
1 0 0 0 1 
0 1 1 1 0 
0 0 0 0 0 
0 0 0 0 0 
0 0 0 0 0 

Solution nr. 192
1 0 0 0 1 
0 1 1 0 1 
0 0 0 1 1 
0 0 0 0 0 
0 0 0 0 0 

Solution nr. 193
1 0 0 0 1 
0 1 1 0 1 
0 0 0 1 0 
0 0 0 0 0 
0 0 0 0 0 

Solution nr. 194
1 0 0 0 1 
0 1 1 0 1 
0 0 0 0 0 
0 0 0 0 0 
0 0 0 0 0 

Solution nr. 195
1 0 0 0 1 
0 1 1 0 0 
0 0 0 1 1 
0 0 0 0 0 
0 0 0 0 0 

Solution nr. 196
1 0 0 0 1 
0 1 1 0 0 
0 0 0 1 0 
0 0 0 0 0 
0 0 0 0 0 

Solution nr. 197
1 0 0 0 1 
0 1 1 0 0 
0 0 0 0 0 
0 0 0 0 0 
0 0 0 0 0 

Solution nr. 198
1 0 0 0 1 
0 1 0 1 1 
0 0 1 1 1 
0 0 0 0 0 
0 0 0 0 0 

Solution nr. 199
1 0 0 0 1 
0 1 0 1 1 
0 0 1 1 0 
0 0 0 0 0 
0 0 0 0 0 

Solution nr. 200
1 0 0 0 1 
0 1 0 1 1 
0 0 1 0 1 
0 0 0 0 0 
0 0 0 0 0 

Solution nr. 201
1 0 0 0 1 
0 1 0 1 1 
0 0 1 0 0 
0 0 0 0 0 
0 0 0 0 0 

Solution nr. 202
1 0 0 0 1 
0 1 0 1 1 
0 0 0 0 0 
0 0 0 0 0 
0 0 0 0 0 

Solution nr. 203
1 0 0 0 1 
0 1 0 1 0 
0 0 1 1 1 
0 0 0 0 0 
0 0 0 0 0 

Solution nr. 204
1 0 0 0 1 
0 1 0 1 0 
0 0 1 1 0 
0 0 0 0 0 
0 0 0 0 0 

Solution nr. 205
1 0 0 0 1 
0 1 0 1 0 
0 0 1 0 1 
0 0 0 0 0 
0 0 0 0 0 

Solution nr. 206
1 0 0 0 1 
0 1 0 1 0 
0 0 1 0 0 
0 0 0 0 0 
0 0 0 0 0 

Solution nr. 207
1 0 0 0 1 
0 1 0 1 0 
0 0 0 0 0 
0 0 0 0 0 
0 0 0 0 0 

Solution nr. 208
1 0 0 0 1 
0 1 0 0 1 
0 0 1 1 1 
0 0 0 0 0 
0 0 0 0 0 

Solution nr. 209
1 0 0 0 1 
0 1 0 0 1 
0 0 1 1 0 
0 0 0 0 0 
0 0 0 0 0 

Solution nr. 210
1 0 0 0 1 
0 1 0 0 1 
0 0 1 0 1 
0 0 0 1 1 
0 0 0 0 0 

Solution nr. 211
1 0 0 0 1 
0 1 0 0 1 
0 0 1 0 1 
0 0 0 1 0 
0 0 0 0 0 

Solution nr. 212
1 0 0 0 1 
0 1 0 0 1 
0 0 1 0 1 
0 0 0 0 0 
0 0 0 0 0 

Solution nr. 213
1 0 0 0 1 
0 1 0 0 1 
0 0 1 0 0 
0 0 0 1 1 
0 0 0 0 0 

Solution nr. 214
1 0 0 0 1 
0 1 0 0 1 
0 0 1 0 0 
0 0 0 1 0 
0 0 0 0 0 

Solution nr. 215
1 0 0 0 1 
0 1 0 0 1 
0 0 1 0 0 
0 0 0 0 0 
0 0 0 0 0 

Solution nr. 216
1 0 0 0 1 
0 1 0 0 1 
0 0 0 1 1 
0 0 0 0 0 
0 0 0 0 0 

Solution nr. 217
1 0 0 0 1 
0 1 0 0 1 
0 0 0 1 0 
0 0 0 0 0 
0 0 0 0 0 

Solution nr. 218
1 0 0 0 1 
0 1 0 0 1 
0 0 0 0 0 
0 0 0 0 0 
0 0 0 0 0 

Solution nr. 219
1 0 0 0 1 
0 1 0 0 0 
0 0 1 1 1 
0 0 0 0 0 
0 0 0 0 0 

Solution nr. 220
1 0 0 0 1 
0 1 0 0 0 
0 0 1 1 0 
0 0 0 0 0 
0 0 0 0 0 

Solution nr. 221
1 0 0 0 1 
0 1 0 0 0 
0 0 1 0 1 
0 0 0 1 1 
0 0 0 0 0 

Solution nr. 222
1 0 0 0 1 
0 1 0 0 0 
0 0 1 0 1 
0 0 0 1 0 
0 0 0 0 0 

Solution nr. 223
1 0 0 0 1 
0 1 0 0 0 
0 0 1 0 1 
0 0 0 0 0 
0 0 0 0 0 

Solution nr. 224
1 0 0 0 1 
0 1 0 0 0 
0 0 1 0 0 
0 0 0 1 1 
0 0 0 0 0 

Solution nr. 225
1 0 0 0 1 
0 1 0 0 0 
0 0 1 0 0 
0 0 0 1 0 
0 0 0 0 0 

Solution nr. 226
1 0 0 0 1 
0 1 0 0 0 
0 0 1 0 0 
0 0 0 0 0 
0 0 0 0 0 

Solution nr. 227
1 0 0 0 1 
0 1 0 0 0 
0 0 0 1 1 
0 0 0 0 0 
0 0 0 0 0 

Solution nr. 228
1 0 0 0 1 
0 1 0 0 0 
0 0 0 1 0 
0 0 0 0 0 
0 0 0 0 0 

Solution nr. 229
1 0 0 0 1 
0 1 0 0 0 
0 0 0 0 0 
0 0 0 0 0 
0 0 0 0 0 

Solution nr. 230
1 0 0 0 1 
0 0 1 1 1 
0 0 0 0 0 
0 0 0 0 0 
0 0 0 0 0 

Solution nr. 231
1 0 0 0 1 
0 0 1 1 0 
0 0 0 0 0 
0 0 0 0 0 
0 0 0 0 0 

Solution nr. 232
1 0 0 0 1 
0 0 1 0 1 
0 0 0 1 1 
0 0 0 0 0 
0 0 0 0 0 

Solution nr. 233
1 0 0 0 1 
0 0 1 0 1 
0 0 0 1 0 
0 0 0 0 0 
0 0 0 0 0 

Solution nr. 234
1 0 0 0 1 
0 0 1 0 1 
0 0 0 0 0 
0 0 0 0 0 
0 0 0 0 0 

Solution nr. 235
1 0 0 0 1 
0 0 1 0 0 
0 0 0 1 1 
0 0 0 0 0 
0 0 0 0 0 

Solution nr. 236
1 0 0 0 1 
0 0 1 0 0 
0 0 0 1 0 
0 0 0 0 0 
0 0 0 0 0 

Solution nr. 237
1 0 0 0 1 
0 0 1 0 0 
0 0 0 0 0 
0 0 0 0 0 
0 0 0 0 0 

Solution nr. 238
1 0 0 0 1 
0 0 0 1 1 
0 0 0 0 0 
0 0 0 0 0 
0 0 0 0 0 

Solution nr. 239
1 0 0 0 1 
0 0 0 1 0 
0 0 0 0 0 
0 0 0 0 0 
0 0 0 0 0 

Solution nr. 240
1 0 0 0 1 
0 0 0 0 0 
0 0 0 0 0 
0 0 0 0 0 
0 0 0 0 0 

Solution nr. 241
1 0 0 0 0 
0 1 1 1 1 
0 0 0 0 0 
0 0 0 0 0 
0 0 0 0 0 

Solution nr. 242
1 0 0 0 0 
0 1 1 1 0 
0 0 0 0 1 
0 0 0 0 0 
0 0 0 0 0 

Solution nr. 243
1 0 0 0 0 
0 1 1 1 0 
0 0 0 0 0 
0 0 0 0 0 
0 0 0 0 0 

Solution nr. 244
1 0 0 0 0 
0 1 1 0 1 
0 0 0 1 1 
0 0 0 0 0 
0 0 0 0 0 

Solution nr. 245
1 0 0 0 0 
0 1 1 0 1 
0 0 0 1 0 
0 0 0 0 0 
0 0 0 0 0 

Solution nr. 246
1 0 0 0 0 
0 1 1 0 1 
0 0 0 0 0 
0 0 0 0 0 
0 0 0 0 0 

Solution nr. 247
1 0 0 0 0 
0 1 1 0 0 
0 0 0 1 1 
0 0 0 0 0 
0 0 0 0 0 

Solution nr. 248
1 0 0 0 0 
0 1 1 0 0 
0 0 0 1 0 
0 0 0 0 1 
0 0 0 0 0 

Solution nr. 249
1 0 0 0 0 
0 1 1 0 0 
0 0 0 1 0 
0 0 0 0 0 
0 0 0 0 0 

Solution nr. 250
1 0 0 0 0 
0 1 1 0 0 
0 0 0 0 1 
0 0 0 0 0 
0 0 0 0 0 

Solution nr. 251
1 0 0 0 0 
0 1 1 0 0 
0 0 0 0 0 
0 0 0 0 0 
0 0 0 0 0 

Solution nr. 252
1 0 0 0 0 
0 1 0 1 1 
0 0 1 1 1 
0 0 0 0 0 
0 0 0 0 0 

Solution nr. 253
1 0 0 0 0 
0 1 0 1 1 
0 0 1 1 0 
0 0 0 0 0 
0 0 0 0 0 

Solution nr. 254
1 0 0 0 0 
0 1 0 1 1 
0 0 1 0 1 
0 0 0 0 0 
0 0 0 0 0 

Solution nr. 255
1 0 0 0 0 
0 1 0 1 1 
0 0 1 0 0 
0 0 0 0 0 
0 0 0 0 0 

Solution nr. 256
1 0 0 0 0 
0 1 0 1 1 
0 0 0 0 0 
0 0 0 0 0 
0 0 0 0 0 

Solution nr. 257
1 0 0 0 0 
0 1 0 1 0 
0 0 1 1 1 
0 0 0 0 0 
0 0 0 0 0 

Solution nr. 258
1 0 0 0 0 
0 1 0 1 0 
0 0 1 1 0 
0 0 0 0 1 
0 0 0 0 0 

Solution nr. 259
1 0 0 0 0 
0 1 0 1 0 
0 0 1 1 0 
0 0 0 0 0 
0 0 0 0 0 

Solution nr. 260
1 0 0 0 0 
0 1 0 1 0 
0 0 1 0 1 
0 0 0 0 0 
0 0 0 0 0 

Solution nr. 261
1 0 0 0 0 
0 1 0 1 0 
0 0 1 0 0 
0 0 0 0 1 
0 0 0 0 0 

Solution nr. 262
1 0 0 0 0 
0 1 0 1 0 
0 0 1 0 0 
0 0 0 0 0 
0 0 0 0 0 

Solution nr. 263
1 0 0 0 0 
0 1 0 1 0 
0 0 0 0 1 
0 0 0 0 0 
0 0 0 0 0 

Solution nr. 264
1 0 0 0 0 
0 1 0 1 0 
0 0 0 0 0 
0 0 0 0 0 
0 0 0 0 0 

Solution nr. 265
1 0 0 0 0 
0 1 0 0 1 
0 0 1 1 1 
0 0 0 0 0 
0 0 0 0 0 

Solution nr. 266
1 0 0 0 0 
0 1 0 0 1 
0 0 1 1 0 
0 0 0 0 0 
0 0 0 0 0 

Solution nr. 267
1 0 0 0 0 
0 1 0 0 1 
0 0 1 0 1 
0 0 0 1 1 
0 0 0 0 0 

Solution nr. 268
1 0 0 0 0 
0 1 0 0 1 
0 0 1 0 1 
0 0 0 1 0 
0 0 0 0 0 

Solution nr. 269
1 0 0 0 0 
0 1 0 0 1 
0 0 1 0 1 
0 0 0 0 0 
0 0 0 0 0 

Solution nr. 270
1 0 0 0 0 
0 1 0 0 1 
0 0 1 0 0 
0 0 0 1 1 
0 0 0 0 0 

Solution nr. 271
1 0 0 0 0 
0 1 0 0 1 
0 0 1 0 0 
0 0 0 1 0 
0 0 0 0 0 

Solution nr. 272
1 0 0 0 0 
0 1 0 0 1 
0 0 1 0 0 
0 0 0 0 0 
0 0 0 0 0 

Solution nr. 273
1 0 0 0 0 
0 1 0 0 1 
0 0 0 1 1 
0 0 0 0 0 
0 0 0 0 0 

Solution nr. 274
1 0 0 0 0 
0 1 0 0 1 
0 0 0 1 0 
0 0 0 0 0 
0 0 0 0 0 

Solution nr. 275
1 0 0 0 0 
0 1 0 0 1 
0 0 0 0 0 
0 0 0 0 0 
0 0 0 0 0 

Solution nr. 276
1 0 0 0 0 
0 1 0 0 0 
0 0 1 1 1 
0 0 0 0 0 
0 0 0 0 0 

Solution nr. 277
1 0 0 0 0 
0 1 0 0 0 
0 0 1 1 0 
0 0 0 0 1 
0 0 0 0 0 

Solution nr. 278
1 0 0 0 0 
0 1 0 0 0 
0 0 1 1 0 
0 0 0 0 0 
0 0 0 0 0 

Solution nr. 279
1 0 0 0 0 
0 1 0 0 0 
0 0 1 0 1 
0 0 0 1 1 
0 0 0 0 0 

Solution nr. 280
1 0 0 0 0 
0 1 0 0 0 
0 0 1 0 1 
0 0 0 1 0 
0 0 0 0 0 

Solution nr. 281
1 0 0 0 0 
0 1 0 0 0 
0 0 1 0 1 
0 0 0 0 0 
0 0 0 0 0 

Solution nr. 282
1 0 0 0 0 
0 1 0 0 0 
0 0 1 0 0 
0 0 0 1 1 
0 0 0 0 0 

Solution nr. 283
1 0 0 0 0 
0 1 0 0 0 
0 0 1 0 0 
0 0 0 1 0 
0 0 0 0 1 

Solution nr. 284
1 0 0 0 0 
0 1 0 0 0 
0 0 1 0 0 
0 0 0 1 0 
0 0 0 0 0 

Solution nr. 285
1 0 0 0 0 
0 1 0 0 0 
0 0 1 0 0 
0 0 0 0 1 
0 0 0 0 0 

Solution nr. 286
1 0 0 0 0 
0 1 0 0 0 
0 0 1 0 0 
0 0 0 0 0 
0 0 0 0 0 

Solution nr. 287
1 0 0 0 0 
0 1 0 0 0 
0 0 0 1 1 
0 0 0 0 0 
0 0 0 0 0 

Solution nr. 288
1 0 0 0 0 
0 1 0 0 0 
0 0 0 1 0 
0 0 0 0 1 
0 0 0 0 0 

Solution nr. 289
1 0 0 0 0 
0 1 0 0 0 
0 0 0 1 0 
0 0 0 0 0 
0 0 0 0 0 

Solution nr. 290
1 0 0 0 0 
0 1 0 0 0 
0 0 0 0 1 
0 0 0 0 0 
0 0 0 0 0 

Solution nr. 291
1 0 0 0 0 
0 1 0 0 0 
0 0 0 0 0 
0 0 0 0 0 
0 0 0 0 0 

Solution nr. 292
1 0 0 0 0 
0 0 1 1 1 
0 0 0 0 0 
0 0 0 0 0 
0 0 0 0 0 

Solution nr. 293
1 0 0 0 0 
0 0 1 1 0 
0 0 0 0 1 
0 0 0 0 0 
0 0 0 0 0 

Solution nr. 294
1 0 0 0 0 
0 0 1 1 0 
0 0 0 0 0 
0 0 0 0 0 
0 0 0 0 0 

Solution nr. 295
1 0 0 0 0 
0 0 1 0 1 
0 0 0 1 1 
0 0 0 0 0 
0 0 0 0 0 

Solution nr. 296
1 0 0 0 0 
0 0 1 0 1 
0 0 0 1 0 
0 0 0 0 0 
0 0 0 0 0 

Solution nr. 297
1 0 0 0 0 
0 0 1 0 1 
0 0 0 0 0 
0 0 0 0 0 
0 0 0 0 0 

Solution nr. 298
1 0 0 0 0 
0 0 1 0 0 
0 0 0 1 1 
0 0 0 0 0 
0 0 0 0 0 

Solution nr. 299
1 0 0 0 0 
0 0 1 0 0 
0 0 0 1 0 
0 0 0 0 1 
0 0 0 0 0 

Solution nr. 300
1 0 0 0 0 
0 0 1 0 0 
0 0 0 1 0 
0 0 0 0 0 
0 0 0 0 0 

Solution nr. 301
1 0 0 0 0 
0 0 1 0 0 
0 0 0 0 1 
0 0 0 0 0 
0 0 0 0 0 

Solution nr. 302
1 0 0 0 0 
0 0 1 0 0 
0 0 0 0 0 
0 0 0 0 0 
0 0 0 0 0 

Solution nr. 303
1 0 0 0 0 
0 0 0 1 1 
0 0 0 0 0 
0 0 0 0 0 
0 0 0 0 0 

Solution nr. 304
1 0 0 0 0 
0 0 0 1 0 
0 0 0 0 1 
0 0 0 0 0 
0 0 0 0 0 

Solution nr. 305
1 0 0 0 0 
0 0 0 1 0 
0 0 0 0 0 
0 0 0 0 0 
0 0 0 0 0 

Solution nr. 306
1 0 0 0 0 
0 0 0 0 1 
0 0 0 0 0 
0 0 0 0 0 
0 0 0 0 0 

Solution nr. 307
1 0 0 0 0 
0 0 0 0 0 
0 0 0 0 0 
0 0 0 0 0 
0 0 0 0 0 

Solution nr. 308
0 1 1 1 1 
0 0 0 0 0 
0 0 0 0 0 
0 0 0 0 0 
0 0 0 0 0 

Solution nr. 309
0 1 1 1 0 
0 0 0 0 1 
0 0 0 0 0 
0 0 0 0 0 
0 0 0 0 0 

Solution nr. 310
0 1 1 1 0 
0 0 0 0 0 
0 0 0 0 0 
0 0 0 0 0 
0 0 0 0 0 

Solution nr. 311
0 1 1 0 1 
0 0 0 1 1 
0 0 0 0 0 
0 0 0 0 0 
0 0 0 0 0 

Solution nr. 312
0 1 1 0 1 
0 0 0 1 0 
0 0 0 0 0 
0 0 0 0 0 
0 0 0 0 0 

Solution nr. 313
0 1 1 0 1 
0 0 0 0 0 
0 0 0 0 0 
0 0 0 0 0 
0 0 0 0 0 

Solution nr. 314
0 1 1 0 0 
0 0 0 1 1 
0 0 0 0 0 
0 0 0 0 0 
0 0 0 0 0 

Solution nr. 315
0 1 1 0 0 
0 0 0 1 0 
0 0 0 0 1 
0 0 0 0 0 
0 0 0 0 0 

Solution nr. 316
0 1 1 0 0 
0 0 0 1 0 
0 0 0 0 0 
0 0 0 0 0 
0 0 0 0 0 

Solution nr. 317
0 1 1 0 0 
0 0 0 0 1 
0 0 0 0 0 
0 0 0 0 0 
0 0 0 0 0 

Solution nr. 318
0 1 1 0 0 
0 0 0 0 0 
0 0 0 0 0 
0 0 0 0 0 
0 0 0 0 0 

Solution nr. 319
0 1 0 1 1 
0 0 1 1 1 
0 0 0 0 0 
0 0 0 0 0 
0 0 0 0 0 

Solution nr. 320
0 1 0 1 1 
0 0 1 1 0 
0 0 0 0 0 
0 0 0 0 0 
0 0 0 0 0 

Solution nr. 321
0 1 0 1 1 
0 0 1 0 1 
0 0 0 0 0 
0 0 0 0 0 
0 0 0 0 0 

Solution nr. 322
0 1 0 1 1 
0 0 1 0 0 
0 0 0 0 0 
0 0 0 0 0 
0 0 0 0 0 

Solution nr. 323
0 1 0 1 1 
0 0 0 0 0 
0 0 0 0 0 
0 0 0 0 0 
0 0 0 0 0 

Solution nr. 324
0 1 0 1 0 
0 0 1 1 1 
0 0 0 0 0 
0 0 0 0 0 
0 0 0 0 0 

Solution nr. 325
0 1 0 1 0 
0 0 1 1 0 
0 0 0 0 1 
0 0 0 0 0 
0 0 0 0 0 

Solution nr. 326
0 1 0 1 0 
0 0 1 1 0 
0 0 0 0 0 
0 0 0 0 0 
0 0 0 0 0 

Solution nr. 327
0 1 0 1 0 
0 0 1 0 1 
0 0 0 0 0 
0 0 0 0 0 
0 0 0 0 0 

Solution nr. 328
0 1 0 1 0 
0 0 1 0 0 
0 0 0 0 1 
0 0 0 0 0 
0 0 0 0 0 

Solution nr. 329
0 1 0 1 0 
0 0 1 0 0 
0 0 0 0 0 
0 0 0 0 0 
0 0 0 0 0 

Solution nr. 330
0 1 0 1 0 
0 0 0 0 1 
0 0 0 0 0 
0 0 0 0 0 
0 0 0 0 0 

Solution nr. 331
0 1 0 1 0 
0 0 0 0 0 
0 0 0 0 0 
0 0 0 0 0 
0 0 0 0 0 

Solution nr. 332
0 1 0 0 1 
0 0 1 1 1 
0 0 0 0 0 
0 0 0 0 0 
0 0 0 0 0 

Solution nr. 333
0 1 0 0 1 
0 0 1 1 0 
0 0 0 0 0 
0 0 0 0 0 
0 0 0 0 0 

Solution nr. 334
0 1 0 0 1 
0 0 1 0 1 
0 0 0 1 1 
0 0 0 0 0 
0 0 0 0 0 

Solution nr. 335
0 1 0 0 1 
0 0 1 0 1 
0 0 0 1 0 
0 0 0 0 0 
0 0 0 0 0 

Solution nr. 336
0 1 0 0 1 
0 0 1 0 1 
0 0 0 0 0 
0 0 0 0 0 
0 0 0 0 0 

Solution nr. 337
0 1 0 0 1 
0 0 1 0 0 
0 0 0 1 1 
0 0 0 0 0 
0 0 0 0 0 

Solution nr. 338
0 1 0 0 1 
0 0 1 0 0 
0 0 0 1 0 
0 0 0 0 0 
0 0 0 0 0 

Solution nr. 339
0 1 0 0 1 
0 0 1 0 0 
0 0 0 0 0 
0 0 0 0 0 
0 0 0 0 0 

Solution nr. 340
0 1 0 0 1 
0 0 0 1 1 
0 0 0 0 0 
0 0 0 0 0 
0 0 0 0 0 

Solution nr. 341
0 1 0 0 1 
0 0 0 1 0 
0 0 0 0 0 
0 0 0 0 0 
0 0 0 0 0 

Solution nr. 342
0 1 0 0 1 
0 0 0 0 0 
0 0 0 0 0 
0 0 0 0 0 
0 0 0 0 0 

Solution nr. 343
0 1 0 0 0 
0 0 1 1 1 
0 0 0 0 0 
0 0 0 0 0 
0 0 0 0 0 

Solution nr. 344
0 1 0 0 0 
0 0 1 1 0 
0 0 0 0 1 
0 0 0 0 0 
0 0 0 0 0 

Solution nr. 345
0 1 0 0 0 
0 0 1 1 0 
0 0 0 0 0 
0 0 0 0 0 
0 0 0 0 0 

Solution nr. 346
0 1 0 0 0 
0 0 1 0 1 
0 0 0 1 1 
0 0 0 0 0 
0 0 0 0 0 

Solution nr. 347
0 1 0 0 0 
0 0 1 0 1 
0 0 0 1 0 
0 0 0 0 0 
0 0 0 0 0 

Solution nr. 348
0 1 0 0 0 
0 0 1 0 1 
0 0 0 0 0 
0 0 0 0 0 
0 0 0 0 0 

Solution nr. 349
0 1 0 0 0 
0 0 1 0 0 
0 0 0 1 1 
0 0 0 0 0 
0 0 0 0 0 

Solution nr. 350
0 1 0 0 0 
0 0 1 0 0 
0 0 0 1 0 
0 0 0 0 1 
0 0 0 0 0 

Solution nr. 351
0 1 0 0 0 
0 0 1 0 0 
0 0 0 1 0 
0 0 0 0 0 
0 0 0 0 0 

Solution nr. 352
0 1 0 0 0 
0 0 1 0 0 
0 0 0 0 1 
0 0 0 0 0 
0 0 0 0 0 

Solution nr. 353
0 1 0 0 0 
0 0 1 0 0 
0 0 0 0 0 
0 0 0 0 0 
0 0 0 0 0 

Solution nr. 354
0 1 0 0 0 
0 0 0 1 1 
0 0 0 0 0 
0 0 0 0 0 
0 0 0 0 0 

Solution nr. 355
0 1 0 0 0 
0 0 0 1 0 
0 0 0 0 1 
0 0 0 0 0 
0 0 0 0 0 

Solution nr. 356
0 1 0 0 0 
0 0 0 1 0 
0 0 0 0 0 
0 0 0 0 0 
0 0 0 0 0 

Solution nr. 357
0 1 0 0 0 
0 0 0 0 1 
0 0 0 0 0 
0 0 0 0 0 
0 0 0 0 0 

Solution nr. 358
0 1 0 0 0 
0 0 0 0 0 
0 0 0 0 0 
0 0 0 0 0 
0 0 0 0 0 

Solution nr. 359
0 0 1 1 1 
0 0 0 0 0 
0 0 0 0 0 
0 0 0 0 0 
0 0 0 0 0 

Solution nr. 360
0 0 1 1 0 
0 0 0 0 1 
0 0 0 0 0 
0 0 0 0 0 
0 0 0 0 0 

Solution nr. 361
0 0 1 1 0 
0 0 0 0 0 
0 0 0 0 0 
0 0 0 0 0 
0 0 0 0 0 

Solution nr. 362
0 0 1 0 1 
0 0 0 1 1 
0 0 0 0 0 
0 0 0 0 0 
0 0 0 0 0 

Solution nr. 363
0 0 1 0 1 
0 0 0 1 0 
0 0 0 0 0 
0 0 0 0 0 
0 0 0 0 0 

Solution nr. 364
0 0 1 0 1 
0 0 0 0 0 
0 0 0 0 0 
0 0 0 0 0 
0 0 0 0 0 

Solution nr. 365
0 0 1 0 0 
0 0 0 1 1 
0 0 0 0 0 
0 0 0 0 0 
0 0 0 0 0 

Solution nr. 366
0 0 1 0 0 
0 0 0 1 0 
0 0 0 0 1 
0 0 0 0 0 
0 0 0 0 0 

Solution nr. 367
0 0 1 0 0 
0 0 0 1 0 
0 0 0 0 0 
0 0 0 0 0 
0 0 0 0 0 

Solution nr. 368
0 0 1 0 0 
0 0 0 0 1 
0 0 0 0 0 
0 0 0 0 0 
0 0 0 0 0 

Solution nr. 369
0 0 1 0 0 
0 0 0 0 0 
0 0 0 0 0 
0 0 0 0 0 
0 0 0 0 0 

Solution nr. 370
0 0 0 1 1 
0 0 0 0 0 
0 0 0 0 0 
0 0 0 0 0 
0 0 0 0 0 

Solution nr. 371
0 0 0 1 0 
0 0 0 0 1 
0 0 0 0 0 
0 0 0 0 0 
0 0 0 0 0 

Solution nr. 372
0 0 0 1 0 
0 0 0 0 0 
0 0 0 0 0 
0 0 0 0 0 
0 0 0 0 0 

Solution nr. 373
0 0 0 0 1 
0 0 0 0 0 
0 0 0 0 0 
0 0 0 0 0 
0 0 0 0 0 

Solution nr. 374
0 0 0 0 0 
0 0 0 0 0 
0 0 0 0 0 
0 0 0 0 0 
0 0 0 0 0 

