The number of solutions is: 63
The number of generated solutions is: 63
Solution nr. 1
1 1 0 0 0 0 
0 0 1 0 0 0 
0 0 0 1 0 0 
0 0 0 0 1 0 
0 0 0 0 0 1 

Solution nr. 2
1 0 1 0 0 0 
0 1 1 0 0 0 
0 0 0 1 0 0 
0 0 0 0 1 0 
0 0 0 0 0 1 

Solution nr. 3
1 0 1 0 0 0 
0 1 0 0 0 0 
0 0 0 1 0 0 
0 0 0 0 1 0 
0 0 0 0 0 1 

Solution nr. 4
1 0 0 1 0 0 
0 1 0 1 0 0 
0 0 1 1 0 0 
0 0 0 0 1 0 
0 0 0 0 0 1 

Solution nr. 5
1 0 0 1 0 0 
0 1 0 1 0 0 
0 0 1 0 0 0 
0 0 0 0 1 0 
0 0 0 0 0 1 

Solution nr. 6
1 0 0 1 0 0 
0 1 0 0 0 0 
0 0 1 1 0 0 
0 0 0 0 1 0 
0 0 0 0 0 1 

Solution nr. 7
1 0 0 1 0 0 
0 1 0 0 0 0 
0 0 1 0 0 0 
0 0 0 0 1 0 
0 0 0 0 0 1 

Solution nr. 8
1 0 0 0 1 0 
0 1 0 0 1 0 
0 0 1 0 1 0 
0 0 0 1 1 0 
0 0 0 0 0 1 

Solution nr. 9
1 0 0 0 1 0 
0 1 0 0 1 0 
0 0 1 0 1 0 
0 0 0 1 0 0 
0 0 0 0 0 1 

Solution nr. 10
1 0 0 0 1 0 
0 1 0 0 1 0 
0 0 1 0 0 0 
0 0 0 1 1 0 
0 0 0 0 0 1 

Solution nr. 11
1 0 0 0 1 0 
0 1 0 0 1 0 
0 0 1 0 0 0 
0 0 0 1 0 0 
0 0 0 0 0 1 

Solution nr. 12
1 0 0 0 1 0 
0 1 0 0 0 0 
0 0 1 0 1 0 
0 0 0 1 1 0 
0 0 0 0 0 1 

Solution nr. 13
1 0 0 0 1 0 
0 1 0 0 0 0 
0 0 1 0 1 0 
0 0 0 1 0 0 
0 0 0 0 0 1 

Solution nr. 14
1 0 0 0 1 0 
0 1 0 0 0 0 
0 0 1 0 0 0 
0 0 0 1 1 0 
0 0 0 0 0 1 

Solution nr. 15
1 0 0 0 1 0 
0 1 0 0 0 0 
0 0 1 0 0 0 
0 0 0 1 0 0 
0 0 0 0 0 1 

Solution nr. 16
1 0 0 0 0 1 
0 1 0 0 0 1 
0 0 1 0 0 1 
0 0 0 1 0 1 
0 0 0 0 1 1 

Solution nr. 17
1 0 0 0 0 1 
0 1 0 0 0 1 
0 0 1 0 0 1 
0 0 0 1 0 1 
0 0 0 0 1 0 

Solution nr. 18
1 0 0 0 0 1 
0 1 0 0 0 1 
0 0 1 0 0 1 
0 0 0 1 0 0 
0 0 0 0 1 1 

Solution nr. 19
1 0 0 0 0 1 
0 1 0 0 0 1 
0 0 1 0 0 1 
0 0 0 1 0 0 
0 0 0 0 1 0 

Solution nr. 20
1 0 0 0 0 1 
0 1 0 0 0 1 
0 0 1 0 0 0 
0 0 0 1 0 1 
0 0 0 0 1 1 

Solution nr. 21
1 0 0 0 0 1 
0 1 0 0 0 1 
0 0 1 0 0 0 
0 0 0 1 0 1 
0 0 0 0 1 0 

Solution nr. 22
1 0 0 0 0 1 
0 1 0 0 0 1 
0 0 1 0 0 0 
0 0 0 1 0 0 
0 0 0 0 1 1 

Solution nr. 23
1 0 0 0 0 1 
0 1 0 0 0 1 
0 0 1 0 0 0 
0 0 0 1 0 0 
0 0 0 0 1 0 

Solution nr. 24
1 0 0 0 0 1 
0 1 0 0 0 0 
0 0 1 0 0 1 
0 0 0 1 0 1 
0 0 0 0 1 1 

Solution nr. 25
1 0 0 0 0 1 
0 1 0 0 0 0 
0 0 1 0 0 1 
0 0 0 1 0 1 
0 0 0 0 1 0 

Solution nr. 26
1 0 0 0 0 1 
0 1 0 0 0 0 
0 0 1 0 0 1 
0 0 0 1 0 0 
0 0 0 0 1 1 

Solution nr. 27
1 0 0 0 0 1 
0 1 0 0 0 0 
0 0 1 0 0 1 
0 0 0 1 0 0 
0 0 0 0 1 0 

Solution nr. 28
1 0 0 0 0 1 
0 1 0 0 0 0 
0 0 1 0 0 0 
0 0 0 1 0 1 
0 0 0 0 1 1 

Solution nr. 29
1 0 0 0 0 1 
0 1 0 0 0 0 
0 0 1 0 0 0 
0 0 0 1 0 1 
0 0 0 0 1 0 

Solution nr. 30
1 0 0 0 0 1 
0 1 0 0 0 0 
0 0 1 0 0 0 
0 0 0 1 0 0 
0 0 0 0 1 1 

Solution nr. 31
1 0 0 0 0 1 
0 1 0 0 0 0 
0 0 1 0 0 0 
0 0 0 1 0 0 
0 0 0 0 1 0 

Solution nr. 32
1 0 0 0 0 0 
0 1 1 0 0 0 
0 0 0 1 0 0 
0 0 0 0 1 0 
0 0 0 0 0 1 

Solution nr. 33
1 0 0 0 0 0 
0 1 0 1 0 0 
0 0 1 1 0 0 
0 0 0 0 1 0 
0 0 0 0 0 1 

Solution nr. 34
1 0 0 0 0 0 
0 1 0 1 0 0 
0 0 1 0 0 0 
0 0 0 0 1 0 
0 0 0 0 0 1 

Solution nr. 35
1 0 0 0 0 0 
0 1 0 0 1 0 
0 0 1 0 1 0 
0 0 0 1 1 0 
0 0 0 0 0 1 

Solution nr. 36
1 0 0 0 0 0 
0 1 0 0 1 0 
0 0 1 0 1 0 
0 0 0 1 0 0 
0 0 0 0 0 1 

Solution nr. 37
1 0 0 0 0 0 
0 1 0 0 1 0 
0 0 1 0 0 0 
0 0 0 1 1 0 
0 0 0 0 0 1 

Solution nr. 38
1 0 0 0 0 0 
0 1 0 0 1 0 
0 0 1 0 0 0 
0 0 0 1 0 0 
0 0 0 0 0 1 

Solution nr. 39
1 0 0 0 0 0 
0 1 0 0 0 1 
0 0 1 0 0 1 
0 0 0 1 0 1 
0 0 0 0 1 1 

Solution nr. 40
1 0 0 0 0 0 
0 1 0 0 0 1 
0 0 1 0 0 1 
0 0 0 1 0 1 
0 0 0 0 1 0 

Solution nr. 41
1 0 0 0 0 0 
0 1 0 0 0 1 
0 0 1 0 0 1 
0 0 0 1 0 0 
0 0 0 0 1 1 

Solution nr. 42
1 0 0 0 0 0 
0 1 0 0 0 1 
0 0 1 0 0 1 
0 0 0 1 0 0 
0 0 0 0 1 0 

Solution nr. 43
1 0 0 0 0 0 
0 1 0 0 0 1 
0 0 1 0 0 0 
0 0 0 1 0 1 
0 0 0 0 1 1 

Solution nr. 44
1 0 0 0 0 0 
0 1 0 0 0 1 
0 0 1 0 0 0 
0 0 0 1 0 1 
0 0 0 0 1 0 

Solution nr. 45
1 0 0 0 0 0 
0 1 0 0 0 1 
0 0 1 0 0 0 
0 0 0 1 0 0 
0 0 0 0 1 1 

Solution nr. 46
1 0 0 0 0 0 
0 1 0 0 0 1 
0 0 1 0 0 0 
0 0 0 1 0 0 
0 0 0 0 1 0 

Solution nr. 47
1 0 0 0 0 0 
0 1 0 0 0 0 
0 0 1 1 0 0 
0 0 0 0 1 0 
0 0 0 0 0 1 

Solution nr. 48
1 0 0 0 0 0 
0 1 0 0 0 0 
0 0 1 0 1 0 
0 0 0 1 1 0 
0 0 0 0 0 1 

Solution nr. 49
1 0 0 0 0 0 
0 1 0 0 0 0 
0 0 1 0 1 0 
0 0 0 1 0 0 
0 0 0 0 0 1 

Solution nr. 50
1 0 0 0 0 0 
0 1 0 0 0 0 
0 0 1 0 0 1 
0 0 0 1 0 1 
0 0 0 0 1 1 

Solution nr. 51
1 0 0 0 0 0 
0 1 0 0 0 0 
0 0 1 0 0 1 
0 0 0 1 0 1 
0 0 0 0 1 0 

Solution nr. 52
1 0 0 0 0 0 
0 1 0 0 0 0 
0 0 1 0 0 1 
0 0 0 1 0 0 
0 0 0 0 1 1 

Solution nr. 53
1 0 0 0 0 0 
0 1 0 0 0 0 
0 0 1 0 0 1 
0 0 0 1 0 0 
0 0 0 0 1 0 

Solution nr. 54
1 0 0 0 0 0 
0 1 0 0 0 0 
0 0 1 0 0 0 
0 0 0 1 1 0 
0 0 0 0 0 1 

Solution nr. 55
1 0 0 0 0 0 
0 1 0 0 0 0 
0 0 1 0 0 0 
0 0 0 1 0 1 
0 0 0 0 1 1 

Solution nr. 56
1 0 0 0 0 0 
0 1 0 0 0 0 
0 0 1 0 0 0 
0 0 0 1 0 1 
0 0 0 0 1 0 

Solution nr. 57
1 0 0 0 0 0 
0 1 0 0 0 0 
0 0 1 0 0 0 
0 0 0 1 0 0 
0 0 0 0 1 1 

Solution nr. 58
1 0 0 0 0 0 
0 1 0 0 0 0 
0 0 1 0 0 0 
0 0 0 1 0 0 
0 0 0 0 1 0 

Solution nr. 59
1 0 0 0 0 0 
0 1 0 0 0 0 
0 0 1 0 0 0 
0 0 0 1 0 0 
0 0 0 0 0 1 

Solution nr. 60
1 0 0 0 0 0 
0 1 0 0 0 0 
0 0 1 0 0 0 
0 0 0 0 1 0 
0 0 0 0 0 1 

Solution nr. 61
1 0 0 0 0 0 
0 1 0 0 0 0 
0 0 0 1 0 0 
0 0 0 0 1 0 
0 0 0 0 0 1 

Solution nr. 62
1 0 0 0 0 0 
0 0 1 0 0 0 
0 0 0 1 0 0 
0 0 0 0 1 0 
0 0 0 0 0 1 

Solution nr. 63
0 1 0 0 0 0 
0 0 1 0 0 0 
0 0 0 1 0 0 
0 0 0 0 1 0 
0 0 0 0 0 1 

