The number of solutions is: 1395
The number of generated solutions is: 1395
Solution nr. 1
1 1 1 1 0 0 
0 0 0 0 1 0 
0 0 0 0 0 1 

Solution nr. 2
1 1 1 0 1 0 
0 0 0 1 1 0 
0 0 0 0 0 1 

Solution nr. 3
1 1 1 0 1 0 
0 0 0 1 0 0 
0 0 0 0 0 1 

Solution nr. 4
1 1 1 0 0 1 
0 0 0 1 0 1 
0 0 0 0 1 1 

Solution nr. 5
1 1 1 0 0 1 
0 0 0 1 0 1 
0 0 0 0 1 0 

Solution nr. 6
1 1 1 0 0 1 
0 0 0 1 0 0 
0 0 0 0 1 1 

Solution nr. 7
1 1 1 0 0 1 
0 0 0 1 0 0 
0 0 0 0 1 0 

Solution nr. 8
1 1 1 0 0 0 
0 0 0 1 1 0 
0 0 0 0 0 1 

Solution nr. 9
1 1 1 0 0 0 
0 0 0 1 0 1 
0 0 0 0 1 1 

Solution nr. 10
1 1 1 0 0 0 
0 0 0 1 0 1 
0 0 0 0 1 0 

Solution nr. 11
1 1 1 0 0 0 
0 0 0 1 0 0 
0 0 0 0 1 1 

Solution nr. 12
1 1 1 0 0 0 
0 0 0 1 0 0 
0 0 0 0 1 0 

Solution nr. 13
1 1 1 0 0 0 
0 0 0 1 0 0 
0 0 0 0 0 1 

Solution nr. 14
1 1 1 0 0 0 
0 0 0 0 1 0 
0 0 0 0 0 1 

Solution nr. 15
1 1 0 1 1 0 
0 0 1 1 1 0 
0 0 0 0 0 1 

Solution nr. 16
1 1 0 1 1 0 
0 0 1 1 0 0 
0 0 0 0 0 1 

Solution nr. 17
1 1 0 1 1 0 
0 0 1 0 1 0 
0 0 0 0 0 1 

Solution nr. 18
1 1 0 1 1 0 
0 0 1 0 0 0 
0 0 0 0 0 1 

Solution nr. 19
1 1 0 1 0 1 
0 0 1 1 0 1 
0 0 0 0 1 1 

Solution nr. 20
1 1 0 1 0 1 
0 0 1 1 0 1 
0 0 0 0 1 0 

Solution nr. 21
1 1 0 1 0 1 
0 0 1 1 0 0 
0 0 0 0 1 1 

Solution nr. 22
1 1 0 1 0 1 
0 0 1 1 0 0 
0 0 0 0 1 0 

Solution nr. 23
1 1 0 1 0 1 
0 0 1 0 0 1 
0 0 0 0 1 1 

Solution nr. 24
1 1 0 1 0 1 
0 0 1 0 0 1 
0 0 0 0 1 0 

Solution nr. 25
1 1 0 1 0 1 
0 0 1 0 0 0 
0 0 0 0 1 1 

Solution nr. 26
1 1 0 1 0 1 
0 0 1 0 0 0 
0 0 0 0 1 0 

Solution nr. 27
1 1 0 1 0 0 
0 0 1 1 1 0 
0 0 0 0 0 1 

Solution nr. 28
1 1 0 1 0 0 
0 0 1 1 0 1 
0 0 0 0 1 1 

Solution nr. 29
1 1 0 1 0 0 
0 0 1 1 0 1 
0 0 0 0 1 0 

Solution nr. 30
1 1 0 1 0 0 
0 0 1 1 0 0 
0 0 0 0 1 1 

Solution nr. 31
1 1 0 1 0 0 
0 0 1 1 0 0 
0 0 0 0 1 0 

Solution nr. 32
1 1 0 1 0 0 
0 0 1 1 0 0 
0 0 0 0 0 1 

Solution nr. 33
1 1 0 1 0 0 
0 0 1 0 1 0 
0 0 0 0 0 1 

Solution nr. 34
1 1 0 1 0 0 
0 0 1 0 0 1 
0 0 0 0 1 1 

Solution nr. 35
1 1 0 1 0 0 
0 0 1 0 0 1 
0 0 0 0 1 0 

Solution nr. 36
1 1 0 1 0 0 
0 0 1 0 0 0 
0 0 0 0 1 1 

Solution nr. 37
1 1 0 1 0 0 
0 0 1 0 0 0 
0 0 0 0 1 0 

Solution nr. 38
1 1 0 1 0 0 
0 0 1 0 0 0 
0 0 0 0 0 1 

Solution nr. 39
1 1 0 1 0 0 
0 0 0 0 1 0 
0 0 0 0 0 1 

Solution nr. 40
1 1 0 0 1 1 
0 0 1 0 1 1 
0 0 0 1 1 1 

Solution nr. 41
1 1 0 0 1 1 
0 0 1 0 1 1 
0 0 0 1 1 0 

Solution nr. 42
1 1 0 0 1 1 
0 0 1 0 1 1 
0 0 0 1 0 1 

Solution nr. 43
1 1 0 0 1 1 
0 0 1 0 1 1 
0 0 0 1 0 0 

Solution nr. 44
1 1 0 0 1 1 
0 0 1 0 1 0 
0 0 0 1 1 1 

Solution nr. 45
1 1 0 0 1 1 
0 0 1 0 1 0 
0 0 0 1 1 0 

Solution nr. 46
1 1 0 0 1 1 
0 0 1 0 1 0 
0 0 0 1 0 1 

Solution nr. 47
1 1 0 0 1 1 
0 0 1 0 1 0 
0 0 0 1 0 0 

Solution nr. 48
1 1 0 0 1 1 
0 0 1 0 0 1 
0 0 0 1 1 1 

Solution nr. 49
1 1 0 0 1 1 
0 0 1 0 0 1 
0 0 0 1 1 0 

Solution nr. 50
1 1 0 0 1 1 
0 0 1 0 0 1 
0 0 0 1 0 1 

Solution nr. 51
1 1 0 0 1 1 
0 0 1 0 0 1 
0 0 0 1 0 0 

Solution nr. 52
1 1 0 0 1 1 
0 0 1 0 0 0 
0 0 0 1 1 1 

Solution nr. 53
1 1 0 0 1 1 
0 0 1 0 0 0 
0 0 0 1 1 0 

Solution nr. 54
1 1 0 0 1 1 
0 0 1 0 0 0 
0 0 0 1 0 1 

Solution nr. 55
1 1 0 0 1 1 
0 0 1 0 0 0 
0 0 0 1 0 0 

Solution nr. 56
1 1 0 0 1 0 
0 0 1 1 1 0 
0 0 0 0 0 1 

Solution nr. 57
1 1 0 0 1 0 
0 0 1 1 0 0 
0 0 0 0 0 1 

Solution nr. 58
1 1 0 0 1 0 
0 0 1 0 1 1 
0 0 0 1 1 1 

Solution nr. 59
1 1 0 0 1 0 
0 0 1 0 1 1 
0 0 0 1 1 0 

Solution nr. 60
1 1 0 0 1 0 
0 0 1 0 1 1 
0 0 0 1 0 1 

Solution nr. 61
1 1 0 0 1 0 
0 0 1 0 1 1 
0 0 0 1 0 0 

Solution nr. 62
1 1 0 0 1 0 
0 0 1 0 1 0 
0 0 0 1 1 1 

Solution nr. 63
1 1 0 0 1 0 
0 0 1 0 1 0 
0 0 0 1 1 0 

Solution nr. 64
1 1 0 0 1 0 
0 0 1 0 1 0 
0 0 0 1 0 1 

Solution nr. 65
1 1 0 0 1 0 
0 0 1 0 1 0 
0 0 0 1 0 0 

Solution nr. 66
1 1 0 0 1 0 
0 0 1 0 1 0 
0 0 0 0 0 1 

Solution nr. 67
1 1 0 0 1 0 
0 0 1 0 0 1 
0 0 0 1 1 1 

Solution nr. 68
1 1 0 0 1 0 
0 0 1 0 0 1 
0 0 0 1 1 0 

Solution nr. 69
1 1 0 0 1 0 
0 0 1 0 0 1 
0 0 0 1 0 1 

Solution nr. 70
1 1 0 0 1 0 
0 0 1 0 0 1 
0 0 0 1 0 0 

Solution nr. 71
1 1 0 0 1 0 
0 0 1 0 0 0 
0 0 0 1 1 1 

Solution nr. 72
1 1 0 0 1 0 
0 0 1 0 0 0 
0 0 0 1 1 0 

Solution nr. 73
1 1 0 0 1 0 
0 0 1 0 0 0 
0 0 0 1 0 1 

Solution nr. 74
1 1 0 0 1 0 
0 0 1 0 0 0 
0 0 0 1 0 0 

Solution nr. 75
1 1 0 0 1 0 
0 0 1 0 0 0 
0 0 0 0 0 1 

Solution nr. 76
1 1 0 0 1 0 
0 0 0 1 1 0 
0 0 0 0 0 1 

Solution nr. 77
1 1 0 0 1 0 
0 0 0 1 0 0 
0 0 0 0 0 1 

Solution nr. 78
1 1 0 0 0 1 
0 0 1 1 0 1 
0 0 0 0 1 1 

Solution nr. 79
1 1 0 0 0 1 
0 0 1 1 0 1 
0 0 0 0 1 0 

Solution nr. 80
1 1 0 0 0 1 
0 0 1 1 0 0 
0 0 0 0 1 1 

Solution nr. 81
1 1 0 0 0 1 
0 0 1 1 0 0 
0 0 0 0 1 0 

Solution nr. 82
1 1 0 0 0 1 
0 0 1 0 1 1 
0 0 0 1 1 1 

Solution nr. 83
1 1 0 0 0 1 
0 0 1 0 1 1 
0 0 0 1 1 0 

Solution nr. 84
1 1 0 0 0 1 
0 0 1 0 1 1 
0 0 0 1 0 1 

Solution nr. 85
1 1 0 0 0 1 
0 0 1 0 1 1 
0 0 0 1 0 0 

Solution nr. 86
1 1 0 0 0 1 
0 0 1 0 1 0 
0 0 0 1 1 1 

Solution nr. 87
1 1 0 0 0 1 
0 0 1 0 1 0 
0 0 0 1 1 0 

Solution nr. 88
1 1 0 0 0 1 
0 0 1 0 1 0 
0 0 0 1 0 1 

Solution nr. 89
1 1 0 0 0 1 
0 0 1 0 1 0 
0 0 0 1 0 0 

Solution nr. 90
1 1 0 0 0 1 
0 0 1 0 0 1 
0 0 0 1 1 1 

Solution nr. 91
1 1 0 0 0 1 
0 0 1 0 0 1 
0 0 0 1 1 0 

Solution nr. 92
1 1 0 0 0 1 
0 0 1 0 0 1 
0 0 0 1 0 1 

Solution nr. 93
1 1 0 0 0 1 
0 0 1 0 0 1 
0 0 0 1 0 0 

Solution nr. 94
1 1 0 0 0 1 
0 0 1 0 0 1 
0 0 0 0 1 1 

Solution nr. 95
1 1 0 0 0 1 
0 0 1 0 0 1 
0 0 0 0 1 0 

Solution nr. 96
1 1 0 0 0 1 
0 0 1 0 0 0 
0 0 0 1 1 1 

Solution nr. 97
1 1 0 0 0 1 
0 0 1 0 0 0 
0 0 0 1 1 0 

Solution nr. 98
1 1 0 0 0 1 
0 0 1 0 0 0 
0 0 0 1 0 1 

Solution nr. 99
1 1 0 0 0 1 
0 0 1 0 0 0 
0 0 0 1 0 0 

Solution nr. 100
1 1 0 0 0 1 
0 0 1 0 0 0 
0 0 0 0 1 1 

Solution nr. 101
1 1 0 0 0 1 
0 0 1 0 0 0 
0 0 0 0 1 0 

Solution nr. 102
1 1 0 0 0 1 
0 0 0 1 0 1 
0 0 0 0 1 1 

Solution nr. 103
1 1 0 0 0 1 
0 0 0 1 0 1 
0 0 0 0 1 0 

Solution nr. 104
1 1 0 0 0 1 
0 0 0 1 0 0 
0 0 0 0 1 1 

Solution nr. 105
1 1 0 0 0 1 
0 0 0 1 0 0 
0 0 0 0 1 0 

Solution nr. 106
1 1 0 0 0 0 
0 0 1 1 1 0 
0 0 0 0 0 1 

Solution nr. 107
1 1 0 0 0 0 
0 0 1 1 0 1 
0 0 0 0 1 1 

Solution nr. 108
1 1 0 0 0 0 
0 0 1 1 0 1 
0 0 0 0 1 0 

Solution nr. 109
1 1 0 0 0 0 
0 0 1 1 0 0 
0 0 0 0 1 1 

Solution nr. 110
1 1 0 0 0 0 
0 0 1 1 0 0 
0 0 0 0 1 0 

Solution nr. 111
1 1 0 0 0 0 
0 0 1 1 0 0 
0 0 0 0 0 1 

Solution nr. 112
1 1 0 0 0 0 
0 0 1 0 1 1 
0 0 0 1 1 1 

Solution nr. 113
1 1 0 0 0 0 
0 0 1 0 1 1 
0 0 0 1 1 0 

Solution nr. 114
1 1 0 0 0 0 
0 0 1 0 1 1 
0 0 0 1 0 1 

Solution nr. 115
1 1 0 0 0 0 
0 0 1 0 1 1 
0 0 0 1 0 0 

Solution nr. 116
1 1 0 0 0 0 
0 0 1 0 1 0 
0 0 0 1 1 1 

Solution nr. 117
1 1 0 0 0 0 
0 0 1 0 1 0 
0 0 0 1 1 0 

Solution nr. 118
1 1 0 0 0 0 
0 0 1 0 1 0 
0 0 0 1 0 1 

Solution nr. 119
1 1 0 0 0 0 
0 0 1 0 1 0 
0 0 0 1 0 0 

Solution nr. 120
1 1 0 0 0 0 
0 0 1 0 1 0 
0 0 0 0 0 1 

Solution nr. 121
1 1 0 0 0 0 
0 0 1 0 0 1 
0 0 0 1 1 1 

Solution nr. 122
1 1 0 0 0 0 
0 0 1 0 0 1 
0 0 0 1 1 0 

Solution nr. 123
1 1 0 0 0 0 
0 0 1 0 0 1 
0 0 0 1 0 1 

Solution nr. 124
1 1 0 0 0 0 
0 0 1 0 0 1 
0 0 0 1 0 0 

Solution nr. 125
1 1 0 0 0 0 
0 0 1 0 0 1 
0 0 0 0 1 1 

Solution nr. 126
1 1 0 0 0 0 
0 0 1 0 0 1 
0 0 0 0 1 0 

Solution nr. 127
1 1 0 0 0 0 
0 0 1 0 0 0 
0 0 0 1 1 1 

Solution nr. 128
1 1 0 0 0 0 
0 0 1 0 0 0 
0 0 0 1 1 0 

Solution nr. 129
1 1 0 0 0 0 
0 0 1 0 0 0 
0 0 0 1 0 1 

Solution nr. 130
1 1 0 0 0 0 
0 0 1 0 0 0 
0 0 0 1 0 0 

Solution nr. 131
1 1 0 0 0 0 
0 0 1 0 0 0 
0 0 0 0 1 1 

Solution nr. 132
1 1 0 0 0 0 
0 0 1 0 0 0 
0 0 0 0 1 0 

Solution nr. 133
1 1 0 0 0 0 
0 0 1 0 0 0 
0 0 0 0 0 1 

Solution nr. 134
1 1 0 0 0 0 
0 0 0 1 1 0 
0 0 0 0 0 1 

Solution nr. 135
1 1 0 0 0 0 
0 0 0 1 0 1 
0 0 0 0 1 1 

Solution nr. 136
1 1 0 0 0 0 
0 0 0 1 0 1 
0 0 0 0 1 0 

Solution nr. 137
1 1 0 0 0 0 
0 0 0 1 0 0 
0 0 0 0 1 1 

Solution nr. 138
1 1 0 0 0 0 
0 0 0 1 0 0 
0 0 0 0 1 0 

Solution nr. 139
1 1 0 0 0 0 
0 0 0 1 0 0 
0 0 0 0 0 1 

Solution nr. 140
1 1 0 0 0 0 
0 0 0 0 1 0 
0 0 0 0 0 1 

Solution nr. 141
1 0 1 1 1 0 
0 1 1 1 1 0 
0 0 0 0 0 1 

Solution nr. 142
1 0 1 1 1 0 
0 1 1 1 0 0 
0 0 0 0 0 1 

Solution nr. 143
1 0 1 1 1 0 
0 1 1 0 1 0 
0 0 0 0 0 1 

Solution nr. 144
1 0 1 1 1 0 
0 1 1 0 0 0 
0 0 0 0 0 1 

Solution nr. 145
1 0 1 1 1 0 
0 1 0 1 1 0 
0 0 0 0 0 1 

Solution nr. 146
1 0 1 1 1 0 
0 1 0 1 0 0 
0 0 0 0 0 1 

Solution nr. 147
1 0 1 1 1 0 
0 1 0 0 1 0 
0 0 0 0 0 1 

Solution nr. 148
1 0 1 1 1 0 
0 1 0 0 0 0 
0 0 0 0 0 1 

Solution nr. 149
1 0 1 1 0 1 
0 1 1 1 0 1 
0 0 0 0 1 1 

Solution nr. 150
1 0 1 1 0 1 
0 1 1 1 0 1 
0 0 0 0 1 0 

Solution nr. 151
1 0 1 1 0 1 
0 1 1 1 0 0 
0 0 0 0 1 1 

Solution nr. 152
1 0 1 1 0 1 
0 1 1 1 0 0 
0 0 0 0 1 0 

Solution nr. 153
1 0 1 1 0 1 
0 1 1 0 0 1 
0 0 0 0 1 1 

Solution nr. 154
1 0 1 1 0 1 
0 1 1 0 0 1 
0 0 0 0 1 0 

Solution nr. 155
1 0 1 1 0 1 
0 1 1 0 0 0 
0 0 0 0 1 1 

Solution nr. 156
1 0 1 1 0 1 
0 1 1 0 0 0 
0 0 0 0 1 0 

Solution nr. 157
1 0 1 1 0 1 
0 1 0 1 0 1 
0 0 0 0 1 1 

Solution nr. 158
1 0 1 1 0 1 
0 1 0 1 0 1 
0 0 0 0 1 0 

Solution nr. 159
1 0 1 1 0 1 
0 1 0 1 0 0 
0 0 0 0 1 1 

Solution nr. 160
1 0 1 1 0 1 
0 1 0 1 0 0 
0 0 0 0 1 0 

Solution nr. 161
1 0 1 1 0 1 
0 1 0 0 0 1 
0 0 0 0 1 1 

Solution nr. 162
1 0 1 1 0 1 
0 1 0 0 0 1 
0 0 0 0 1 0 

Solution nr. 163
1 0 1 1 0 1 
0 1 0 0 0 0 
0 0 0 0 1 1 

Solution nr. 164
1 0 1 1 0 1 
0 1 0 0 0 0 
0 0 0 0 1 0 

Solution nr. 165
1 0 1 1 0 0 
0 1 1 1 1 0 
0 0 0 0 0 1 

Solution nr. 166
1 0 1 1 0 0 
0 1 1 1 0 1 
0 0 0 0 1 1 

Solution nr. 167
1 0 1 1 0 0 
0 1 1 1 0 1 
0 0 0 0 1 0 

Solution nr. 168
1 0 1 1 0 0 
0 1 1 1 0 0 
0 0 0 0 1 1 

Solution nr. 169
1 0 1 1 0 0 
0 1 1 1 0 0 
0 0 0 0 1 0 

Solution nr. 170
1 0 1 1 0 0 
0 1 1 1 0 0 
0 0 0 0 0 1 

Solution nr. 171
1 0 1 1 0 0 
0 1 1 0 1 0 
0 0 0 0 0 1 

Solution nr. 172
1 0 1 1 0 0 
0 1 1 0 0 1 
0 0 0 0 1 1 

Solution nr. 173
1 0 1 1 0 0 
0 1 1 0 0 1 
0 0 0 0 1 0 

Solution nr. 174
1 0 1 1 0 0 
0 1 1 0 0 0 
0 0 0 0 1 1 

Solution nr. 175
1 0 1 1 0 0 
0 1 1 0 0 0 
0 0 0 0 1 0 

Solution nr. 176
1 0 1 1 0 0 
0 1 1 0 0 0 
0 0 0 0 0 1 

Solution nr. 177
1 0 1 1 0 0 
0 1 0 1 1 0 
0 0 0 0 0 1 

Solution nr. 178
1 0 1 1 0 0 
0 1 0 1 0 1 
0 0 0 0 1 1 

Solution nr. 179
1 0 1 1 0 0 
0 1 0 1 0 1 
0 0 0 0 1 0 

Solution nr. 180
1 0 1 1 0 0 
0 1 0 1 0 0 
0 0 0 0 1 1 

Solution nr. 181
1 0 1 1 0 0 
0 1 0 1 0 0 
0 0 0 0 1 0 

Solution nr. 182
1 0 1 1 0 0 
0 1 0 1 0 0 
0 0 0 0 0 1 

Solution nr. 183
1 0 1 1 0 0 
0 1 0 0 1 0 
0 0 0 0 0 1 

Solution nr. 184
1 0 1 1 0 0 
0 1 0 0 0 1 
0 0 0 0 1 1 

Solution nr. 185
1 0 1 1 0 0 
0 1 0 0 0 1 
0 0 0 0 1 0 

Solution nr. 186
1 0 1 1 0 0 
0 1 0 0 0 0 
0 0 0 0 1 1 

Solution nr. 187
1 0 1 1 0 0 
0 1 0 0 0 0 
0 0 0 0 1 0 

Solution nr. 188
1 0 1 1 0 0 
0 1 0 0 0 0 
0 0 0 0 0 1 

Solution nr. 189
1 0 1 1 0 0 
0 0 0 0 1 0 
0 0 0 0 0 1 

Solution nr. 190
1 0 1 0 1 1 
0 1 1 0 1 1 
0 0 0 1 1 1 

Solution nr. 191
1 0 1 0 1 1 
0 1 1 0 1 1 
0 0 0 1 1 0 

Solution nr. 192
1 0 1 0 1 1 
0 1 1 0 1 1 
0 0 0 1 0 1 

Solution nr. 193
1 0 1 0 1 1 
0 1 1 0 1 1 
0 0 0 1 0 0 

Solution nr. 194
1 0 1 0 1 1 
0 1 1 0 1 0 
0 0 0 1 1 1 

Solution nr. 195
1 0 1 0 1 1 
0 1 1 0 1 0 
0 0 0 1 1 0 

Solution nr. 196
1 0 1 0 1 1 
0 1 1 0 1 0 
0 0 0 1 0 1 

Solution nr. 197
1 0 1 0 1 1 
0 1 1 0 1 0 
0 0 0 1 0 0 

Solution nr. 198
1 0 1 0 1 1 
0 1 1 0 0 1 
0 0 0 1 1 1 

Solution nr. 199
1 0 1 0 1 1 
0 1 1 0 0 1 
0 0 0 1 1 0 

Solution nr. 200
1 0 1 0 1 1 
0 1 1 0 0 1 
0 0 0 1 0 1 

Solution nr. 201
1 0 1 0 1 1 
0 1 1 0 0 1 
0 0 0 1 0 0 

Solution nr. 202
1 0 1 0 1 1 
0 1 1 0 0 0 
0 0 0 1 1 1 

Solution nr. 203
1 0 1 0 1 1 
0 1 1 0 0 0 
0 0 0 1 1 0 

Solution nr. 204
1 0 1 0 1 1 
0 1 1 0 0 0 
0 0 0 1 0 1 

Solution nr. 205
1 0 1 0 1 1 
0 1 1 0 0 0 
0 0 0 1 0 0 

Solution nr. 206
1 0 1 0 1 1 
0 1 0 0 1 1 
0 0 0 1 1 1 

Solution nr. 207
1 0 1 0 1 1 
0 1 0 0 1 1 
0 0 0 1 1 0 

Solution nr. 208
1 0 1 0 1 1 
0 1 0 0 1 1 
0 0 0 1 0 1 

Solution nr. 209
1 0 1 0 1 1 
0 1 0 0 1 1 
0 0 0 1 0 0 

Solution nr. 210
1 0 1 0 1 1 
0 1 0 0 1 0 
0 0 0 1 1 1 

Solution nr. 211
1 0 1 0 1 1 
0 1 0 0 1 0 
0 0 0 1 1 0 

Solution nr. 212
1 0 1 0 1 1 
0 1 0 0 1 0 
0 0 0 1 0 1 

Solution nr. 213
1 0 1 0 1 1 
0 1 0 0 1 0 
0 0 0 1 0 0 

Solution nr. 214
1 0 1 0 1 1 
0 1 0 0 0 1 
0 0 0 1 1 1 

Solution nr. 215
1 0 1 0 1 1 
0 1 0 0 0 1 
0 0 0 1 1 0 

Solution nr. 216
1 0 1 0 1 1 
0 1 0 0 0 1 
0 0 0 1 0 1 

Solution nr. 217
1 0 1 0 1 1 
0 1 0 0 0 1 
0 0 0 1 0 0 

Solution nr. 218
1 0 1 0 1 1 
0 1 0 0 0 0 
0 0 0 1 1 1 

Solution nr. 219
1 0 1 0 1 1 
0 1 0 0 0 0 
0 0 0 1 1 0 

Solution nr. 220
1 0 1 0 1 1 
0 1 0 0 0 0 
0 0 0 1 0 1 

Solution nr. 221
1 0 1 0 1 1 
0 1 0 0 0 0 
0 0 0 1 0 0 

Solution nr. 222
1 0 1 0 1 0 
0 1 1 1 1 0 
0 0 0 0 0 1 

Solution nr. 223
1 0 1 0 1 0 
0 1 1 1 0 0 
0 0 0 0 0 1 

Solution nr. 224
1 0 1 0 1 0 
0 1 1 0 1 1 
0 0 0 1 1 1 

Solution nr. 225
1 0 1 0 1 0 
0 1 1 0 1 1 
0 0 0 1 1 0 

Solution nr. 226
1 0 1 0 1 0 
0 1 1 0 1 1 
0 0 0 1 0 1 

Solution nr. 227
1 0 1 0 1 0 
0 1 1 0 1 1 
0 0 0 1 0 0 

Solution nr. 228
1 0 1 0 1 0 
0 1 1 0 1 0 
0 0 0 1 1 1 

Solution nr. 229
1 0 1 0 1 0 
0 1 1 0 1 0 
0 0 0 1 1 0 

Solution nr. 230
1 0 1 0 1 0 
0 1 1 0 1 0 
0 0 0 1 0 1 

Solution nr. 231
1 0 1 0 1 0 
0 1 1 0 1 0 
0 0 0 1 0 0 

Solution nr. 232
1 0 1 0 1 0 
0 1 1 0 1 0 
0 0 0 0 0 1 

Solution nr. 233
1 0 1 0 1 0 
0 1 1 0 0 1 
0 0 0 1 1 1 

Solution nr. 234
1 0 1 0 1 0 
0 1 1 0 0 1 
0 0 0 1 1 0 

Solution nr. 235
1 0 1 0 1 0 
0 1 1 0 0 1 
0 0 0 1 0 1 

Solution nr. 236
1 0 1 0 1 0 
0 1 1 0 0 1 
0 0 0 1 0 0 

Solution nr. 237
1 0 1 0 1 0 
0 1 1 0 0 0 
0 0 0 1 1 1 

Solution nr. 238
1 0 1 0 1 0 
0 1 1 0 0 0 
0 0 0 1 1 0 

Solution nr. 239
1 0 1 0 1 0 
0 1 1 0 0 0 
0 0 0 1 0 1 

Solution nr. 240
1 0 1 0 1 0 
0 1 1 0 0 0 
0 0 0 1 0 0 

Solution nr. 241
1 0 1 0 1 0 
0 1 1 0 0 0 
0 0 0 0 0 1 

Solution nr. 242
1 0 1 0 1 0 
0 1 0 1 1 0 
0 0 0 0 0 1 

Solution nr. 243
1 0 1 0 1 0 
0 1 0 1 0 0 
0 0 0 0 0 1 

Solution nr. 244
1 0 1 0 1 0 
0 1 0 0 1 1 
0 0 0 1 1 1 

Solution nr. 245
1 0 1 0 1 0 
0 1 0 0 1 1 
0 0 0 1 1 0 

Solution nr. 246
1 0 1 0 1 0 
0 1 0 0 1 1 
0 0 0 1 0 1 

Solution nr. 247
1 0 1 0 1 0 
0 1 0 0 1 1 
0 0 0 1 0 0 

Solution nr. 248
1 0 1 0 1 0 
0 1 0 0 1 0 
0 0 0 1 1 1 

Solution nr. 249
1 0 1 0 1 0 
0 1 0 0 1 0 
0 0 0 1 1 0 

Solution nr. 250
1 0 1 0 1 0 
0 1 0 0 1 0 
0 0 0 1 0 1 

Solution nr. 251
1 0 1 0 1 0 
0 1 0 0 1 0 
0 0 0 1 0 0 

Solution nr. 252
1 0 1 0 1 0 
0 1 0 0 1 0 
0 0 0 0 0 1 

Solution nr. 253
1 0 1 0 1 0 
0 1 0 0 0 1 
0 0 0 1 1 1 

Solution nr. 254
1 0 1 0 1 0 
0 1 0 0 0 1 
0 0 0 1 1 0 

Solution nr. 255
1 0 1 0 1 0 
0 1 0 0 0 1 
0 0 0 1 0 1 

Solution nr. 256
1 0 1 0 1 0 
0 1 0 0 0 1 
0 0 0 1 0 0 

Solution nr. 257
1 0 1 0 1 0 
0 1 0 0 0 0 
0 0 0 1 1 1 

Solution nr. 258
1 0 1 0 1 0 
0 1 0 0 0 0 
0 0 0 1 1 0 

Solution nr. 259
1 0 1 0 1 0 
0 1 0 0 0 0 
0 0 0 1 0 1 

Solution nr. 260
1 0 1 0 1 0 
0 1 0 0 0 0 
0 0 0 1 0 0 

Solution nr. 261
1 0 1 0 1 0 
0 1 0 0 0 0 
0 0 0 0 0 1 

Solution nr. 262
1 0 1 0 1 0 
0 0 0 1 1 0 
0 0 0 0 0 1 

Solution nr. 263
1 0 1 0 1 0 
0 0 0 1 0 0 
0 0 0 0 0 1 

Solution nr. 264
1 0 1 0 0 1 
0 1 1 1 0 1 
0 0 0 0 1 1 

Solution nr. 265
1 0 1 0 0 1 
0 1 1 1 0 1 
0 0 0 0 1 0 

Solution nr. 266
1 0 1 0 0 1 
0 1 1 1 0 0 
0 0 0 0 1 1 

Solution nr. 267
1 0 1 0 0 1 
0 1 1 1 0 0 
0 0 0 0 1 0 

Solution nr. 268
1 0 1 0 0 1 
0 1 1 0 1 1 
0 0 0 1 1 1 

Solution nr. 269
1 0 1 0 0 1 
0 1 1 0 1 1 
0 0 0 1 1 0 

Solution nr. 270
1 0 1 0 0 1 
0 1 1 0 1 1 
0 0 0 1 0 1 

Solution nr. 271
1 0 1 0 0 1 
0 1 1 0 1 1 
0 0 0 1 0 0 

Solution nr. 272
1 0 1 0 0 1 
0 1 1 0 1 0 
0 0 0 1 1 1 

Solution nr. 273
1 0 1 0 0 1 
0 1 1 0 1 0 
0 0 0 1 1 0 

Solution nr. 274
1 0 1 0 0 1 
0 1 1 0 1 0 
0 0 0 1 0 1 

Solution nr. 275
1 0 1 0 0 1 
0 1 1 0 1 0 
0 0 0 1 0 0 

Solution nr. 276
1 0 1 0 0 1 
0 1 1 0 0 1 
0 0 0 1 1 1 

Solution nr. 277
1 0 1 0 0 1 
0 1 1 0 0 1 
0 0 0 1 1 0 

Solution nr. 278
1 0 1 0 0 1 
0 1 1 0 0 1 
0 0 0 1 0 1 

Solution nr. 279
1 0 1 0 0 1 
0 1 1 0 0 1 
0 0 0 1 0 0 

Solution nr. 280
1 0 1 0 0 1 
0 1 1 0 0 1 
0 0 0 0 1 1 

Solution nr. 281
1 0 1 0 0 1 
0 1 1 0 0 1 
0 0 0 0 1 0 

Solution nr. 282
1 0 1 0 0 1 
0 1 1 0 0 0 
0 0 0 1 1 1 

Solution nr. 283
1 0 1 0 0 1 
0 1 1 0 0 0 
0 0 0 1 1 0 

Solution nr. 284
1 0 1 0 0 1 
0 1 1 0 0 0 
0 0 0 1 0 1 

Solution nr. 285
1 0 1 0 0 1 
0 1 1 0 0 0 
0 0 0 1 0 0 

Solution nr. 286
1 0 1 0 0 1 
0 1 1 0 0 0 
0 0 0 0 1 1 

Solution nr. 287
1 0 1 0 0 1 
0 1 1 0 0 0 
0 0 0 0 1 0 

Solution nr. 288
1 0 1 0 0 1 
0 1 0 1 0 1 
0 0 0 0 1 1 

Solution nr. 289
1 0 1 0 0 1 
0 1 0 1 0 1 
0 0 0 0 1 0 

Solution nr. 290
1 0 1 0 0 1 
0 1 0 1 0 0 
0 0 0 0 1 1 

Solution nr. 291
1 0 1 0 0 1 
0 1 0 1 0 0 
0 0 0 0 1 0 

Solution nr. 292
1 0 1 0 0 1 
0 1 0 0 1 1 
0 0 0 1 1 1 

Solution nr. 293
1 0 1 0 0 1 
0 1 0 0 1 1 
0 0 0 1 1 0 

Solution nr. 294
1 0 1 0 0 1 
0 1 0 0 1 1 
0 0 0 1 0 1 

Solution nr. 295
1 0 1 0 0 1 
0 1 0 0 1 1 
0 0 0 1 0 0 

Solution nr. 296
1 0 1 0 0 1 
0 1 0 0 1 0 
0 0 0 1 1 1 

Solution nr. 297
1 0 1 0 0 1 
0 1 0 0 1 0 
0 0 0 1 1 0 

Solution nr. 298
1 0 1 0 0 1 
0 1 0 0 1 0 
0 0 0 1 0 1 

Solution nr. 299
1 0 1 0 0 1 
0 1 0 0 1 0 
0 0 0 1 0 0 

Solution nr. 300
1 0 1 0 0 1 
0 1 0 0 0 1 
0 0 0 1 1 1 

Solution nr. 301
1 0 1 0 0 1 
0 1 0 0 0 1 
0 0 0 1 1 0 

Solution nr. 302
1 0 1 0 0 1 
0 1 0 0 0 1 
0 0 0 1 0 1 

Solution nr. 303
1 0 1 0 0 1 
0 1 0 0 0 1 
0 0 0 1 0 0 

Solution nr. 304
1 0 1 0 0 1 
0 1 0 0 0 1 
0 0 0 0 1 1 

Solution nr. 305
1 0 1 0 0 1 
0 1 0 0 0 1 
0 0 0 0 1 0 

Solution nr. 306
1 0 1 0 0 1 
0 1 0 0 0 0 
0 0 0 1 1 1 

Solution nr. 307
1 0 1 0 0 1 
0 1 0 0 0 0 
0 0 0 1 1 0 

Solution nr. 308
1 0 1 0 0 1 
0 1 0 0 0 0 
0 0 0 1 0 1 

Solution nr. 309
1 0 1 0 0 1 
0 1 0 0 0 0 
0 0 0 1 0 0 

Solution nr. 310
1 0 1 0 0 1 
0 1 0 0 0 0 
0 0 0 0 1 1 

Solution nr. 311
1 0 1 0 0 1 
0 1 0 0 0 0 
0 0 0 0 1 0 

Solution nr. 312
1 0 1 0 0 1 
0 0 0 1 0 1 
0 0 0 0 1 1 

Solution nr. 313
1 0 1 0 0 1 
0 0 0 1 0 1 
0 0 0 0 1 0 

Solution nr. 314
1 0 1 0 0 1 
0 0 0 1 0 0 
0 0 0 0 1 1 

Solution nr. 315
1 0 1 0 0 1 
0 0 0 1 0 0 
0 0 0 0 1 0 

Solution nr. 316
1 0 1 0 0 0 
0 1 1 1 1 0 
0 0 0 0 0 1 

Solution nr. 317
1 0 1 0 0 0 
0 1 1 1 0 1 
0 0 0 0 1 1 

Solution nr. 318
1 0 1 0 0 0 
0 1 1 1 0 1 
0 0 0 0 1 0 

Solution nr. 319
1 0 1 0 0 0 
0 1 1 1 0 0 
0 0 0 0 1 1 

Solution nr. 320
1 0 1 0 0 0 
0 1 1 1 0 0 
0 0 0 0 1 0 

Solution nr. 321
1 0 1 0 0 0 
0 1 1 1 0 0 
0 0 0 0 0 1 

Solution nr. 322
1 0 1 0 0 0 
0 1 1 0 1 1 
0 0 0 1 1 1 

Solution nr. 323
1 0 1 0 0 0 
0 1 1 0 1 1 
0 0 0 1 1 0 

Solution nr. 324
1 0 1 0 0 0 
0 1 1 0 1 1 
0 0 0 1 0 1 

Solution nr. 325
1 0 1 0 0 0 
0 1 1 0 1 1 
0 0 0 1 0 0 

Solution nr. 326
1 0 1 0 0 0 
0 1 1 0 1 0 
0 0 0 1 1 1 

Solution nr. 327
1 0 1 0 0 0 
0 1 1 0 1 0 
0 0 0 1 1 0 

Solution nr. 328
1 0 1 0 0 0 
0 1 1 0 1 0 
0 0 0 1 0 1 

Solution nr. 329
1 0 1 0 0 0 
0 1 1 0 1 0 
0 0 0 1 0 0 

Solution nr. 330
1 0 1 0 0 0 
0 1 1 0 1 0 
0 0 0 0 0 1 

Solution nr. 331
1 0 1 0 0 0 
0 1 1 0 0 1 
0 0 0 1 1 1 

Solution nr. 332
1 0 1 0 0 0 
0 1 1 0 0 1 
0 0 0 1 1 0 

Solution nr. 333
1 0 1 0 0 0 
0 1 1 0 0 1 
0 0 0 1 0 1 

Solution nr. 334
1 0 1 0 0 0 
0 1 1 0 0 1 
0 0 0 1 0 0 

Solution nr. 335
1 0 1 0 0 0 
0 1 1 0 0 1 
0 0 0 0 1 1 

Solution nr. 336
1 0 1 0 0 0 
0 1 1 0 0 1 
0 0 0 0 1 0 

Solution nr. 337
1 0 1 0 0 0 
0 1 1 0 0 0 
0 0 0 1 1 1 

Solution nr. 338
1 0 1 0 0 0 
0 1 1 0 0 0 
0 0 0 1 1 0 

Solution nr. 339
1 0 1 0 0 0 
0 1 1 0 0 0 
0 0 0 1 0 1 

Solution nr. 340
1 0 1 0 0 0 
0 1 1 0 0 0 
0 0 0 1 0 0 

Solution nr. 341
1 0 1 0 0 0 
0 1 1 0 0 0 
0 0 0 0 1 1 

Solution nr. 342
1 0 1 0 0 0 
0 1 1 0 0 0 
0 0 0 0 1 0 

Solution nr. 343
1 0 1 0 0 0 
0 1 1 0 0 0 
0 0 0 0 0 1 

Solution nr. 344
1 0 1 0 0 0 
0 1 0 1 1 0 
0 0 0 0 0 1 

Solution nr. 345
1 0 1 0 0 0 
0 1 0 1 0 1 
0 0 0 0 1 1 

Solution nr. 346
1 0 1 0 0 0 
0 1 0 1 0 1 
0 0 0 0 1 0 

Solution nr. 347
1 0 1 0 0 0 
0 1 0 1 0 0 
0 0 0 0 1 1 

Solution nr. 348
1 0 1 0 0 0 
0 1 0 1 0 0 
0 0 0 0 1 0 

Solution nr. 349
1 0 1 0 0 0 
0 1 0 1 0 0 
0 0 0 0 0 1 

Solution nr. 350
1 0 1 0 0 0 
0 1 0 0 1 1 
0 0 0 1 1 1 

Solution nr. 351
1 0 1 0 0 0 
0 1 0 0 1 1 
0 0 0 1 1 0 

Solution nr. 352
1 0 1 0 0 0 
0 1 0 0 1 1 
0 0 0 1 0 1 

Solution nr. 353
1 0 1 0 0 0 
0 1 0 0 1 1 
0 0 0 1 0 0 

Solution nr. 354
1 0 1 0 0 0 
0 1 0 0 1 0 
0 0 0 1 1 1 

Solution nr. 355
1 0 1 0 0 0 
0 1 0 0 1 0 
0 0 0 1 1 0 

Solution nr. 356
1 0 1 0 0 0 
0 1 0 0 1 0 
0 0 0 1 0 1 

Solution nr. 357
1 0 1 0 0 0 
0 1 0 0 1 0 
0 0 0 1 0 0 

Solution nr. 358
1 0 1 0 0 0 
0 1 0 0 1 0 
0 0 0 0 0 1 

Solution nr. 359
1 0 1 0 0 0 
0 1 0 0 0 1 
0 0 0 1 1 1 

Solution nr. 360
1 0 1 0 0 0 
0 1 0 0 0 1 
0 0 0 1 1 0 

Solution nr. 361
1 0 1 0 0 0 
0 1 0 0 0 1 
0 0 0 1 0 1 

Solution nr. 362
1 0 1 0 0 0 
0 1 0 0 0 1 
0 0 0 1 0 0 

Solution nr. 363
1 0 1 0 0 0 
0 1 0 0 0 1 
0 0 0 0 1 1 

Solution nr. 364
1 0 1 0 0 0 
0 1 0 0 0 1 
0 0 0 0 1 0 

Solution nr. 365
1 0 1 0 0 0 
0 1 0 0 0 0 
0 0 0 1 1 1 

Solution nr. 366
1 0 1 0 0 0 
0 1 0 0 0 0 
0 0 0 1 1 0 

Solution nr. 367
1 0 1 0 0 0 
0 1 0 0 0 0 
0 0 0 1 0 1 

Solution nr. 368
1 0 1 0 0 0 
0 1 0 0 0 0 
0 0 0 1 0 0 

Solution nr. 369
1 0 1 0 0 0 
0 1 0 0 0 0 
0 0 0 0 1 1 

Solution nr. 370
1 0 1 0 0 0 
0 1 0 0 0 0 
0 0 0 0 1 0 

Solution nr. 371
1 0 1 0 0 0 
0 1 0 0 0 0 
0 0 0 0 0 1 

Solution nr. 372
1 0 1 0 0 0 
0 0 0 1 1 0 
0 0 0 0 0 1 

Solution nr. 373
1 0 1 0 0 0 
0 0 0 1 0 1 
0 0 0 0 1 1 

Solution nr. 374
1 0 1 0 0 0 
0 0 0 1 0 1 
0 0 0 0 1 0 

Solution nr. 375
1 0 1 0 0 0 
0 0 0 1 0 0 
0 0 0 0 1 1 

Solution nr. 376
1 0 1 0 0 0 
0 0 0 1 0 0 
0 0 0 0 1 0 

Solution nr. 377
1 0 1 0 0 0 
0 0 0 1 0 0 
0 0 0 0 0 1 

Solution nr. 378
1 0 1 0 0 0 
0 0 0 0 1 0 
0 0 0 0 0 1 

Solution nr. 379
1 0 0 1 1 1 
0 1 0 1 1 1 
0 0 1 1 1 1 

Solution nr. 380
1 0 0 1 1 1 
0 1 0 1 1 1 
0 0 1 1 1 0 

Solution nr. 381
1 0 0 1 1 1 
0 1 0 1 1 1 
0 0 1 1 0 1 

Solution nr. 382
1 0 0 1 1 1 
0 1 0 1 1 1 
0 0 1 1 0 0 

Solution nr. 383
1 0 0 1 1 1 
0 1 0 1 1 1 
0 0 1 0 1 1 

Solution nr. 384
1 0 0 1 1 1 
0 1 0 1 1 1 
0 0 1 0 1 0 

Solution nr. 385
1 0 0 1 1 1 
0 1 0 1 1 1 
0 0 1 0 0 1 

Solution nr. 386
1 0 0 1 1 1 
0 1 0 1 1 1 
0 0 1 0 0 0 

Solution nr. 387
1 0 0 1 1 1 
0 1 0 1 1 0 
0 0 1 1 1 1 

Solution nr. 388
1 0 0 1 1 1 
0 1 0 1 1 0 
0 0 1 1 1 0 

Solution nr. 389
1 0 0 1 1 1 
0 1 0 1 1 0 
0 0 1 1 0 1 

Solution nr. 390
1 0 0 1 1 1 
0 1 0 1 1 0 
0 0 1 1 0 0 

Solution nr. 391
1 0 0 1 1 1 
0 1 0 1 1 0 
0 0 1 0 1 1 

Solution nr. 392
1 0 0 1 1 1 
0 1 0 1 1 0 
0 0 1 0 1 0 

Solution nr. 393
1 0 0 1 1 1 
0 1 0 1 1 0 
0 0 1 0 0 1 

Solution nr. 394
1 0 0 1 1 1 
0 1 0 1 1 0 
0 0 1 0 0 0 

Solution nr. 395
1 0 0 1 1 1 
0 1 0 1 0 1 
0 0 1 1 1 1 

Solution nr. 396
1 0 0 1 1 1 
0 1 0 1 0 1 
0 0 1 1 1 0 

Solution nr. 397
1 0 0 1 1 1 
0 1 0 1 0 1 
0 0 1 1 0 1 

Solution nr. 398
1 0 0 1 1 1 
0 1 0 1 0 1 
0 0 1 1 0 0 

Solution nr. 399
1 0 0 1 1 1 
0 1 0 1 0 1 
0 0 1 0 1 1 

Solution nr. 400
1 0 0 1 1 1 
0 1 0 1 0 1 
0 0 1 0 1 0 

Solution nr. 401
1 0 0 1 1 1 
0 1 0 1 0 1 
0 0 1 0 0 1 

Solution nr. 402
1 0 0 1 1 1 
0 1 0 1 0 1 
0 0 1 0 0 0 

Solution nr. 403
1 0 0 1 1 1 
0 1 0 1 0 0 
0 0 1 1 1 1 

Solution nr. 404
1 0 0 1 1 1 
0 1 0 1 0 0 
0 0 1 1 1 0 

Solution nr. 405
1 0 0 1 1 1 
0 1 0 1 0 0 
0 0 1 1 0 1 

Solution nr. 406
1 0 0 1 1 1 
0 1 0 1 0 0 
0 0 1 1 0 0 

Solution nr. 407
1 0 0 1 1 1 
0 1 0 1 0 0 
0 0 1 0 1 1 

Solution nr. 408
1 0 0 1 1 1 
0 1 0 1 0 0 
0 0 1 0 1 0 

Solution nr. 409
1 0 0 1 1 1 
0 1 0 1 0 0 
0 0 1 0 0 1 

Solution nr. 410
1 0 0 1 1 1 
0 1 0 1 0 0 
0 0 1 0 0 0 

Solution nr. 411
1 0 0 1 1 1 
0 1 0 0 1 1 
0 0 1 1 1 1 

Solution nr. 412
1 0 0 1 1 1 
0 1 0 0 1 1 
0 0 1 1 1 0 

Solution nr. 413
1 0 0 1 1 1 
0 1 0 0 1 1 
0 0 1 1 0 1 

Solution nr. 414
1 0 0 1 1 1 
0 1 0 0 1 1 
0 0 1 1 0 0 

Solution nr. 415
1 0 0 1 1 1 
0 1 0 0 1 1 
0 0 1 0 1 1 

Solution nr. 416
1 0 0 1 1 1 
0 1 0 0 1 1 
0 0 1 0 1 0 

Solution nr. 417
1 0 0 1 1 1 
0 1 0 0 1 1 
0 0 1 0 0 1 

Solution nr. 418
1 0 0 1 1 1 
0 1 0 0 1 1 
0 0 1 0 0 0 

Solution nr. 419
1 0 0 1 1 1 
0 1 0 0 1 0 
0 0 1 1 1 1 

Solution nr. 420
1 0 0 1 1 1 
0 1 0 0 1 0 
0 0 1 1 1 0 

Solution nr. 421
1 0 0 1 1 1 
0 1 0 0 1 0 
0 0 1 1 0 1 

Solution nr. 422
1 0 0 1 1 1 
0 1 0 0 1 0 
0 0 1 1 0 0 

Solution nr. 423
1 0 0 1 1 1 
0 1 0 0 1 0 
0 0 1 0 1 1 

Solution nr. 424
1 0 0 1 1 1 
0 1 0 0 1 0 
0 0 1 0 1 0 

Solution nr. 425
1 0 0 1 1 1 
0 1 0 0 1 0 
0 0 1 0 0 1 

Solution nr. 426
1 0 0 1 1 1 
0 1 0 0 1 0 
0 0 1 0 0 0 

Solution nr. 427
1 0 0 1 1 1 
0 1 0 0 0 1 
0 0 1 1 1 1 

Solution nr. 428
1 0 0 1 1 1 
0 1 0 0 0 1 
0 0 1 1 1 0 

Solution nr. 429
1 0 0 1 1 1 
0 1 0 0 0 1 
0 0 1 1 0 1 

Solution nr. 430
1 0 0 1 1 1 
0 1 0 0 0 1 
0 0 1 1 0 0 

Solution nr. 431
1 0 0 1 1 1 
0 1 0 0 0 1 
0 0 1 0 1 1 

Solution nr. 432
1 0 0 1 1 1 
0 1 0 0 0 1 
0 0 1 0 1 0 

Solution nr. 433
1 0 0 1 1 1 
0 1 0 0 0 1 
0 0 1 0 0 1 

Solution nr. 434
1 0 0 1 1 1 
0 1 0 0 0 1 
0 0 1 0 0 0 

Solution nr. 435
1 0 0 1 1 1 
0 1 0 0 0 0 
0 0 1 1 1 1 

Solution nr. 436
1 0 0 1 1 1 
0 1 0 0 0 0 
0 0 1 1 1 0 

Solution nr. 437
1 0 0 1 1 1 
0 1 0 0 0 0 
0 0 1 1 0 1 

Solution nr. 438
1 0 0 1 1 1 
0 1 0 0 0 0 
0 0 1 1 0 0 

Solution nr. 439
1 0 0 1 1 1 
0 1 0 0 0 0 
0 0 1 0 1 1 

Solution nr. 440
1 0 0 1 1 1 
0 1 0 0 0 0 
0 0 1 0 1 0 

Solution nr. 441
1 0 0 1 1 1 
0 1 0 0 0 0 
0 0 1 0 0 1 

Solution nr. 442
1 0 0 1 1 1 
0 1 0 0 0 0 
0 0 1 0 0 0 

Solution nr. 443
1 0 0 1 1 0 
0 1 1 1 1 0 
0 0 0 0 0 1 

Solution nr. 444
1 0 0 1 1 0 
0 1 1 1 0 0 
0 0 0 0 0 1 

Solution nr. 445
1 0 0 1 1 0 
0 1 1 0 1 0 
0 0 0 0 0 1 

Solution nr. 446
1 0 0 1 1 0 
0 1 1 0 0 0 
0 0 0 0 0 1 

Solution nr. 447
1 0 0 1 1 0 
0 1 0 1 1 1 
0 0 1 1 1 1 

Solution nr. 448
1 0 0 1 1 0 
0 1 0 1 1 1 
0 0 1 1 1 0 

Solution nr. 449
1 0 0 1 1 0 
0 1 0 1 1 1 
0 0 1 1 0 1 

Solution nr. 450
1 0 0 1 1 0 
0 1 0 1 1 1 
0 0 1 1 0 0 

Solution nr. 451
1 0 0 1 1 0 
0 1 0 1 1 1 
0 0 1 0 1 1 

Solution nr. 452
1 0 0 1 1 0 
0 1 0 1 1 1 
0 0 1 0 1 0 

Solution nr. 453
1 0 0 1 1 0 
0 1 0 1 1 1 
0 0 1 0 0 1 

Solution nr. 454
1 0 0 1 1 0 
0 1 0 1 1 1 
0 0 1 0 0 0 

Solution nr. 455
1 0 0 1 1 0 
0 1 0 1 1 0 
0 0 1 1 1 1 

Solution nr. 456
1 0 0 1 1 0 
0 1 0 1 1 0 
0 0 1 1 1 0 

Solution nr. 457
1 0 0 1 1 0 
0 1 0 1 1 0 
0 0 1 1 0 1 

Solution nr. 458
1 0 0 1 1 0 
0 1 0 1 1 0 
0 0 1 1 0 0 

Solution nr. 459
1 0 0 1 1 0 
0 1 0 1 1 0 
0 0 1 0 1 1 

Solution nr. 460
1 0 0 1 1 0 
0 1 0 1 1 0 
0 0 1 0 1 0 

Solution nr. 461
1 0 0 1 1 0 
0 1 0 1 1 0 
0 0 1 0 0 1 

Solution nr. 462
1 0 0 1 1 0 
0 1 0 1 1 0 
0 0 1 0 0 0 

Solution nr. 463
1 0 0 1 1 0 
0 1 0 1 1 0 
0 0 0 0 0 1 

Solution nr. 464
1 0 0 1 1 0 
0 1 0 1 0 1 
0 0 1 1 1 1 

Solution nr. 465
1 0 0 1 1 0 
0 1 0 1 0 1 
0 0 1 1 1 0 

Solution nr. 466
1 0 0 1 1 0 
0 1 0 1 0 1 
0 0 1 1 0 1 

Solution nr. 467
1 0 0 1 1 0 
0 1 0 1 0 1 
0 0 1 1 0 0 

Solution nr. 468
1 0 0 1 1 0 
0 1 0 1 0 1 
0 0 1 0 1 1 

Solution nr. 469
1 0 0 1 1 0 
0 1 0 1 0 1 
0 0 1 0 1 0 

Solution nr. 470
1 0 0 1 1 0 
0 1 0 1 0 1 
0 0 1 0 0 1 

Solution nr. 471
1 0 0 1 1 0 
0 1 0 1 0 1 
0 0 1 0 0 0 

Solution nr. 472
1 0 0 1 1 0 
0 1 0 1 0 0 
0 0 1 1 1 1 

Solution nr. 473
1 0 0 1 1 0 
0 1 0 1 0 0 
0 0 1 1 1 0 

Solution nr. 474
1 0 0 1 1 0 
0 1 0 1 0 0 
0 0 1 1 0 1 

Solution nr. 475
1 0 0 1 1 0 
0 1 0 1 0 0 
0 0 1 1 0 0 

Solution nr. 476
1 0 0 1 1 0 
0 1 0 1 0 0 
0 0 1 0 1 1 

Solution nr. 477
1 0 0 1 1 0 
0 1 0 1 0 0 
0 0 1 0 1 0 

Solution nr. 478
1 0 0 1 1 0 
0 1 0 1 0 0 
0 0 1 0 0 1 

Solution nr. 479
1 0 0 1 1 0 
0 1 0 1 0 0 
0 0 1 0 0 0 

Solution nr. 480
1 0 0 1 1 0 
0 1 0 1 0 0 
0 0 0 0 0 1 

Solution nr. 481
1 0 0 1 1 0 
0 1 0 0 1 1 
0 0 1 1 1 1 

Solution nr. 482
1 0 0 1 1 0 
0 1 0 0 1 1 
0 0 1 1 1 0 

Solution nr. 483
1 0 0 1 1 0 
0 1 0 0 1 1 
0 0 1 1 0 1 

Solution nr. 484
1 0 0 1 1 0 
0 1 0 0 1 1 
0 0 1 1 0 0 

Solution nr. 485
1 0 0 1 1 0 
0 1 0 0 1 1 
0 0 1 0 1 1 

Solution nr. 486
1 0 0 1 1 0 
0 1 0 0 1 1 
0 0 1 0 1 0 

Solution nr. 487
1 0 0 1 1 0 
0 1 0 0 1 1 
0 0 1 0 0 1 

Solution nr. 488
1 0 0 1 1 0 
0 1 0 0 1 1 
0 0 1 0 0 0 

Solution nr. 489
1 0 0 1 1 0 
0 1 0 0 1 0 
0 0 1 1 1 1 

Solution nr. 490
1 0 0 1 1 0 
0 1 0 0 1 0 
0 0 1 1 1 0 

Solution nr. 491
1 0 0 1 1 0 
0 1 0 0 1 0 
0 0 1 1 0 1 

Solution nr. 492
1 0 0 1 1 0 
0 1 0 0 1 0 
0 0 1 1 0 0 

Solution nr. 493
1 0 0 1 1 0 
0 1 0 0 1 0 
0 0 1 0 1 1 

Solution nr. 494
1 0 0 1 1 0 
0 1 0 0 1 0 
0 0 1 0 1 0 

Solution nr. 495
1 0 0 1 1 0 
0 1 0 0 1 0 
0 0 1 0 0 1 

Solution nr. 496
1 0 0 1 1 0 
0 1 0 0 1 0 
0 0 1 0 0 0 

Solution nr. 497
1 0 0 1 1 0 
0 1 0 0 1 0 
0 0 0 0 0 1 

Solution nr. 498
1 0 0 1 1 0 
0 1 0 0 0 1 
0 0 1 1 1 1 

Solution nr. 499
1 0 0 1 1 0 
0 1 0 0 0 1 
0 0 1 1 1 0 

Solution nr. 500
1 0 0 1 1 0 
0 1 0 0 0 1 
0 0 1 1 0 1 

Solution nr. 501
1 0 0 1 1 0 
0 1 0 0 0 1 
0 0 1 1 0 0 

Solution nr. 502
1 0 0 1 1 0 
0 1 0 0 0 1 
0 0 1 0 1 1 

Solution nr. 503
1 0 0 1 1 0 
0 1 0 0 0 1 
0 0 1 0 1 0 

Solution nr. 504
1 0 0 1 1 0 
0 1 0 0 0 1 
0 0 1 0 0 1 

Solution nr. 505
1 0 0 1 1 0 
0 1 0 0 0 1 
0 0 1 0 0 0 

Solution nr. 506
1 0 0 1 1 0 
0 1 0 0 0 0 
0 0 1 1 1 1 

Solution nr. 507
1 0 0 1 1 0 
0 1 0 0 0 0 
0 0 1 1 1 0 

Solution nr. 508
1 0 0 1 1 0 
0 1 0 0 0 0 
0 0 1 1 0 1 

Solution nr. 509
1 0 0 1 1 0 
0 1 0 0 0 0 
0 0 1 1 0 0 

Solution nr. 510
1 0 0 1 1 0 
0 1 0 0 0 0 
0 0 1 0 1 1 

Solution nr. 511
1 0 0 1 1 0 
0 1 0 0 0 0 
0 0 1 0 1 0 

Solution nr. 512
1 0 0 1 1 0 
0 1 0 0 0 0 
0 0 1 0 0 1 

Solution nr. 513
1 0 0 1 1 0 
0 1 0 0 0 0 
0 0 1 0 0 0 

Solution nr. 514
1 0 0 1 1 0 
0 1 0 0 0 0 
0 0 0 0 0 1 

Solution nr. 515
1 0 0 1 1 0 
0 0 1 1 1 0 
0 0 0 0 0 1 

Solution nr. 516
1 0 0 1 1 0 
0 0 1 1 0 0 
0 0 0 0 0 1 

Solution nr. 517
1 0 0 1 1 0 
0 0 1 0 1 0 
0 0 0 0 0 1 

Solution nr. 518
1 0 0 1 1 0 
0 0 1 0 0 0 
0 0 0 0 0 1 

Solution nr. 519
1 0 0 1 0 1 
0 1 1 1 0 1 
0 0 0 0 1 1 

Solution nr. 520
1 0 0 1 0 1 
0 1 1 1 0 1 
0 0 0 0 1 0 

Solution nr. 521
1 0 0 1 0 1 
0 1 1 1 0 0 
0 0 0 0 1 1 

Solution nr. 522
1 0 0 1 0 1 
0 1 1 1 0 0 
0 0 0 0 1 0 

Solution nr. 523
1 0 0 1 0 1 
0 1 1 0 0 1 
0 0 0 0 1 1 

Solution nr. 524
1 0 0 1 0 1 
0 1 1 0 0 1 
0 0 0 0 1 0 

Solution nr. 525
1 0 0 1 0 1 
0 1 1 0 0 0 
0 0 0 0 1 1 

Solution nr. 526
1 0 0 1 0 1 
0 1 1 0 0 0 
0 0 0 0 1 0 

Solution nr. 527
1 0 0 1 0 1 
0 1 0 1 1 1 
0 0 1 1 1 1 

Solution nr. 528
1 0 0 1 0 1 
0 1 0 1 1 1 
0 0 1 1 1 0 

Solution nr. 529
1 0 0 1 0 1 
0 1 0 1 1 1 
0 0 1 1 0 1 

Solution nr. 530
1 0 0 1 0 1 
0 1 0 1 1 1 
0 0 1 1 0 0 

Solution nr. 531
1 0 0 1 0 1 
0 1 0 1 1 1 
0 0 1 0 1 1 

Solution nr. 532
1 0 0 1 0 1 
0 1 0 1 1 1 
0 0 1 0 1 0 

Solution nr. 533
1 0 0 1 0 1 
0 1 0 1 1 1 
0 0 1 0 0 1 

Solution nr. 534
1 0 0 1 0 1 
0 1 0 1 1 1 
0 0 1 0 0 0 

Solution nr. 535
1 0 0 1 0 1 
0 1 0 1 1 0 
0 0 1 1 1 1 

Solution nr. 536
1 0 0 1 0 1 
0 1 0 1 1 0 
0 0 1 1 1 0 

Solution nr. 537
1 0 0 1 0 1 
0 1 0 1 1 0 
0 0 1 1 0 1 

Solution nr. 538
1 0 0 1 0 1 
0 1 0 1 1 0 
0 0 1 1 0 0 

Solution nr. 539
1 0 0 1 0 1 
0 1 0 1 1 0 
0 0 1 0 1 1 

Solution nr. 540
1 0 0 1 0 1 
0 1 0 1 1 0 
0 0 1 0 1 0 

Solution nr. 541
1 0 0 1 0 1 
0 1 0 1 1 0 
0 0 1 0 0 1 

Solution nr. 542
1 0 0 1 0 1 
0 1 0 1 1 0 
0 0 1 0 0 0 

Solution nr. 543
1 0 0 1 0 1 
0 1 0 1 0 1 
0 0 1 1 1 1 

Solution nr. 544
1 0 0 1 0 1 
0 1 0 1 0 1 
0 0 1 1 1 0 

Solution nr. 545
1 0 0 1 0 1 
0 1 0 1 0 1 
0 0 1 1 0 1 

Solution nr. 546
1 0 0 1 0 1 
0 1 0 1 0 1 
0 0 1 1 0 0 

Solution nr. 547
1 0 0 1 0 1 
0 1 0 1 0 1 
0 0 1 0 1 1 

Solution nr. 548
1 0 0 1 0 1 
0 1 0 1 0 1 
0 0 1 0 1 0 

Solution nr. 549
1 0 0 1 0 1 
0 1 0 1 0 1 
0 0 1 0 0 1 

Solution nr. 550
1 0 0 1 0 1 
0 1 0 1 0 1 
0 0 1 0 0 0 

Solution nr. 551
1 0 0 1 0 1 
0 1 0 1 0 1 
0 0 0 0 1 1 

Solution nr. 552
1 0 0 1 0 1 
0 1 0 1 0 1 
0 0 0 0 1 0 

Solution nr. 553
1 0 0 1 0 1 
0 1 0 1 0 0 
0 0 1 1 1 1 

Solution nr. 554
1 0 0 1 0 1 
0 1 0 1 0 0 
0 0 1 1 1 0 

Solution nr. 555
1 0 0 1 0 1 
0 1 0 1 0 0 
0 0 1 1 0 1 

Solution nr. 556
1 0 0 1 0 1 
0 1 0 1 0 0 
0 0 1 1 0 0 

Solution nr. 557
1 0 0 1 0 1 
0 1 0 1 0 0 
0 0 1 0 1 1 

Solution nr. 558
1 0 0 1 0 1 
0 1 0 1 0 0 
0 0 1 0 1 0 

Solution nr. 559
1 0 0 1 0 1 
0 1 0 1 0 0 
0 0 1 0 0 1 

Solution nr. 560
1 0 0 1 0 1 
0 1 0 1 0 0 
0 0 1 0 0 0 

Solution nr. 561
1 0 0 1 0 1 
0 1 0 1 0 0 
0 0 0 0 1 1 

Solution nr. 562
1 0 0 1 0 1 
0 1 0 1 0 0 
0 0 0 0 1 0 

Solution nr. 563
1 0 0 1 0 1 
0 1 0 0 1 1 
0 0 1 1 1 1 

Solution nr. 564
1 0 0 1 0 1 
0 1 0 0 1 1 
0 0 1 1 1 0 

Solution nr. 565
1 0 0 1 0 1 
0 1 0 0 1 1 
0 0 1 1 0 1 

Solution nr. 566
1 0 0 1 0 1 
0 1 0 0 1 1 
0 0 1 1 0 0 

Solution nr. 567
1 0 0 1 0 1 
0 1 0 0 1 1 
0 0 1 0 1 1 

Solution nr. 568
1 0 0 1 0 1 
0 1 0 0 1 1 
0 0 1 0 1 0 

Solution nr. 569
1 0 0 1 0 1 
0 1 0 0 1 1 
0 0 1 0 0 1 

Solution nr. 570
1 0 0 1 0 1 
0 1 0 0 1 1 
0 0 1 0 0 0 

Solution nr. 571
1 0 0 1 0 1 
0 1 0 0 1 0 
0 0 1 1 1 1 

Solution nr. 572
1 0 0 1 0 1 
0 1 0 0 1 0 
0 0 1 1 1 0 

Solution nr. 573
1 0 0 1 0 1 
0 1 0 0 1 0 
0 0 1 1 0 1 

Solution nr. 574
1 0 0 1 0 1 
0 1 0 0 1 0 
0 0 1 1 0 0 

Solution nr. 575
1 0 0 1 0 1 
0 1 0 0 1 0 
0 0 1 0 1 1 

Solution nr. 576
1 0 0 1 0 1 
0 1 0 0 1 0 
0 0 1 0 1 0 

Solution nr. 577
1 0 0 1 0 1 
0 1 0 0 1 0 
0 0 1 0 0 1 

Solution nr. 578
1 0 0 1 0 1 
0 1 0 0 1 0 
0 0 1 0 0 0 

Solution nr. 579
1 0 0 1 0 1 
0 1 0 0 0 1 
0 0 1 1 1 1 

Solution nr. 580
1 0 0 1 0 1 
0 1 0 0 0 1 
0 0 1 1 1 0 

Solution nr. 581
1 0 0 1 0 1 
0 1 0 0 0 1 
0 0 1 1 0 1 

Solution nr. 582
1 0 0 1 0 1 
0 1 0 0 0 1 
0 0 1 1 0 0 

Solution nr. 583
1 0 0 1 0 1 
0 1 0 0 0 1 
0 0 1 0 1 1 

Solution nr. 584
1 0 0 1 0 1 
0 1 0 0 0 1 
0 0 1 0 1 0 

Solution nr. 585
1 0 0 1 0 1 
0 1 0 0 0 1 
0 0 1 0 0 1 

Solution nr. 586
1 0 0 1 0 1 
0 1 0 0 0 1 
0 0 1 0 0 0 

Solution nr. 587
1 0 0 1 0 1 
0 1 0 0 0 1 
0 0 0 0 1 1 

Solution nr. 588
1 0 0 1 0 1 
0 1 0 0 0 1 
0 0 0 0 1 0 

Solution nr. 589
1 0 0 1 0 1 
0 1 0 0 0 0 
0 0 1 1 1 1 

Solution nr. 590
1 0 0 1 0 1 
0 1 0 0 0 0 
0 0 1 1 1 0 

Solution nr. 591
1 0 0 1 0 1 
0 1 0 0 0 0 
0 0 1 1 0 1 

Solution nr. 592
1 0 0 1 0 1 
0 1 0 0 0 0 
0 0 1 1 0 0 

Solution nr. 593
1 0 0 1 0 1 
0 1 0 0 0 0 
0 0 1 0 1 1 

Solution nr. 594
1 0 0 1 0 1 
0 1 0 0 0 0 
0 0 1 0 1 0 

Solution nr. 595
1 0 0 1 0 1 
0 1 0 0 0 0 
0 0 1 0 0 1 

Solution nr. 596
1 0 0 1 0 1 
0 1 0 0 0 0 
0 0 1 0 0 0 

Solution nr. 597
1 0 0 1 0 1 
0 1 0 0 0 0 
0 0 0 0 1 1 

Solution nr. 598
1 0 0 1 0 1 
0 1 0 0 0 0 
0 0 0 0 1 0 

Solution nr. 599
1 0 0 1 0 1 
0 0 1 1 0 1 
0 0 0 0 1 1 

Solution nr. 600
1 0 0 1 0 1 
0 0 1 1 0 1 
0 0 0 0 1 0 

Solution nr. 601
1 0 0 1 0 1 
0 0 1 1 0 0 
0 0 0 0 1 1 

Solution nr. 602
1 0 0 1 0 1 
0 0 1 1 0 0 
0 0 0 0 1 0 

Solution nr. 603
1 0 0 1 0 1 
0 0 1 0 0 1 
0 0 0 0 1 1 

Solution nr. 604
1 0 0 1 0 1 
0 0 1 0 0 1 
0 0 0 0 1 0 

Solution nr. 605
1 0 0 1 0 1 
0 0 1 0 0 0 
0 0 0 0 1 1 

Solution nr. 606
1 0 0 1 0 1 
0 0 1 0 0 0 
0 0 0 0 1 0 

Solution nr. 607
1 0 0 1 0 0 
0 1 1 1 1 0 
0 0 0 0 0 1 

Solution nr. 608
1 0 0 1 0 0 
0 1 1 1 0 1 
0 0 0 0 1 1 

Solution nr. 609
1 0 0 1 0 0 
0 1 1 1 0 1 
0 0 0 0 1 0 

Solution nr. 610
1 0 0 1 0 0 
0 1 1 1 0 0 
0 0 0 0 1 1 

Solution nr. 611
1 0 0 1 0 0 
0 1 1 1 0 0 
0 0 0 0 1 0 

Solution nr. 612
1 0 0 1 0 0 
0 1 1 1 0 0 
0 0 0 0 0 1 

Solution nr. 613
1 0 0 1 0 0 
0 1 1 0 1 0 
0 0 0 0 0 1 

Solution nr. 614
1 0 0 1 0 0 
0 1 1 0 0 1 
0 0 0 0 1 1 

Solution nr. 615
1 0 0 1 0 0 
0 1 1 0 0 1 
0 0 0 0 1 0 

Solution nr. 616
1 0 0 1 0 0 
0 1 1 0 0 0 
0 0 0 0 1 1 

Solution nr. 617
1 0 0 1 0 0 
0 1 1 0 0 0 
0 0 0 0 1 0 

Solution nr. 618
1 0 0 1 0 0 
0 1 1 0 0 0 
0 0 0 0 0 1 

Solution nr. 619
1 0 0 1 0 0 
0 1 0 1 1 1 
0 0 1 1 1 1 

Solution nr. 620
1 0 0 1 0 0 
0 1 0 1 1 1 
0 0 1 1 1 0 

Solution nr. 621
1 0 0 1 0 0 
0 1 0 1 1 1 
0 0 1 1 0 1 

Solution nr. 622
1 0 0 1 0 0 
0 1 0 1 1 1 
0 0 1 1 0 0 

Solution nr. 623
1 0 0 1 0 0 
0 1 0 1 1 1 
0 0 1 0 1 1 

Solution nr. 624
1 0 0 1 0 0 
0 1 0 1 1 1 
0 0 1 0 1 0 

Solution nr. 625
1 0 0 1 0 0 
0 1 0 1 1 1 
0 0 1 0 0 1 

Solution nr. 626
1 0 0 1 0 0 
0 1 0 1 1 1 
0 0 1 0 0 0 

Solution nr. 627
1 0 0 1 0 0 
0 1 0 1 1 0 
0 0 1 1 1 1 

Solution nr. 628
1 0 0 1 0 0 
0 1 0 1 1 0 
0 0 1 1 1 0 

Solution nr. 629
1 0 0 1 0 0 
0 1 0 1 1 0 
0 0 1 1 0 1 

Solution nr. 630
1 0 0 1 0 0 
0 1 0 1 1 0 
0 0 1 1 0 0 

Solution nr. 631
1 0 0 1 0 0 
0 1 0 1 1 0 
0 0 1 0 1 1 

Solution nr. 632
1 0 0 1 0 0 
0 1 0 1 1 0 
0 0 1 0 1 0 

Solution nr. 633
1 0 0 1 0 0 
0 1 0 1 1 0 
0 0 1 0 0 1 

Solution nr. 634
1 0 0 1 0 0 
0 1 0 1 1 0 
0 0 1 0 0 0 

Solution nr. 635
1 0 0 1 0 0 
0 1 0 1 1 0 
0 0 0 0 0 1 

Solution nr. 636
1 0 0 1 0 0 
0 1 0 1 0 1 
0 0 1 1 1 1 

Solution nr. 637
1 0 0 1 0 0 
0 1 0 1 0 1 
0 0 1 1 1 0 

Solution nr. 638
1 0 0 1 0 0 
0 1 0 1 0 1 
0 0 1 1 0 1 

Solution nr. 639
1 0 0 1 0 0 
0 1 0 1 0 1 
0 0 1 1 0 0 

Solution nr. 640
1 0 0 1 0 0 
0 1 0 1 0 1 
0 0 1 0 1 1 

Solution nr. 641
1 0 0 1 0 0 
0 1 0 1 0 1 
0 0 1 0 1 0 

Solution nr. 642
1 0 0 1 0 0 
0 1 0 1 0 1 
0 0 1 0 0 1 

Solution nr. 643
1 0 0 1 0 0 
0 1 0 1 0 1 
0 0 1 0 0 0 

Solution nr. 644
1 0 0 1 0 0 
0 1 0 1 0 1 
0 0 0 0 1 1 

Solution nr. 645
1 0 0 1 0 0 
0 1 0 1 0 1 
0 0 0 0 1 0 

Solution nr. 646
1 0 0 1 0 0 
0 1 0 1 0 0 
0 0 1 1 1 1 

Solution nr. 647
1 0 0 1 0 0 
0 1 0 1 0 0 
0 0 1 1 1 0 

Solution nr. 648
1 0 0 1 0 0 
0 1 0 1 0 0 
0 0 1 1 0 1 

Solution nr. 649
1 0 0 1 0 0 
0 1 0 1 0 0 
0 0 1 1 0 0 

Solution nr. 650
1 0 0 1 0 0 
0 1 0 1 0 0 
0 0 1 0 1 1 

Solution nr. 651
1 0 0 1 0 0 
0 1 0 1 0 0 
0 0 1 0 1 0 

Solution nr. 652
1 0 0 1 0 0 
0 1 0 1 0 0 
0 0 1 0 0 1 

Solution nr. 653
1 0 0 1 0 0 
0 1 0 1 0 0 
0 0 1 0 0 0 

Solution nr. 654
1 0 0 1 0 0 
0 1 0 1 0 0 
0 0 0 0 1 1 

Solution nr. 655
1 0 0 1 0 0 
0 1 0 1 0 0 
0 0 0 0 1 0 

Solution nr. 656
1 0 0 1 0 0 
0 1 0 1 0 0 
0 0 0 0 0 1 

Solution nr. 657
1 0 0 1 0 0 
0 1 0 0 1 1 
0 0 1 1 1 1 

Solution nr. 658
1 0 0 1 0 0 
0 1 0 0 1 1 
0 0 1 1 1 0 

Solution nr. 659
1 0 0 1 0 0 
0 1 0 0 1 1 
0 0 1 1 0 1 

Solution nr. 660
1 0 0 1 0 0 
0 1 0 0 1 1 
0 0 1 1 0 0 

Solution nr. 661
1 0 0 1 0 0 
0 1 0 0 1 1 
0 0 1 0 1 1 

Solution nr. 662
1 0 0 1 0 0 
0 1 0 0 1 1 
0 0 1 0 1 0 

Solution nr. 663
1 0 0 1 0 0 
0 1 0 0 1 1 
0 0 1 0 0 1 

Solution nr. 664
1 0 0 1 0 0 
0 1 0 0 1 1 
0 0 1 0 0 0 

Solution nr. 665
1 0 0 1 0 0 
0 1 0 0 1 0 
0 0 1 1 1 1 

Solution nr. 666
1 0 0 1 0 0 
0 1 0 0 1 0 
0 0 1 1 1 0 

Solution nr. 667
1 0 0 1 0 0 
0 1 0 0 1 0 
0 0 1 1 0 1 

Solution nr. 668
1 0 0 1 0 0 
0 1 0 0 1 0 
0 0 1 1 0 0 

Solution nr. 669
1 0 0 1 0 0 
0 1 0 0 1 0 
0 0 1 0 1 1 

Solution nr. 670
1 0 0 1 0 0 
0 1 0 0 1 0 
0 0 1 0 1 0 

Solution nr. 671
1 0 0 1 0 0 
0 1 0 0 1 0 
0 0 1 0 0 1 

Solution nr. 672
1 0 0 1 0 0 
0 1 0 0 1 0 
0 0 1 0 0 0 

Solution nr. 673
1 0 0 1 0 0 
0 1 0 0 1 0 
0 0 0 0 0 1 

Solution nr. 674
1 0 0 1 0 0 
0 1 0 0 0 1 
0 0 1 1 1 1 

Solution nr. 675
1 0 0 1 0 0 
0 1 0 0 0 1 
0 0 1 1 1 0 

Solution nr. 676
1 0 0 1 0 0 
0 1 0 0 0 1 
0 0 1 1 0 1 

Solution nr. 677
1 0 0 1 0 0 
0 1 0 0 0 1 
0 0 1 1 0 0 

Solution nr. 678
1 0 0 1 0 0 
0 1 0 0 0 1 
0 0 1 0 1 1 

Solution nr. 679
1 0 0 1 0 0 
0 1 0 0 0 1 
0 0 1 0 1 0 

Solution nr. 680
1 0 0 1 0 0 
0 1 0 0 0 1 
0 0 1 0 0 1 

Solution nr. 681
1 0 0 1 0 0 
0 1 0 0 0 1 
0 0 1 0 0 0 

Solution nr. 682
1 0 0 1 0 0 
0 1 0 0 0 1 
0 0 0 0 1 1 

Solution nr. 683
1 0 0 1 0 0 
0 1 0 0 0 1 
0 0 0 0 1 0 

Solution nr. 684
1 0 0 1 0 0 
0 1 0 0 0 0 
0 0 1 1 1 1 

Solution nr. 685
1 0 0 1 0 0 
0 1 0 0 0 0 
0 0 1 1 1 0 

Solution nr. 686
1 0 0 1 0 0 
0 1 0 0 0 0 
0 0 1 1 0 1 

Solution nr. 687
1 0 0 1 0 0 
0 1 0 0 0 0 
0 0 1 1 0 0 

Solution nr. 688
1 0 0 1 0 0 
0 1 0 0 0 0 
0 0 1 0 1 1 

Solution nr. 689
1 0 0 1 0 0 
0 1 0 0 0 0 
0 0 1 0 1 0 

Solution nr. 690
1 0 0 1 0 0 
0 1 0 0 0 0 
0 0 1 0 0 1 

Solution nr. 691
1 0 0 1 0 0 
0 1 0 0 0 0 
0 0 1 0 0 0 

Solution nr. 692
1 0 0 1 0 0 
0 1 0 0 0 0 
0 0 0 0 1 1 

Solution nr. 693
1 0 0 1 0 0 
0 1 0 0 0 0 
0 0 0 0 1 0 

Solution nr. 694
1 0 0 1 0 0 
0 1 0 0 0 0 
0 0 0 0 0 1 

Solution nr. 695
1 0 0 1 0 0 
0 0 1 1 1 0 
0 0 0 0 0 1 

Solution nr. 696
1 0 0 1 0 0 
0 0 1 1 0 1 
0 0 0 0 1 1 

Solution nr. 697
1 0 0 1 0 0 
0 0 1 1 0 1 
0 0 0 0 1 0 

Solution nr. 698
1 0 0 1 0 0 
0 0 1 1 0 0 
0 0 0 0 1 1 

Solution nr. 699
1 0 0 1 0 0 
0 0 1 1 0 0 
0 0 0 0 1 0 

Solution nr. 700
1 0 0 1 0 0 
0 0 1 1 0 0 
0 0 0 0 0 1 

Solution nr. 701
1 0 0 1 0 0 
0 0 1 0 1 0 
0 0 0 0 0 1 

Solution nr. 702
1 0 0 1 0 0 
0 0 1 0 0 1 
0 0 0 0 1 1 

Solution nr. 703
1 0 0 1 0 0 
0 0 1 0 0 1 
0 0 0 0 1 0 

Solution nr. 704
1 0 0 1 0 0 
0 0 1 0 0 0 
0 0 0 0 1 1 

Solution nr. 705
1 0 0 1 0 0 
0 0 1 0 0 0 
0 0 0 0 1 0 

Solution nr. 706
1 0 0 1 0 0 
0 0 1 0 0 0 
0 0 0 0 0 1 

Solution nr. 707
1 0 0 1 0 0 
0 0 0 0 1 0 
0 0 0 0 0 1 

Solution nr. 708
1 0 0 0 1 1 
0 1 1 0 1 1 
0 0 0 1 1 1 

Solution nr. 709
1 0 0 0 1 1 
0 1 1 0 1 1 
0 0 0 1 1 0 

Solution nr. 710
1 0 0 0 1 1 
0 1 1 0 1 1 
0 0 0 1 0 1 

Solution nr. 711
1 0 0 0 1 1 
0 1 1 0 1 1 
0 0 0 1 0 0 

Solution nr. 712
1 0 0 0 1 1 
0 1 1 0 1 0 
0 0 0 1 1 1 

Solution nr. 713
1 0 0 0 1 1 
0 1 1 0 1 0 
0 0 0 1 1 0 

Solution nr. 714
1 0 0 0 1 1 
0 1 1 0 1 0 
0 0 0 1 0 1 

Solution nr. 715
1 0 0 0 1 1 
0 1 1 0 1 0 
0 0 0 1 0 0 

Solution nr. 716
1 0 0 0 1 1 
0 1 1 0 0 1 
0 0 0 1 1 1 

Solution nr. 717
1 0 0 0 1 1 
0 1 1 0 0 1 
0 0 0 1 1 0 

Solution nr. 718
1 0 0 0 1 1 
0 1 1 0 0 1 
0 0 0 1 0 1 

Solution nr. 719
1 0 0 0 1 1 
0 1 1 0 0 1 
0 0 0 1 0 0 

Solution nr. 720
1 0 0 0 1 1 
0 1 1 0 0 0 
0 0 0 1 1 1 

Solution nr. 721
1 0 0 0 1 1 
0 1 1 0 0 0 
0 0 0 1 1 0 

Solution nr. 722
1 0 0 0 1 1 
0 1 1 0 0 0 
0 0 0 1 0 1 

Solution nr. 723
1 0 0 0 1 1 
0 1 1 0 0 0 
0 0 0 1 0 0 

Solution nr. 724
1 0 0 0 1 1 
0 1 0 1 1 1 
0 0 1 1 1 1 

Solution nr. 725
1 0 0 0 1 1 
0 1 0 1 1 1 
0 0 1 1 1 0 

Solution nr. 726
1 0 0 0 1 1 
0 1 0 1 1 1 
0 0 1 1 0 1 

Solution nr. 727
1 0 0 0 1 1 
0 1 0 1 1 1 
0 0 1 1 0 0 

Solution nr. 728
1 0 0 0 1 1 
0 1 0 1 1 1 
0 0 1 0 1 1 

Solution nr. 729
1 0 0 0 1 1 
0 1 0 1 1 1 
0 0 1 0 1 0 

Solution nr. 730
1 0 0 0 1 1 
0 1 0 1 1 1 
0 0 1 0 0 1 

Solution nr. 731
1 0 0 0 1 1 
0 1 0 1 1 1 
0 0 1 0 0 0 

Solution nr. 732
1 0 0 0 1 1 
0 1 0 1 1 0 
0 0 1 1 1 1 

Solution nr. 733
1 0 0 0 1 1 
0 1 0 1 1 0 
0 0 1 1 1 0 

Solution nr. 734
1 0 0 0 1 1 
0 1 0 1 1 0 
0 0 1 1 0 1 

Solution nr. 735
1 0 0 0 1 1 
0 1 0 1 1 0 
0 0 1 1 0 0 

Solution nr. 736
1 0 0 0 1 1 
0 1 0 1 1 0 
0 0 1 0 1 1 

Solution nr. 737
1 0 0 0 1 1 
0 1 0 1 1 0 
0 0 1 0 1 0 

Solution nr. 738
1 0 0 0 1 1 
0 1 0 1 1 0 
0 0 1 0 0 1 

Solution nr. 739
1 0 0 0 1 1 
0 1 0 1 1 0 
0 0 1 0 0 0 

Solution nr. 740
1 0 0 0 1 1 
0 1 0 1 0 1 
0 0 1 1 1 1 

Solution nr. 741
1 0 0 0 1 1 
0 1 0 1 0 1 
0 0 1 1 1 0 

Solution nr. 742
1 0 0 0 1 1 
0 1 0 1 0 1 
0 0 1 1 0 1 

Solution nr. 743
1 0 0 0 1 1 
0 1 0 1 0 1 
0 0 1 1 0 0 

Solution nr. 744
1 0 0 0 1 1 
0 1 0 1 0 1 
0 0 1 0 1 1 

Solution nr. 745
1 0 0 0 1 1 
0 1 0 1 0 1 
0 0 1 0 1 0 

Solution nr. 746
1 0 0 0 1 1 
0 1 0 1 0 1 
0 0 1 0 0 1 

Solution nr. 747
1 0 0 0 1 1 
0 1 0 1 0 1 
0 0 1 0 0 0 

Solution nr. 748
1 0 0 0 1 1 
0 1 0 1 0 0 
0 0 1 1 1 1 

Solution nr. 749
1 0 0 0 1 1 
0 1 0 1 0 0 
0 0 1 1 1 0 

Solution nr. 750
1 0 0 0 1 1 
0 1 0 1 0 0 
0 0 1 1 0 1 

Solution nr. 751
1 0 0 0 1 1 
0 1 0 1 0 0 
0 0 1 1 0 0 

Solution nr. 752
1 0 0 0 1 1 
0 1 0 1 0 0 
0 0 1 0 1 1 

Solution nr. 753
1 0 0 0 1 1 
0 1 0 1 0 0 
0 0 1 0 1 0 

Solution nr. 754
1 0 0 0 1 1 
0 1 0 1 0 0 
0 0 1 0 0 1 

Solution nr. 755
1 0 0 0 1 1 
0 1 0 1 0 0 
0 0 1 0 0 0 

Solution nr. 756
1 0 0 0 1 1 
0 1 0 0 1 1 
0 0 1 1 1 1 

Solution nr. 757
1 0 0 0 1 1 
0 1 0 0 1 1 
0 0 1 1 1 0 

Solution nr. 758
1 0 0 0 1 1 
0 1 0 0 1 1 
0 0 1 1 0 1 

Solution nr. 759
1 0 0 0 1 1 
0 1 0 0 1 1 
0 0 1 1 0 0 

Solution nr. 760
1 0 0 0 1 1 
0 1 0 0 1 1 
0 0 1 0 1 1 

Solution nr. 761
1 0 0 0 1 1 
0 1 0 0 1 1 
0 0 1 0 1 0 

Solution nr. 762
1 0 0 0 1 1 
0 1 0 0 1 1 
0 0 1 0 0 1 

Solution nr. 763
1 0 0 0 1 1 
0 1 0 0 1 1 
0 0 1 0 0 0 

Solution nr. 764
1 0 0 0 1 1 
0 1 0 0 1 1 
0 0 0 1 1 1 

Solution nr. 765
1 0 0 0 1 1 
0 1 0 0 1 1 
0 0 0 1 1 0 

Solution nr. 766
1 0 0 0 1 1 
0 1 0 0 1 1 
0 0 0 1 0 1 

Solution nr. 767
1 0 0 0 1 1 
0 1 0 0 1 1 
0 0 0 1 0 0 

Solution nr. 768
1 0 0 0 1 1 
0 1 0 0 1 0 
0 0 1 1 1 1 

Solution nr. 769
1 0 0 0 1 1 
0 1 0 0 1 0 
0 0 1 1 1 0 

Solution nr. 770
1 0 0 0 1 1 
0 1 0 0 1 0 
0 0 1 1 0 1 

Solution nr. 771
1 0 0 0 1 1 
0 1 0 0 1 0 
0 0 1 1 0 0 

Solution nr. 772
1 0 0 0 1 1 
0 1 0 0 1 0 
0 0 1 0 1 1 

Solution nr. 773
1 0 0 0 1 1 
0 1 0 0 1 0 
0 0 1 0 1 0 

Solution nr. 774
1 0 0 0 1 1 
0 1 0 0 1 0 
0 0 1 0 0 1 

Solution nr. 775
1 0 0 0 1 1 
0 1 0 0 1 0 
0 0 1 0 0 0 

Solution nr. 776
1 0 0 0 1 1 
0 1 0 0 1 0 
0 0 0 1 1 1 

Solution nr. 777
1 0 0 0 1 1 
0 1 0 0 1 0 
0 0 0 1 1 0 

Solution nr. 778
1 0 0 0 1 1 
0 1 0 0 1 0 
0 0 0 1 0 1 

Solution nr. 779
1 0 0 0 1 1 
0 1 0 0 1 0 
0 0 0 1 0 0 

Solution nr. 780
1 0 0 0 1 1 
0 1 0 0 0 1 
0 0 1 1 1 1 

Solution nr. 781
1 0 0 0 1 1 
0 1 0 0 0 1 
0 0 1 1 1 0 

Solution nr. 782
1 0 0 0 1 1 
0 1 0 0 0 1 
0 0 1 1 0 1 

Solution nr. 783
1 0 0 0 1 1 
0 1 0 0 0 1 
0 0 1 1 0 0 

Solution nr. 784
1 0 0 0 1 1 
0 1 0 0 0 1 
0 0 1 0 1 1 

Solution nr. 785
1 0 0 0 1 1 
0 1 0 0 0 1 
0 0 1 0 1 0 

Solution nr. 786
1 0 0 0 1 1 
0 1 0 0 0 1 
0 0 1 0 0 1 

Solution nr. 787
1 0 0 0 1 1 
0 1 0 0 0 1 
0 0 1 0 0 0 

Solution nr. 788
1 0 0 0 1 1 
0 1 0 0 0 1 
0 0 0 1 1 1 

Solution nr. 789
1 0 0 0 1 1 
0 1 0 0 0 1 
0 0 0 1 1 0 

Solution nr. 790
1 0 0 0 1 1 
0 1 0 0 0 1 
0 0 0 1 0 1 

Solution nr. 791
1 0 0 0 1 1 
0 1 0 0 0 1 
0 0 0 1 0 0 

Solution nr. 792
1 0 0 0 1 1 
0 1 0 0 0 0 
0 0 1 1 1 1 

Solution nr. 793
1 0 0 0 1 1 
0 1 0 0 0 0 
0 0 1 1 1 0 

Solution nr. 794
1 0 0 0 1 1 
0 1 0 0 0 0 
0 0 1 1 0 1 

Solution nr. 795
1 0 0 0 1 1 
0 1 0 0 0 0 
0 0 1 1 0 0 

Solution nr. 796
1 0 0 0 1 1 
0 1 0 0 0 0 
0 0 1 0 1 1 

Solution nr. 797
1 0 0 0 1 1 
0 1 0 0 0 0 
0 0 1 0 1 0 

Solution nr. 798
1 0 0 0 1 1 
0 1 0 0 0 0 
0 0 1 0 0 1 

Solution nr. 799
1 0 0 0 1 1 
0 1 0 0 0 0 
0 0 1 0 0 0 

Solution nr. 800
1 0 0 0 1 1 
0 1 0 0 0 0 
0 0 0 1 1 1 

Solution nr. 801
1 0 0 0 1 1 
0 1 0 0 0 0 
0 0 0 1 1 0 

Solution nr. 802
1 0 0 0 1 1 
0 1 0 0 0 0 
0 0 0 1 0 1 

Solution nr. 803
1 0 0 0 1 1 
0 1 0 0 0 0 
0 0 0 1 0 0 

Solution nr. 804
1 0 0 0 1 1 
0 0 1 0 1 1 
0 0 0 1 1 1 

Solution nr. 805
1 0 0 0 1 1 
0 0 1 0 1 1 
0 0 0 1 1 0 

Solution nr. 806
1 0 0 0 1 1 
0 0 1 0 1 1 
0 0 0 1 0 1 

Solution nr. 807
1 0 0 0 1 1 
0 0 1 0 1 1 
0 0 0 1 0 0 

Solution nr. 808
1 0 0 0 1 1 
0 0 1 0 1 0 
0 0 0 1 1 1 

Solution nr. 809
1 0 0 0 1 1 
0 0 1 0 1 0 
0 0 0 1 1 0 

Solution nr. 810
1 0 0 0 1 1 
0 0 1 0 1 0 
0 0 0 1 0 1 

Solution nr. 811
1 0 0 0 1 1 
0 0 1 0 1 0 
0 0 0 1 0 0 

Solution nr. 812
1 0 0 0 1 1 
0 0 1 0 0 1 
0 0 0 1 1 1 

Solution nr. 813
1 0 0 0 1 1 
0 0 1 0 0 1 
0 0 0 1 1 0 

Solution nr. 814
1 0 0 0 1 1 
0 0 1 0 0 1 
0 0 0 1 0 1 

Solution nr. 815
1 0 0 0 1 1 
0 0 1 0 0 1 
0 0 0 1 0 0 

Solution nr. 816
1 0 0 0 1 1 
0 0 1 0 0 0 
0 0 0 1 1 1 

Solution nr. 817
1 0 0 0 1 1 
0 0 1 0 0 0 
0 0 0 1 1 0 

Solution nr. 818
1 0 0 0 1 1 
0 0 1 0 0 0 
0 0 0 1 0 1 

Solution nr. 819
1 0 0 0 1 1 
0 0 1 0 0 0 
0 0 0 1 0 0 

Solution nr. 820
1 0 0 0 1 0 
0 1 1 1 1 0 
0 0 0 0 0 1 

Solution nr. 821
1 0 0 0 1 0 
0 1 1 1 0 0 
0 0 0 0 0 1 

Solution nr. 822
1 0 0 0 1 0 
0 1 1 0 1 1 
0 0 0 1 1 1 

Solution nr. 823
1 0 0 0 1 0 
0 1 1 0 1 1 
0 0 0 1 1 0 

Solution nr. 824
1 0 0 0 1 0 
0 1 1 0 1 1 
0 0 0 1 0 1 

Solution nr. 825
1 0 0 0 1 0 
0 1 1 0 1 1 
0 0 0 1 0 0 

Solution nr. 826
1 0 0 0 1 0 
0 1 1 0 1 0 
0 0 0 1 1 1 

Solution nr. 827
1 0 0 0 1 0 
0 1 1 0 1 0 
0 0 0 1 1 0 

Solution nr. 828
1 0 0 0 1 0 
0 1 1 0 1 0 
0 0 0 1 0 1 

Solution nr. 829
1 0 0 0 1 0 
0 1 1 0 1 0 
0 0 0 1 0 0 

Solution nr. 830
1 0 0 0 1 0 
0 1 1 0 1 0 
0 0 0 0 0 1 

Solution nr. 831
1 0 0 0 1 0 
0 1 1 0 0 1 
0 0 0 1 1 1 

Solution nr. 832
1 0 0 0 1 0 
0 1 1 0 0 1 
0 0 0 1 1 0 

Solution nr. 833
1 0 0 0 1 0 
0 1 1 0 0 1 
0 0 0 1 0 1 

Solution nr. 834
1 0 0 0 1 0 
0 1 1 0 0 1 
0 0 0 1 0 0 

Solution nr. 835
1 0 0 0 1 0 
0 1 1 0 0 0 
0 0 0 1 1 1 

Solution nr. 836
1 0 0 0 1 0 
0 1 1 0 0 0 
0 0 0 1 1 0 

Solution nr. 837
1 0 0 0 1 0 
0 1 1 0 0 0 
0 0 0 1 0 1 

Solution nr. 838
1 0 0 0 1 0 
0 1 1 0 0 0 
0 0 0 1 0 0 

Solution nr. 839
1 0 0 0 1 0 
0 1 1 0 0 0 
0 0 0 0 0 1 

Solution nr. 840
1 0 0 0 1 0 
0 1 0 1 1 1 
0 0 1 1 1 1 

Solution nr. 841
1 0 0 0 1 0 
0 1 0 1 1 1 
0 0 1 1 1 0 

Solution nr. 842
1 0 0 0 1 0 
0 1 0 1 1 1 
0 0 1 1 0 1 

Solution nr. 843
1 0 0 0 1 0 
0 1 0 1 1 1 
0 0 1 1 0 0 

Solution nr. 844
1 0 0 0 1 0 
0 1 0 1 1 1 
0 0 1 0 1 1 

Solution nr. 845
1 0 0 0 1 0 
0 1 0 1 1 1 
0 0 1 0 1 0 

Solution nr. 846
1 0 0 0 1 0 
0 1 0 1 1 1 
0 0 1 0 0 1 

Solution nr. 847
1 0 0 0 1 0 
0 1 0 1 1 1 
0 0 1 0 0 0 

Solution nr. 848
1 0 0 0 1 0 
0 1 0 1 1 0 
0 0 1 1 1 1 

Solution nr. 849
1 0 0 0 1 0 
0 1 0 1 1 0 
0 0 1 1 1 0 

Solution nr. 850
1 0 0 0 1 0 
0 1 0 1 1 0 
0 0 1 1 0 1 

Solution nr. 851
1 0 0 0 1 0 
0 1 0 1 1 0 
0 0 1 1 0 0 

Solution nr. 852
1 0 0 0 1 0 
0 1 0 1 1 0 
0 0 1 0 1 1 

Solution nr. 853
1 0 0 0 1 0 
0 1 0 1 1 0 
0 0 1 0 1 0 

Solution nr. 854
1 0 0 0 1 0 
0 1 0 1 1 0 
0 0 1 0 0 1 

Solution nr. 855
1 0 0 0 1 0 
0 1 0 1 1 0 
0 0 1 0 0 0 

Solution nr. 856
1 0 0 0 1 0 
0 1 0 1 1 0 
0 0 0 0 0 1 

Solution nr. 857
1 0 0 0 1 0 
0 1 0 1 0 1 
0 0 1 1 1 1 

Solution nr. 858
1 0 0 0 1 0 
0 1 0 1 0 1 
0 0 1 1 1 0 

Solution nr. 859
1 0 0 0 1 0 
0 1 0 1 0 1 
0 0 1 1 0 1 

Solution nr. 860
1 0 0 0 1 0 
0 1 0 1 0 1 
0 0 1 1 0 0 

Solution nr. 861
1 0 0 0 1 0 
0 1 0 1 0 1 
0 0 1 0 1 1 

Solution nr. 862
1 0 0 0 1 0 
0 1 0 1 0 1 
0 0 1 0 1 0 

Solution nr. 863
1 0 0 0 1 0 
0 1 0 1 0 1 
0 0 1 0 0 1 

Solution nr. 864
1 0 0 0 1 0 
0 1 0 1 0 1 
0 0 1 0 0 0 

Solution nr. 865
1 0 0 0 1 0 
0 1 0 1 0 0 
0 0 1 1 1 1 

Solution nr. 866
1 0 0 0 1 0 
0 1 0 1 0 0 
0 0 1 1 1 0 

Solution nr. 867
1 0 0 0 1 0 
0 1 0 1 0 0 
0 0 1 1 0 1 

Solution nr. 868
1 0 0 0 1 0 
0 1 0 1 0 0 
0 0 1 1 0 0 

Solution nr. 869
1 0 0 0 1 0 
0 1 0 1 0 0 
0 0 1 0 1 1 

Solution nr. 870
1 0 0 0 1 0 
0 1 0 1 0 0 
0 0 1 0 1 0 

Solution nr. 871
1 0 0 0 1 0 
0 1 0 1 0 0 
0 0 1 0 0 1 

Solution nr. 872
1 0 0 0 1 0 
0 1 0 1 0 0 
0 0 1 0 0 0 

Solution nr. 873
1 0 0 0 1 0 
0 1 0 1 0 0 
0 0 0 0 0 1 

Solution nr. 874
1 0 0 0 1 0 
0 1 0 0 1 1 
0 0 1 1 1 1 

Solution nr. 875
1 0 0 0 1 0 
0 1 0 0 1 1 
0 0 1 1 1 0 

Solution nr. 876
1 0 0 0 1 0 
0 1 0 0 1 1 
0 0 1 1 0 1 

Solution nr. 877
1 0 0 0 1 0 
0 1 0 0 1 1 
0 0 1 1 0 0 

Solution nr. 878
1 0 0 0 1 0 
0 1 0 0 1 1 
0 0 1 0 1 1 

Solution nr. 879
1 0 0 0 1 0 
0 1 0 0 1 1 
0 0 1 0 1 0 

Solution nr. 880
1 0 0 0 1 0 
0 1 0 0 1 1 
0 0 1 0 0 1 

Solution nr. 881
1 0 0 0 1 0 
0 1 0 0 1 1 
0 0 1 0 0 0 

Solution nr. 882
1 0 0 0 1 0 
0 1 0 0 1 1 
0 0 0 1 1 1 

Solution nr. 883
1 0 0 0 1 0 
0 1 0 0 1 1 
0 0 0 1 1 0 

Solution nr. 884
1 0 0 0 1 0 
0 1 0 0 1 1 
0 0 0 1 0 1 

Solution nr. 885
1 0 0 0 1 0 
0 1 0 0 1 1 
0 0 0 1 0 0 

Solution nr. 886
1 0 0 0 1 0 
0 1 0 0 1 0 
0 0 1 1 1 1 

Solution nr. 887
1 0 0 0 1 0 
0 1 0 0 1 0 
0 0 1 1 1 0 

Solution nr. 888
1 0 0 0 1 0 
0 1 0 0 1 0 
0 0 1 1 0 1 

Solution nr. 889
1 0 0 0 1 0 
0 1 0 0 1 0 
0 0 1 1 0 0 

Solution nr. 890
1 0 0 0 1 0 
0 1 0 0 1 0 
0 0 1 0 1 1 

Solution nr. 891
1 0 0 0 1 0 
0 1 0 0 1 0 
0 0 1 0 1 0 

Solution nr. 892
1 0 0 0 1 0 
0 1 0 0 1 0 
0 0 1 0 0 1 

Solution nr. 893
1 0 0 0 1 0 
0 1 0 0 1 0 
0 0 1 0 0 0 

Solution nr. 894
1 0 0 0 1 0 
0 1 0 0 1 0 
0 0 0 1 1 1 

Solution nr. 895
1 0 0 0 1 0 
0 1 0 0 1 0 
0 0 0 1 1 0 

Solution nr. 896
1 0 0 0 1 0 
0 1 0 0 1 0 
0 0 0 1 0 1 

Solution nr. 897
1 0 0 0 1 0 
0 1 0 0 1 0 
0 0 0 1 0 0 

Solution nr. 898
1 0 0 0 1 0 
0 1 0 0 1 0 
0 0 0 0 0 1 

Solution nr. 899
1 0 0 0 1 0 
0 1 0 0 0 1 
0 0 1 1 1 1 

Solution nr. 900
1 0 0 0 1 0 
0 1 0 0 0 1 
0 0 1 1 1 0 

Solution nr. 901
1 0 0 0 1 0 
0 1 0 0 0 1 
0 0 1 1 0 1 

Solution nr. 902
1 0 0 0 1 0 
0 1 0 0 0 1 
0 0 1 1 0 0 

Solution nr. 903
1 0 0 0 1 0 
0 1 0 0 0 1 
0 0 1 0 1 1 

Solution nr. 904
1 0 0 0 1 0 
0 1 0 0 0 1 
0 0 1 0 1 0 

Solution nr. 905
1 0 0 0 1 0 
0 1 0 0 0 1 
0 0 1 0 0 1 

Solution nr. 906
1 0 0 0 1 0 
0 1 0 0 0 1 
0 0 1 0 0 0 

Solution nr. 907
1 0 0 0 1 0 
0 1 0 0 0 1 
0 0 0 1 1 1 

Solution nr. 908
1 0 0 0 1 0 
0 1 0 0 0 1 
0 0 0 1 1 0 

Solution nr. 909
1 0 0 0 1 0 
0 1 0 0 0 1 
0 0 0 1 0 1 

Solution nr. 910
1 0 0 0 1 0 
0 1 0 0 0 1 
0 0 0 1 0 0 

Solution nr. 911
1 0 0 0 1 0 
0 1 0 0 0 0 
0 0 1 1 1 1 

Solution nr. 912
1 0 0 0 1 0 
0 1 0 0 0 0 
0 0 1 1 1 0 

Solution nr. 913
1 0 0 0 1 0 
0 1 0 0 0 0 
0 0 1 1 0 1 

Solution nr. 914
1 0 0 0 1 0 
0 1 0 0 0 0 
0 0 1 1 0 0 

Solution nr. 915
1 0 0 0 1 0 
0 1 0 0 0 0 
0 0 1 0 1 1 

Solution nr. 916
1 0 0 0 1 0 
0 1 0 0 0 0 
0 0 1 0 1 0 

Solution nr. 917
1 0 0 0 1 0 
0 1 0 0 0 0 
0 0 1 0 0 1 

Solution nr. 918
1 0 0 0 1 0 
0 1 0 0 0 0 
0 0 1 0 0 0 

Solution nr. 919
1 0 0 0 1 0 
0 1 0 0 0 0 
0 0 0 1 1 1 

Solution nr. 920
1 0 0 0 1 0 
0 1 0 0 0 0 
0 0 0 1 1 0 

Solution nr. 921
1 0 0 0 1 0 
0 1 0 0 0 0 
0 0 0 1 0 1 

Solution nr. 922
1 0 0 0 1 0 
0 1 0 0 0 0 
0 0 0 1 0 0 

Solution nr. 923
1 0 0 0 1 0 
0 1 0 0 0 0 
0 0 0 0 0 1 

Solution nr. 924
1 0 0 0 1 0 
0 0 1 1 1 0 
0 0 0 0 0 1 

Solution nr. 925
1 0 0 0 1 0 
0 0 1 1 0 0 
0 0 0 0 0 1 

Solution nr. 926
1 0 0 0 1 0 
0 0 1 0 1 1 
0 0 0 1 1 1 

Solution nr. 927
1 0 0 0 1 0 
0 0 1 0 1 1 
0 0 0 1 1 0 

Solution nr. 928
1 0 0 0 1 0 
0 0 1 0 1 1 
0 0 0 1 0 1 

Solution nr. 929
1 0 0 0 1 0 
0 0 1 0 1 1 
0 0 0 1 0 0 

Solution nr. 930
1 0 0 0 1 0 
0 0 1 0 1 0 
0 0 0 1 1 1 

Solution nr. 931
1 0 0 0 1 0 
0 0 1 0 1 0 
0 0 0 1 1 0 

Solution nr. 932
1 0 0 0 1 0 
0 0 1 0 1 0 
0 0 0 1 0 1 

Solution nr. 933
1 0 0 0 1 0 
0 0 1 0 1 0 
0 0 0 1 0 0 

Solution nr. 934
1 0 0 0 1 0 
0 0 1 0 1 0 
0 0 0 0 0 1 

Solution nr. 935
1 0 0 0 1 0 
0 0 1 0 0 1 
0 0 0 1 1 1 

Solution nr. 936
1 0 0 0 1 0 
0 0 1 0 0 1 
0 0 0 1 1 0 

Solution nr. 937
1 0 0 0 1 0 
0 0 1 0 0 1 
0 0 0 1 0 1 

Solution nr. 938
1 0 0 0 1 0 
0 0 1 0 0 1 
0 0 0 1 0 0 

Solution nr. 939
1 0 0 0 1 0 
0 0 1 0 0 0 
0 0 0 1 1 1 

Solution nr. 940
1 0 0 0 1 0 
0 0 1 0 0 0 
0 0 0 1 1 0 

Solution nr. 941
1 0 0 0 1 0 
0 0 1 0 0 0 
0 0 0 1 0 1 

Solution nr. 942
1 0 0 0 1 0 
0 0 1 0 0 0 
0 0 0 1 0 0 

Solution nr. 943
1 0 0 0 1 0 
0 0 1 0 0 0 
0 0 0 0 0 1 

Solution nr. 944
1 0 0 0 1 0 
0 0 0 1 1 0 
0 0 0 0 0 1 

Solution nr. 945
1 0 0 0 1 0 
0 0 0 1 0 0 
0 0 0 0 0 1 

Solution nr. 946
1 0 0 0 0 1 
0 1 1 1 0 1 
0 0 0 0 1 1 

Solution nr. 947
1 0 0 0 0 1 
0 1 1 1 0 1 
0 0 0 0 1 0 

Solution nr. 948
1 0 0 0 0 1 
0 1 1 1 0 0 
0 0 0 0 1 1 

Solution nr. 949
1 0 0 0 0 1 
0 1 1 1 0 0 
0 0 0 0 1 0 

Solution nr. 950
1 0 0 0 0 1 
0 1 1 0 1 1 
0 0 0 1 1 1 

Solution nr. 951
1 0 0 0 0 1 
0 1 1 0 1 1 
0 0 0 1 1 0 

Solution nr. 952
1 0 0 0 0 1 
0 1 1 0 1 1 
0 0 0 1 0 1 

Solution nr. 953
1 0 0 0 0 1 
0 1 1 0 1 1 
0 0 0 1 0 0 

Solution nr. 954
1 0 0 0 0 1 
0 1 1 0 1 0 
0 0 0 1 1 1 

Solution nr. 955
1 0 0 0 0 1 
0 1 1 0 1 0 
0 0 0 1 1 0 

Solution nr. 956
1 0 0 0 0 1 
0 1 1 0 1 0 
0 0 0 1 0 1 

Solution nr. 957
1 0 0 0 0 1 
0 1 1 0 1 0 
0 0 0 1 0 0 

Solution nr. 958
1 0 0 0 0 1 
0 1 1 0 0 1 
0 0 0 1 1 1 

Solution nr. 959
1 0 0 0 0 1 
0 1 1 0 0 1 
0 0 0 1 1 0 

Solution nr. 960
1 0 0 0 0 1 
0 1 1 0 0 1 
0 0 0 1 0 1 

Solution nr. 961
1 0 0 0 0 1 
0 1 1 0 0 1 
0 0 0 1 0 0 

Solution nr. 962
1 0 0 0 0 1 
0 1 1 0 0 1 
0 0 0 0 1 1 

Solution nr. 963
1 0 0 0 0 1 
0 1 1 0 0 1 
0 0 0 0 1 0 

Solution nr. 964
1 0 0 0 0 1 
0 1 1 0 0 0 
0 0 0 1 1 1 

Solution nr. 965
1 0 0 0 0 1 
0 1 1 0 0 0 
0 0 0 1 1 0 

Solution nr. 966
1 0 0 0 0 1 
0 1 1 0 0 0 
0 0 0 1 0 1 

Solution nr. 967
1 0 0 0 0 1 
0 1 1 0 0 0 
0 0 0 1 0 0 

Solution nr. 968
1 0 0 0 0 1 
0 1 1 0 0 0 
0 0 0 0 1 1 

Solution nr. 969
1 0 0 0 0 1 
0 1 1 0 0 0 
0 0 0 0 1 0 

Solution nr. 970
1 0 0 0 0 1 
0 1 0 1 1 1 
0 0 1 1 1 1 

Solution nr. 971
1 0 0 0 0 1 
0 1 0 1 1 1 
0 0 1 1 1 0 

Solution nr. 972
1 0 0 0 0 1 
0 1 0 1 1 1 
0 0 1 1 0 1 

Solution nr. 973
1 0 0 0 0 1 
0 1 0 1 1 1 
0 0 1 1 0 0 

Solution nr. 974
1 0 0 0 0 1 
0 1 0 1 1 1 
0 0 1 0 1 1 

Solution nr. 975
1 0 0 0 0 1 
0 1 0 1 1 1 
0 0 1 0 1 0 

Solution nr. 976
1 0 0 0 0 1 
0 1 0 1 1 1 
0 0 1 0 0 1 

Solution nr. 977
1 0 0 0 0 1 
0 1 0 1 1 1 
0 0 1 0 0 0 

Solution nr. 978
1 0 0 0 0 1 
0 1 0 1 1 0 
0 0 1 1 1 1 

Solution nr. 979
1 0 0 0 0 1 
0 1 0 1 1 0 
0 0 1 1 1 0 

Solution nr. 980
1 0 0 0 0 1 
0 1 0 1 1 0 
0 0 1 1 0 1 

Solution nr. 981
1 0 0 0 0 1 
0 1 0 1 1 0 
0 0 1 1 0 0 

Solution nr. 982
1 0 0 0 0 1 
0 1 0 1 1 0 
0 0 1 0 1 1 

Solution nr. 983
1 0 0 0 0 1 
0 1 0 1 1 0 
0 0 1 0 1 0 

Solution nr. 984
1 0 0 0 0 1 
0 1 0 1 1 0 
0 0 1 0 0 1 

Solution nr. 985
1 0 0 0 0 1 
0 1 0 1 1 0 
0 0 1 0 0 0 

Solution nr. 986
1 0 0 0 0 1 
0 1 0 1 0 1 
0 0 1 1 1 1 

Solution nr. 987
1 0 0 0 0 1 
0 1 0 1 0 1 
0 0 1 1 1 0 

Solution nr. 988
1 0 0 0 0 1 
0 1 0 1 0 1 
0 0 1 1 0 1 

Solution nr. 989
1 0 0 0 0 1 
0 1 0 1 0 1 
0 0 1 1 0 0 

Solution nr. 990
1 0 0 0 0 1 
0 1 0 1 0 1 
0 0 1 0 1 1 

Solution nr. 991
1 0 0 0 0 1 
0 1 0 1 0 1 
0 0 1 0 1 0 

Solution nr. 992
1 0 0 0 0 1 
0 1 0 1 0 1 
0 0 1 0 0 1 

Solution nr. 993
1 0 0 0 0 1 
0 1 0 1 0 1 
0 0 1 0 0 0 

Solution nr. 994
1 0 0 0 0 1 
0 1 0 1 0 1 
0 0 0 0 1 1 

Solution nr. 995
1 0 0 0 0 1 
0 1 0 1 0 1 
0 0 0 0 1 0 

Solution nr. 996
1 0 0 0 0 1 
0 1 0 1 0 0 
0 0 1 1 1 1 

Solution nr. 997
1 0 0 0 0 1 
0 1 0 1 0 0 
0 0 1 1 1 0 

Solution nr. 998
1 0 0 0 0 1 
0 1 0 1 0 0 
0 0 1 1 0 1 

Solution nr. 999
1 0 0 0 0 1 
0 1 0 1 0 0 
0 0 1 1 0 0 

Solution nr. 1000
1 0 0 0 0 1 
0 1 0 1 0 0 
0 0 1 0 1 1 

Solution nr. 1001
1 0 0 0 0 1 
0 1 0 1 0 0 
0 0 1 0 1 0 

Solution nr. 1002
1 0 0 0 0 1 
0 1 0 1 0 0 
0 0 1 0 0 1 

Solution nr. 1003
1 0 0 0 0 1 
0 1 0 1 0 0 
0 0 1 0 0 0 

Solution nr. 1004
1 0 0 0 0 1 
0 1 0 1 0 0 
0 0 0 0 1 1 

Solution nr. 1005
1 0 0 0 0 1 
0 1 0 1 0 0 
0 0 0 0 1 0 

Solution nr. 1006
1 0 0 0 0 1 
0 1 0 0 1 1 
0 0 1 1 1 1 

Solution nr. 1007
1 0 0 0 0 1 
0 1 0 0 1 1 
0 0 1 1 1 0 

Solution nr. 1008
1 0 0 0 0 1 
0 1 0 0 1 1 
0 0 1 1 0 1 

Solution nr. 1009
1 0 0 0 0 1 
0 1 0 0 1 1 
0 0 1 1 0 0 

Solution nr. 1010
1 0 0 0 0 1 
0 1 0 0 1 1 
0 0 1 0 1 1 

Solution nr. 1011
1 0 0 0 0 1 
0 1 0 0 1 1 
0 0 1 0 1 0 

Solution nr. 1012
1 0 0 0 0 1 
0 1 0 0 1 1 
0 0 1 0 0 1 

Solution nr. 1013
1 0 0 0 0 1 
0 1 0 0 1 1 
0 0 1 0 0 0 

Solution nr. 1014
1 0 0 0 0 1 
0 1 0 0 1 1 
0 0 0 1 1 1 

Solution nr. 1015
1 0 0 0 0 1 
0 1 0 0 1 1 
0 0 0 1 1 0 

Solution nr. 1016
1 0 0 0 0 1 
0 1 0 0 1 1 
0 0 0 1 0 1 

Solution nr. 1017
1 0 0 0 0 1 
0 1 0 0 1 1 
0 0 0 1 0 0 

Solution nr. 1018
1 0 0 0 0 1 
0 1 0 0 1 0 
0 0 1 1 1 1 

Solution nr. 1019
1 0 0 0 0 1 
0 1 0 0 1 0 
0 0 1 1 1 0 

Solution nr. 1020
1 0 0 0 0 1 
0 1 0 0 1 0 
0 0 1 1 0 1 

Solution nr. 1021
1 0 0 0 0 1 
0 1 0 0 1 0 
0 0 1 1 0 0 

Solution nr. 1022
1 0 0 0 0 1 
0 1 0 0 1 0 
0 0 1 0 1 1 

Solution nr. 1023
1 0 0 0 0 1 
0 1 0 0 1 0 
0 0 1 0 1 0 

Solution nr. 1024
1 0 0 0 0 1 
0 1 0 0 1 0 
0 0 1 0 0 1 

Solution nr. 1025
1 0 0 0 0 1 
0 1 0 0 1 0 
0 0 1 0 0 0 

Solution nr. 1026
1 0 0 0 0 1 
0 1 0 0 1 0 
0 0 0 1 1 1 

Solution nr. 1027
1 0 0 0 0 1 
0 1 0 0 1 0 
0 0 0 1 1 0 

Solution nr. 1028
1 0 0 0 0 1 
0 1 0 0 1 0 
0 0 0 1 0 1 

Solution nr. 1029
1 0 0 0 0 1 
0 1 0 0 1 0 
0 0 0 1 0 0 

Solution nr. 1030
1 0 0 0 0 1 
0 1 0 0 0 1 
0 0 1 1 1 1 

Solution nr. 1031
1 0 0 0 0 1 
0 1 0 0 0 1 
0 0 1 1 1 0 

Solution nr. 1032
1 0 0 0 0 1 
0 1 0 0 0 1 
0 0 1 1 0 1 

Solution nr. 1033
1 0 0 0 0 1 
0 1 0 0 0 1 
0 0 1 1 0 0 

Solution nr. 1034
1 0 0 0 0 1 
0 1 0 0 0 1 
0 0 1 0 1 1 

Solution nr. 1035
1 0 0 0 0 1 
0 1 0 0 0 1 
0 0 1 0 1 0 

Solution nr. 1036
1 0 0 0 0 1 
0 1 0 0 0 1 
0 0 1 0 0 1 

Solution nr. 1037
1 0 0 0 0 1 
0 1 0 0 0 1 
0 0 1 0 0 0 

Solution nr. 1038
1 0 0 0 0 1 
0 1 0 0 0 1 
0 0 0 1 1 1 

Solution nr. 1039
1 0 0 0 0 1 
0 1 0 0 0 1 
0 0 0 1 1 0 

Solution nr. 1040
1 0 0 0 0 1 
0 1 0 0 0 1 
0 0 0 1 0 1 

Solution nr. 1041
1 0 0 0 0 1 
0 1 0 0 0 1 
0 0 0 1 0 0 

Solution nr. 1042
1 0 0 0 0 1 
0 1 0 0 0 1 
0 0 0 0 1 1 

Solution nr. 1043
1 0 0 0 0 1 
0 1 0 0 0 1 
0 0 0 0 1 0 

Solution nr. 1044
1 0 0 0 0 1 
0 1 0 0 0 0 
0 0 1 1 1 1 

Solution nr. 1045
1 0 0 0 0 1 
0 1 0 0 0 0 
0 0 1 1 1 0 

Solution nr. 1046
1 0 0 0 0 1 
0 1 0 0 0 0 
0 0 1 1 0 1 

Solution nr. 1047
1 0 0 0 0 1 
0 1 0 0 0 0 
0 0 1 1 0 0 

Solution nr. 1048
1 0 0 0 0 1 
0 1 0 0 0 0 
0 0 1 0 1 1 

Solution nr. 1049
1 0 0 0 0 1 
0 1 0 0 0 0 
0 0 1 0 1 0 

Solution nr. 1050
1 0 0 0 0 1 
0 1 0 0 0 0 
0 0 1 0 0 1 

Solution nr. 1051
1 0 0 0 0 1 
0 1 0 0 0 0 
0 0 1 0 0 0 

Solution nr. 1052
1 0 0 0 0 1 
0 1 0 0 0 0 
0 0 0 1 1 1 

Solution nr. 1053
1 0 0 0 0 1 
0 1 0 0 0 0 
0 0 0 1 1 0 

Solution nr. 1054
1 0 0 0 0 1 
0 1 0 0 0 0 
0 0 0 1 0 1 

Solution nr. 1055
1 0 0 0 0 1 
0 1 0 0 0 0 
0 0 0 1 0 0 

Solution nr. 1056
1 0 0 0 0 1 
0 1 0 0 0 0 
0 0 0 0 1 1 

Solution nr. 1057
1 0 0 0 0 1 
0 1 0 0 0 0 
0 0 0 0 1 0 

Solution nr. 1058
1 0 0 0 0 1 
0 0 1 1 0 1 
0 0 0 0 1 1 

Solution nr. 1059
1 0 0 0 0 1 
0 0 1 1 0 1 
0 0 0 0 1 0 

Solution nr. 1060
1 0 0 0 0 1 
0 0 1 1 0 0 
0 0 0 0 1 1 

Solution nr. 1061
1 0 0 0 0 1 
0 0 1 1 0 0 
0 0 0 0 1 0 

Solution nr. 1062
1 0 0 0 0 1 
0 0 1 0 1 1 
0 0 0 1 1 1 

Solution nr. 1063
1 0 0 0 0 1 
0 0 1 0 1 1 
0 0 0 1 1 0 

Solution nr. 1064
1 0 0 0 0 1 
0 0 1 0 1 1 
0 0 0 1 0 1 

Solution nr. 1065
1 0 0 0 0 1 
0 0 1 0 1 1 
0 0 0 1 0 0 

Solution nr. 1066
1 0 0 0 0 1 
0 0 1 0 1 0 
0 0 0 1 1 1 

Solution nr. 1067
1 0 0 0 0 1 
0 0 1 0 1 0 
0 0 0 1 1 0 

Solution nr. 1068
1 0 0 0 0 1 
0 0 1 0 1 0 
0 0 0 1 0 1 

Solution nr. 1069
1 0 0 0 0 1 
0 0 1 0 1 0 
0 0 0 1 0 0 

Solution nr. 1070
1 0 0 0 0 1 
0 0 1 0 0 1 
0 0 0 1 1 1 

Solution nr. 1071
1 0 0 0 0 1 
0 0 1 0 0 1 
0 0 0 1 1 0 

Solution nr. 1072
1 0 0 0 0 1 
0 0 1 0 0 1 
0 0 0 1 0 1 

Solution nr. 1073
1 0 0 0 0 1 
0 0 1 0 0 1 
0 0 0 1 0 0 

Solution nr. 1074
1 0 0 0 0 1 
0 0 1 0 0 1 
0 0 0 0 1 1 

Solution nr. 1075
1 0 0 0 0 1 
0 0 1 0 0 1 
0 0 0 0 1 0 

Solution nr. 1076
1 0 0 0 0 1 
0 0 1 0 0 0 
0 0 0 1 1 1 

Solution nr. 1077
1 0 0 0 0 1 
0 0 1 0 0 0 
0 0 0 1 1 0 

Solution nr. 1078
1 0 0 0 0 1 
0 0 1 0 0 0 
0 0 0 1 0 1 

Solution nr. 1079
1 0 0 0 0 1 
0 0 1 0 0 0 
0 0 0 1 0 0 

Solution nr. 1080
1 0 0 0 0 1 
0 0 1 0 0 0 
0 0 0 0 1 1 

Solution nr. 1081
1 0 0 0 0 1 
0 0 1 0 0 0 
0 0 0 0 1 0 

Solution nr. 1082
1 0 0 0 0 1 
0 0 0 1 0 1 
0 0 0 0 1 1 

Solution nr. 1083
1 0 0 0 0 1 
0 0 0 1 0 1 
0 0 0 0 1 0 

Solution nr. 1084
1 0 0 0 0 1 
0 0 0 1 0 0 
0 0 0 0 1 1 

Solution nr. 1085
1 0 0 0 0 1 
0 0 0 1 0 0 
0 0 0 0 1 0 

Solution nr. 1086
1 0 0 0 0 0 
0 1 1 1 1 0 
0 0 0 0 0 1 

Solution nr. 1087
1 0 0 0 0 0 
0 1 1 1 0 1 
0 0 0 0 1 1 

Solution nr. 1088
1 0 0 0 0 0 
0 1 1 1 0 1 
0 0 0 0 1 0 

Solution nr. 1089
1 0 0 0 0 0 
0 1 1 1 0 0 
0 0 0 0 1 1 

Solution nr. 1090
1 0 0 0 0 0 
0 1 1 1 0 0 
0 0 0 0 1 0 

Solution nr. 1091
1 0 0 0 0 0 
0 1 1 1 0 0 
0 0 0 0 0 1 

Solution nr. 1092
1 0 0 0 0 0 
0 1 1 0 1 1 
0 0 0 1 1 1 

Solution nr. 1093
1 0 0 0 0 0 
0 1 1 0 1 1 
0 0 0 1 1 0 

Solution nr. 1094
1 0 0 0 0 0 
0 1 1 0 1 1 
0 0 0 1 0 1 

Solution nr. 1095
1 0 0 0 0 0 
0 1 1 0 1 1 
0 0 0 1 0 0 

Solution nr. 1096
1 0 0 0 0 0 
0 1 1 0 1 0 
0 0 0 1 1 1 

Solution nr. 1097
1 0 0 0 0 0 
0 1 1 0 1 0 
0 0 0 1 1 0 

Solution nr. 1098
1 0 0 0 0 0 
0 1 1 0 1 0 
0 0 0 1 0 1 

Solution nr. 1099
1 0 0 0 0 0 
0 1 1 0 1 0 
0 0 0 1 0 0 

Solution nr. 1100
1 0 0 0 0 0 
0 1 1 0 1 0 
0 0 0 0 0 1 

Solution nr. 1101
1 0 0 0 0 0 
0 1 1 0 0 1 
0 0 0 1 1 1 

Solution nr. 1102
1 0 0 0 0 0 
0 1 1 0 0 1 
0 0 0 1 1 0 

Solution nr. 1103
1 0 0 0 0 0 
0 1 1 0 0 1 
0 0 0 1 0 1 

Solution nr. 1104
1 0 0 0 0 0 
0 1 1 0 0 1 
0 0 0 1 0 0 

Solution nr. 1105
1 0 0 0 0 0 
0 1 1 0 0 1 
0 0 0 0 1 1 

Solution nr. 1106
1 0 0 0 0 0 
0 1 1 0 0 1 
0 0 0 0 1 0 

Solution nr. 1107
1 0 0 0 0 0 
0 1 1 0 0 0 
0 0 0 1 1 1 

Solution nr. 1108
1 0 0 0 0 0 
0 1 1 0 0 0 
0 0 0 1 1 0 

Solution nr. 1109
1 0 0 0 0 0 
0 1 1 0 0 0 
0 0 0 1 0 1 

Solution nr. 1110
1 0 0 0 0 0 
0 1 1 0 0 0 
0 0 0 1 0 0 

Solution nr. 1111
1 0 0 0 0 0 
0 1 1 0 0 0 
0 0 0 0 1 1 

Solution nr. 1112
1 0 0 0 0 0 
0 1 1 0 0 0 
0 0 0 0 1 0 

Solution nr. 1113
1 0 0 0 0 0 
0 1 1 0 0 0 
0 0 0 0 0 1 

Solution nr. 1114
1 0 0 0 0 0 
0 1 0 1 1 1 
0 0 1 1 1 1 

Solution nr. 1115
1 0 0 0 0 0 
0 1 0 1 1 1 
0 0 1 1 1 0 

Solution nr. 1116
1 0 0 0 0 0 
0 1 0 1 1 1 
0 0 1 1 0 1 

Solution nr. 1117
1 0 0 0 0 0 
0 1 0 1 1 1 
0 0 1 1 0 0 

Solution nr. 1118
1 0 0 0 0 0 
0 1 0 1 1 1 
0 0 1 0 1 1 

Solution nr. 1119
1 0 0 0 0 0 
0 1 0 1 1 1 
0 0 1 0 1 0 

Solution nr. 1120
1 0 0 0 0 0 
0 1 0 1 1 1 
0 0 1 0 0 1 

Solution nr. 1121
1 0 0 0 0 0 
0 1 0 1 1 1 
0 0 1 0 0 0 

Solution nr. 1122
1 0 0 0 0 0 
0 1 0 1 1 0 
0 0 1 1 1 1 

Solution nr. 1123
1 0 0 0 0 0 
0 1 0 1 1 0 
0 0 1 1 1 0 

Solution nr. 1124
1 0 0 0 0 0 
0 1 0 1 1 0 
0 0 1 1 0 1 

Solution nr. 1125
1 0 0 0 0 0 
0 1 0 1 1 0 
0 0 1 1 0 0 

Solution nr. 1126
1 0 0 0 0 0 
0 1 0 1 1 0 
0 0 1 0 1 1 

Solution nr. 1127
1 0 0 0 0 0 
0 1 0 1 1 0 
0 0 1 0 1 0 

Solution nr. 1128
1 0 0 0 0 0 
0 1 0 1 1 0 
0 0 1 0 0 1 

Solution nr. 1129
1 0 0 0 0 0 
0 1 0 1 1 0 
0 0 1 0 0 0 

Solution nr. 1130
1 0 0 0 0 0 
0 1 0 1 1 0 
0 0 0 0 0 1 

Solution nr. 1131
1 0 0 0 0 0 
0 1 0 1 0 1 
0 0 1 1 1 1 

Solution nr. 1132
1 0 0 0 0 0 
0 1 0 1 0 1 
0 0 1 1 1 0 

Solution nr. 1133
1 0 0 0 0 0 
0 1 0 1 0 1 
0 0 1 1 0 1 

Solution nr. 1134
1 0 0 0 0 0 
0 1 0 1 0 1 
0 0 1 1 0 0 

Solution nr. 1135
1 0 0 0 0 0 
0 1 0 1 0 1 
0 0 1 0 1 1 

Solution nr. 1136
1 0 0 0 0 0 
0 1 0 1 0 1 
0 0 1 0 1 0 

Solution nr. 1137
1 0 0 0 0 0 
0 1 0 1 0 1 
0 0 1 0 0 1 

Solution nr. 1138
1 0 0 0 0 0 
0 1 0 1 0 1 
0 0 1 0 0 0 

Solution nr. 1139
1 0 0 0 0 0 
0 1 0 1 0 1 
0 0 0 0 1 1 

Solution nr. 1140
1 0 0 0 0 0 
0 1 0 1 0 1 
0 0 0 0 1 0 

Solution nr. 1141
1 0 0 0 0 0 
0 1 0 1 0 0 
0 0 1 1 1 1 

Solution nr. 1142
1 0 0 0 0 0 
0 1 0 1 0 0 
0 0 1 1 1 0 

Solution nr. 1143
1 0 0 0 0 0 
0 1 0 1 0 0 
0 0 1 1 0 1 

Solution nr. 1144
1 0 0 0 0 0 
0 1 0 1 0 0 
0 0 1 1 0 0 

Solution nr. 1145
1 0 0 0 0 0 
0 1 0 1 0 0 
0 0 1 0 1 1 

Solution nr. 1146
1 0 0 0 0 0 
0 1 0 1 0 0 
0 0 1 0 1 0 

Solution nr. 1147
1 0 0 0 0 0 
0 1 0 1 0 0 
0 0 1 0 0 1 

Solution nr. 1148
1 0 0 0 0 0 
0 1 0 1 0 0 
0 0 1 0 0 0 

Solution nr. 1149
1 0 0 0 0 0 
0 1 0 1 0 0 
0 0 0 0 1 1 

Solution nr. 1150
1 0 0 0 0 0 
0 1 0 1 0 0 
0 0 0 0 1 0 

Solution nr. 1151
1 0 0 0 0 0 
0 1 0 1 0 0 
0 0 0 0 0 1 

Solution nr. 1152
1 0 0 0 0 0 
0 1 0 0 1 1 
0 0 1 1 1 1 

Solution nr. 1153
1 0 0 0 0 0 
0 1 0 0 1 1 
0 0 1 1 1 0 

Solution nr. 1154
1 0 0 0 0 0 
0 1 0 0 1 1 
0 0 1 1 0 1 

Solution nr. 1155
1 0 0 0 0 0 
0 1 0 0 1 1 
0 0 1 1 0 0 

Solution nr. 1156
1 0 0 0 0 0 
0 1 0 0 1 1 
0 0 1 0 1 1 

Solution nr. 1157
1 0 0 0 0 0 
0 1 0 0 1 1 
0 0 1 0 1 0 

Solution nr. 1158
1 0 0 0 0 0 
0 1 0 0 1 1 
0 0 1 0 0 1 

Solution nr. 1159
1 0 0 0 0 0 
0 1 0 0 1 1 
0 0 1 0 0 0 

Solution nr. 1160
1 0 0 0 0 0 
0 1 0 0 1 1 
0 0 0 1 1 1 

Solution nr. 1161
1 0 0 0 0 0 
0 1 0 0 1 1 
0 0 0 1 1 0 

Solution nr. 1162
1 0 0 0 0 0 
0 1 0 0 1 1 
0 0 0 1 0 1 

Solution nr. 1163
1 0 0 0 0 0 
0 1 0 0 1 1 
0 0 0 1 0 0 

Solution nr. 1164
1 0 0 0 0 0 
0 1 0 0 1 0 
0 0 1 1 1 1 

Solution nr. 1165
1 0 0 0 0 0 
0 1 0 0 1 0 
0 0 1 1 1 0 

Solution nr. 1166
1 0 0 0 0 0 
0 1 0 0 1 0 
0 0 1 1 0 1 

Solution nr. 1167
1 0 0 0 0 0 
0 1 0 0 1 0 
0 0 1 1 0 0 

Solution nr. 1168
1 0 0 0 0 0 
0 1 0 0 1 0 
0 0 1 0 1 1 

Solution nr. 1169
1 0 0 0 0 0 
0 1 0 0 1 0 
0 0 1 0 1 0 

Solution nr. 1170
1 0 0 0 0 0 
0 1 0 0 1 0 
0 0 1 0 0 1 

Solution nr. 1171
1 0 0 0 0 0 
0 1 0 0 1 0 
0 0 1 0 0 0 

Solution nr. 1172
1 0 0 0 0 0 
0 1 0 0 1 0 
0 0 0 1 1 1 

Solution nr. 1173
1 0 0 0 0 0 
0 1 0 0 1 0 
0 0 0 1 1 0 

Solution nr. 1174
1 0 0 0 0 0 
0 1 0 0 1 0 
0 0 0 1 0 1 

Solution nr. 1175
1 0 0 0 0 0 
0 1 0 0 1 0 
0 0 0 1 0 0 

Solution nr. 1176
1 0 0 0 0 0 
0 1 0 0 1 0 
0 0 0 0 0 1 

Solution nr. 1177
1 0 0 0 0 0 
0 1 0 0 0 1 
0 0 1 1 1 1 

Solution nr. 1178
1 0 0 0 0 0 
0 1 0 0 0 1 
0 0 1 1 1 0 

Solution nr. 1179
1 0 0 0 0 0 
0 1 0 0 0 1 
0 0 1 1 0 1 

Solution nr. 1180
1 0 0 0 0 0 
0 1 0 0 0 1 
0 0 1 1 0 0 

Solution nr. 1181
1 0 0 0 0 0 
0 1 0 0 0 1 
0 0 1 0 1 1 

Solution nr. 1182
1 0 0 0 0 0 
0 1 0 0 0 1 
0 0 1 0 1 0 

Solution nr. 1183
1 0 0 0 0 0 
0 1 0 0 0 1 
0 0 1 0 0 1 

Solution nr. 1184
1 0 0 0 0 0 
0 1 0 0 0 1 
0 0 1 0 0 0 

Solution nr. 1185
1 0 0 0 0 0 
0 1 0 0 0 1 
0 0 0 1 1 1 

Solution nr. 1186
1 0 0 0 0 0 
0 1 0 0 0 1 
0 0 0 1 1 0 

Solution nr. 1187
1 0 0 0 0 0 
0 1 0 0 0 1 
0 0 0 1 0 1 

Solution nr. 1188
1 0 0 0 0 0 
0 1 0 0 0 1 
0 0 0 1 0 0 

Solution nr. 1189
1 0 0 0 0 0 
0 1 0 0 0 1 
0 0 0 0 1 1 

Solution nr. 1190
1 0 0 0 0 0 
0 1 0 0 0 1 
0 0 0 0 1 0 

Solution nr. 1191
1 0 0 0 0 0 
0 1 0 0 0 0 
0 0 1 1 1 1 

Solution nr. 1192
1 0 0 0 0 0 
0 1 0 0 0 0 
0 0 1 1 1 0 

Solution nr. 1193
1 0 0 0 0 0 
0 1 0 0 0 0 
0 0 1 1 0 1 

Solution nr. 1194
1 0 0 0 0 0 
0 1 0 0 0 0 
0 0 1 1 0 0 

Solution nr. 1195
1 0 0 0 0 0 
0 1 0 0 0 0 
0 0 1 0 1 1 

Solution nr. 1196
1 0 0 0 0 0 
0 1 0 0 0 0 
0 0 1 0 1 0 

Solution nr. 1197
1 0 0 0 0 0 
0 1 0 0 0 0 
0 0 1 0 0 1 

Solution nr. 1198
1 0 0 0 0 0 
0 1 0 0 0 0 
0 0 1 0 0 0 

Solution nr. 1199
1 0 0 0 0 0 
0 1 0 0 0 0 
0 0 0 1 1 1 

Solution nr. 1200
1 0 0 0 0 0 
0 1 0 0 0 0 
0 0 0 1 1 0 

Solution nr. 1201
1 0 0 0 0 0 
0 1 0 0 0 0 
0 0 0 1 0 1 

Solution nr. 1202
1 0 0 0 0 0 
0 1 0 0 0 0 
0 0 0 1 0 0 

Solution nr. 1203
1 0 0 0 0 0 
0 1 0 0 0 0 
0 0 0 0 1 1 

Solution nr. 1204
1 0 0 0 0 0 
0 1 0 0 0 0 
0 0 0 0 1 0 

Solution nr. 1205
1 0 0 0 0 0 
0 1 0 0 0 0 
0 0 0 0 0 1 

Solution nr. 1206
1 0 0 0 0 0 
0 0 1 1 1 0 
0 0 0 0 0 1 

Solution nr. 1207
1 0 0 0 0 0 
0 0 1 1 0 1 
0 0 0 0 1 1 

Solution nr. 1208
1 0 0 0 0 0 
0 0 1 1 0 1 
0 0 0 0 1 0 

Solution nr. 1209
1 0 0 0 0 0 
0 0 1 1 0 0 
0 0 0 0 1 1 

Solution nr. 1210
1 0 0 0 0 0 
0 0 1 1 0 0 
0 0 0 0 1 0 

Solution nr. 1211
1 0 0 0 0 0 
0 0 1 1 0 0 
0 0 0 0 0 1 

Solution nr. 1212
1 0 0 0 0 0 
0 0 1 0 1 1 
0 0 0 1 1 1 

Solution nr. 1213
1 0 0 0 0 0 
0 0 1 0 1 1 
0 0 0 1 1 0 

Solution nr. 1214
1 0 0 0 0 0 
0 0 1 0 1 1 
0 0 0 1 0 1 

Solution nr. 1215
1 0 0 0 0 0 
0 0 1 0 1 1 
0 0 0 1 0 0 

Solution nr. 1216
1 0 0 0 0 0 
0 0 1 0 1 0 
0 0 0 1 1 1 

Solution nr. 1217
1 0 0 0 0 0 
0 0 1 0 1 0 
0 0 0 1 1 0 

Solution nr. 1218
1 0 0 0 0 0 
0 0 1 0 1 0 
0 0 0 1 0 1 

Solution nr. 1219
1 0 0 0 0 0 
0 0 1 0 1 0 
0 0 0 1 0 0 

Solution nr. 1220
1 0 0 0 0 0 
0 0 1 0 1 0 
0 0 0 0 0 1 

Solution nr. 1221
1 0 0 0 0 0 
0 0 1 0 0 1 
0 0 0 1 1 1 

Solution nr. 1222
1 0 0 0 0 0 
0 0 1 0 0 1 
0 0 0 1 1 0 

Solution nr. 1223
1 0 0 0 0 0 
0 0 1 0 0 1 
0 0 0 1 0 1 

Solution nr. 1224
1 0 0 0 0 0 
0 0 1 0 0 1 
0 0 0 1 0 0 

Solution nr. 1225
1 0 0 0 0 0 
0 0 1 0 0 1 
0 0 0 0 1 1 

Solution nr. 1226
1 0 0 0 0 0 
0 0 1 0 0 1 
0 0 0 0 1 0 

Solution nr. 1227
1 0 0 0 0 0 
0 0 1 0 0 0 
0 0 0 1 1 1 

Solution nr. 1228
1 0 0 0 0 0 
0 0 1 0 0 0 
0 0 0 1 1 0 

Solution nr. 1229
1 0 0 0 0 0 
0 0 1 0 0 0 
0 0 0 1 0 1 

Solution nr. 1230
1 0 0 0 0 0 
0 0 1 0 0 0 
0 0 0 1 0 0 

Solution nr. 1231
1 0 0 0 0 0 
0 0 1 0 0 0 
0 0 0 0 1 1 

Solution nr. 1232
1 0 0 0 0 0 
0 0 1 0 0 0 
0 0 0 0 1 0 

Solution nr. 1233
1 0 0 0 0 0 
0 0 1 0 0 0 
0 0 0 0 0 1 

Solution nr. 1234
1 0 0 0 0 0 
0 0 0 1 1 0 
0 0 0 0 0 1 

Solution nr. 1235
1 0 0 0 0 0 
0 0 0 1 0 1 
0 0 0 0 1 1 

Solution nr. 1236
1 0 0 0 0 0 
0 0 0 1 0 1 
0 0 0 0 1 0 

Solution nr. 1237
1 0 0 0 0 0 
0 0 0 1 0 0 
0 0 0 0 1 1 

Solution nr. 1238
1 0 0 0 0 0 
0 0 0 1 0 0 
0 0 0 0 1 0 

Solution nr. 1239
1 0 0 0 0 0 
0 0 0 1 0 0 
0 0 0 0 0 1 

Solution nr. 1240
1 0 0 0 0 0 
0 0 0 0 1 0 
0 0 0 0 0 1 

Solution nr. 1241
0 1 1 1 0 0 
0 0 0 0 1 0 
0 0 0 0 0 1 

Solution nr. 1242
0 1 1 0 1 0 
0 0 0 1 1 0 
0 0 0 0 0 1 

Solution nr. 1243
0 1 1 0 1 0 
0 0 0 1 0 0 
0 0 0 0 0 1 

Solution nr. 1244
0 1 1 0 0 1 
0 0 0 1 0 1 
0 0 0 0 1 1 

Solution nr. 1245
0 1 1 0 0 1 
0 0 0 1 0 1 
0 0 0 0 1 0 

Solution nr. 1246
0 1 1 0 0 1 
0 0 0 1 0 0 
0 0 0 0 1 1 

Solution nr. 1247
0 1 1 0 0 1 
0 0 0 1 0 0 
0 0 0 0 1 0 

Solution nr. 1248
0 1 1 0 0 0 
0 0 0 1 1 0 
0 0 0 0 0 1 

Solution nr. 1249
0 1 1 0 0 0 
0 0 0 1 0 1 
0 0 0 0 1 1 

Solution nr. 1250
0 1 1 0 0 0 
0 0 0 1 0 1 
0 0 0 0 1 0 

Solution nr. 1251
0 1 1 0 0 0 
0 0 0 1 0 0 
0 0 0 0 1 1 

Solution nr. 1252
0 1 1 0 0 0 
0 0 0 1 0 0 
0 0 0 0 1 0 

Solution nr. 1253
0 1 1 0 0 0 
0 0 0 1 0 0 
0 0 0 0 0 1 

Solution nr. 1254
0 1 1 0 0 0 
0 0 0 0 1 0 
0 0 0 0 0 1 

Solution nr. 1255
0 1 0 1 1 0 
0 0 1 1 1 0 
0 0 0 0 0 1 

Solution nr. 1256
0 1 0 1 1 0 
0 0 1 1 0 0 
0 0 0 0 0 1 

Solution nr. 1257
0 1 0 1 1 0 
0 0 1 0 1 0 
0 0 0 0 0 1 

Solution nr. 1258
0 1 0 1 1 0 
0 0 1 0 0 0 
0 0 0 0 0 1 

Solution nr. 1259
0 1 0 1 0 1 
0 0 1 1 0 1 
0 0 0 0 1 1 

Solution nr. 1260
0 1 0 1 0 1 
0 0 1 1 0 1 
0 0 0 0 1 0 

Solution nr. 1261
0 1 0 1 0 1 
0 0 1 1 0 0 
0 0 0 0 1 1 

Solution nr. 1262
0 1 0 1 0 1 
0 0 1 1 0 0 
0 0 0 0 1 0 

Solution nr. 1263
0 1 0 1 0 1 
0 0 1 0 0 1 
0 0 0 0 1 1 

Solution nr. 1264
0 1 0 1 0 1 
0 0 1 0 0 1 
0 0 0 0 1 0 

Solution nr. 1265
0 1 0 1 0 1 
0 0 1 0 0 0 
0 0 0 0 1 1 

Solution nr. 1266
0 1 0 1 0 1 
0 0 1 0 0 0 
0 0 0 0 1 0 

Solution nr. 1267
0 1 0 1 0 0 
0 0 1 1 1 0 
0 0 0 0 0 1 

Solution nr. 1268
0 1 0 1 0 0 
0 0 1 1 0 1 
0 0 0 0 1 1 

Solution nr. 1269
0 1 0 1 0 0 
0 0 1 1 0 1 
0 0 0 0 1 0 

Solution nr. 1270
0 1 0 1 0 0 
0 0 1 1 0 0 
0 0 0 0 1 1 

Solution nr. 1271
0 1 0 1 0 0 
0 0 1 1 0 0 
0 0 0 0 1 0 

Solution nr. 1272
0 1 0 1 0 0 
0 0 1 1 0 0 
0 0 0 0 0 1 

Solution nr. 1273
0 1 0 1 0 0 
0 0 1 0 1 0 
0 0 0 0 0 1 

Solution nr. 1274
0 1 0 1 0 0 
0 0 1 0 0 1 
0 0 0 0 1 1 

Solution nr. 1275
0 1 0 1 0 0 
0 0 1 0 0 1 
0 0 0 0 1 0 

Solution nr. 1276
0 1 0 1 0 0 
0 0 1 0 0 0 
0 0 0 0 1 1 

Solution nr. 1277
0 1 0 1 0 0 
0 0 1 0 0 0 
0 0 0 0 1 0 

Solution nr. 1278
0 1 0 1 0 0 
0 0 1 0 0 0 
0 0 0 0 0 1 

Solution nr. 1279
0 1 0 1 0 0 
0 0 0 0 1 0 
0 0 0 0 0 1 

Solution nr. 1280
0 1 0 0 1 1 
0 0 1 0 1 1 
0 0 0 1 1 1 

Solution nr. 1281
0 1 0 0 1 1 
0 0 1 0 1 1 
0 0 0 1 1 0 

Solution nr. 1282
0 1 0 0 1 1 
0 0 1 0 1 1 
0 0 0 1 0 1 

Solution nr. 1283
0 1 0 0 1 1 
0 0 1 0 1 1 
0 0 0 1 0 0 

Solution nr. 1284
0 1 0 0 1 1 
0 0 1 0 1 0 
0 0 0 1 1 1 

Solution nr. 1285
0 1 0 0 1 1 
0 0 1 0 1 0 
0 0 0 1 1 0 

Solution nr. 1286
0 1 0 0 1 1 
0 0 1 0 1 0 
0 0 0 1 0 1 

Solution nr. 1287
0 1 0 0 1 1 
0 0 1 0 1 0 
0 0 0 1 0 0 

Solution nr. 1288
0 1 0 0 1 1 
0 0 1 0 0 1 
0 0 0 1 1 1 

Solution nr. 1289
0 1 0 0 1 1 
0 0 1 0 0 1 
0 0 0 1 1 0 

Solution nr. 1290
0 1 0 0 1 1 
0 0 1 0 0 1 
0 0 0 1 0 1 

Solution nr. 1291
0 1 0 0 1 1 
0 0 1 0 0 1 
0 0 0 1 0 0 

Solution nr. 1292
0 1 0 0 1 1 
0 0 1 0 0 0 
0 0 0 1 1 1 

Solution nr. 1293
0 1 0 0 1 1 
0 0 1 0 0 0 
0 0 0 1 1 0 

Solution nr. 1294
0 1 0 0 1 1 
0 0 1 0 0 0 
0 0 0 1 0 1 

Solution nr. 1295
0 1 0 0 1 1 
0 0 1 0 0 0 
0 0 0 1 0 0 

Solution nr. 1296
0 1 0 0 1 0 
0 0 1 1 1 0 
0 0 0 0 0 1 

Solution nr. 1297
0 1 0 0 1 0 
0 0 1 1 0 0 
0 0 0 0 0 1 

Solution nr. 1298
0 1 0 0 1 0 
0 0 1 0 1 1 
0 0 0 1 1 1 

Solution nr. 1299
0 1 0 0 1 0 
0 0 1 0 1 1 
0 0 0 1 1 0 

Solution nr. 1300
0 1 0 0 1 0 
0 0 1 0 1 1 
0 0 0 1 0 1 

Solution nr. 1301
0 1 0 0 1 0 
0 0 1 0 1 1 
0 0 0 1 0 0 

Solution nr. 1302
0 1 0 0 1 0 
0 0 1 0 1 0 
0 0 0 1 1 1 

Solution nr. 1303
0 1 0 0 1 0 
0 0 1 0 1 0 
0 0 0 1 1 0 

Solution nr. 1304
0 1 0 0 1 0 
0 0 1 0 1 0 
0 0 0 1 0 1 

Solution nr. 1305
0 1 0 0 1 0 
0 0 1 0 1 0 
0 0 0 1 0 0 

Solution nr. 1306
0 1 0 0 1 0 
0 0 1 0 1 0 
0 0 0 0 0 1 

Solution nr. 1307
0 1 0 0 1 0 
0 0 1 0 0 1 
0 0 0 1 1 1 

Solution nr. 1308
0 1 0 0 1 0 
0 0 1 0 0 1 
0 0 0 1 1 0 

Solution nr. 1309
0 1 0 0 1 0 
0 0 1 0 0 1 
0 0 0 1 0 1 

Solution nr. 1310
0 1 0 0 1 0 
0 0 1 0 0 1 
0 0 0 1 0 0 

Solution nr. 1311
0 1 0 0 1 0 
0 0 1 0 0 0 
0 0 0 1 1 1 

Solution nr. 1312
0 1 0 0 1 0 
0 0 1 0 0 0 
0 0 0 1 1 0 

Solution nr. 1313
0 1 0 0 1 0 
0 0 1 0 0 0 
0 0 0 1 0 1 

Solution nr. 1314
0 1 0 0 1 0 
0 0 1 0 0 0 
0 0 0 1 0 0 

Solution nr. 1315
0 1 0 0 1 0 
0 0 1 0 0 0 
0 0 0 0 0 1 

Solution nr. 1316
0 1 0 0 1 0 
0 0 0 1 1 0 
0 0 0 0 0 1 

Solution nr. 1317
0 1 0 0 1 0 
0 0 0 1 0 0 
0 0 0 0 0 1 

Solution nr. 1318
0 1 0 0 0 1 
0 0 1 1 0 1 
0 0 0 0 1 1 

Solution nr. 1319
0 1 0 0 0 1 
0 0 1 1 0 1 
0 0 0 0 1 0 

Solution nr. 1320
0 1 0 0 0 1 
0 0 1 1 0 0 
0 0 0 0 1 1 

Solution nr. 1321
0 1 0 0 0 1 
0 0 1 1 0 0 
0 0 0 0 1 0 

Solution nr. 1322
0 1 0 0 0 1 
0 0 1 0 1 1 
0 0 0 1 1 1 

Solution nr. 1323
0 1 0 0 0 1 
0 0 1 0 1 1 
0 0 0 1 1 0 

Solution nr. 1324
0 1 0 0 0 1 
0 0 1 0 1 1 
0 0 0 1 0 1 

Solution nr. 1325
0 1 0 0 0 1 
0 0 1 0 1 1 
0 0 0 1 0 0 

Solution nr. 1326
0 1 0 0 0 1 
0 0 1 0 1 0 
0 0 0 1 1 1 

Solution nr. 1327
0 1 0 0 0 1 
0 0 1 0 1 0 
0 0 0 1 1 0 

Solution nr. 1328
0 1 0 0 0 1 
0 0 1 0 1 0 
0 0 0 1 0 1 

Solution nr. 1329
0 1 0 0 0 1 
0 0 1 0 1 0 
0 0 0 1 0 0 

Solution nr. 1330
0 1 0 0 0 1 
0 0 1 0 0 1 
0 0 0 1 1 1 

Solution nr. 1331
0 1 0 0 0 1 
0 0 1 0 0 1 
0 0 0 1 1 0 

Solution nr. 1332
0 1 0 0 0 1 
0 0 1 0 0 1 
0 0 0 1 0 1 

Solution nr. 1333
0 1 0 0 0 1 
0 0 1 0 0 1 
0 0 0 1 0 0 

Solution nr. 1334
0 1 0 0 0 1 
0 0 1 0 0 1 
0 0 0 0 1 1 

Solution nr. 1335
0 1 0 0 0 1 
0 0 1 0 0 1 
0 0 0 0 1 0 

Solution nr. 1336
0 1 0 0 0 1 
0 0 1 0 0 0 
0 0 0 1 1 1 

Solution nr. 1337
0 1 0 0 0 1 
0 0 1 0 0 0 
0 0 0 1 1 0 

Solution nr. 1338
0 1 0 0 0 1 
0 0 1 0 0 0 
0 0 0 1 0 1 

Solution nr. 1339
0 1 0 0 0 1 
0 0 1 0 0 0 
0 0 0 1 0 0 

Solution nr. 1340
0 1 0 0 0 1 
0 0 1 0 0 0 
0 0 0 0 1 1 

Solution nr. 1341
0 1 0 0 0 1 
0 0 1 0 0 0 
0 0 0 0 1 0 

Solution nr. 1342
0 1 0 0 0 1 
0 0 0 1 0 1 
0 0 0 0 1 1 

Solution nr. 1343
0 1 0 0 0 1 
0 0 0 1 0 1 
0 0 0 0 1 0 

Solution nr. 1344
0 1 0 0 0 1 
0 0 0 1 0 0 
0 0 0 0 1 1 

Solution nr. 1345
0 1 0 0 0 1 
0 0 0 1 0 0 
0 0 0 0 1 0 

Solution nr. 1346
0 1 0 0 0 0 
0 0 1 1 1 0 
0 0 0 0 0 1 

Solution nr. 1347
0 1 0 0 0 0 
0 0 1 1 0 1 
0 0 0 0 1 1 

Solution nr. 1348
0 1 0 0 0 0 
0 0 1 1 0 1 
0 0 0 0 1 0 

Solution nr. 1349
0 1 0 0 0 0 
0 0 1 1 0 0 
0 0 0 0 1 1 

Solution nr. 1350
0 1 0 0 0 0 
0 0 1 1 0 0 
0 0 0 0 1 0 

Solution nr. 1351
0 1 0 0 0 0 
0 0 1 1 0 0 
0 0 0 0 0 1 

Solution nr. 1352
0 1 0 0 0 0 
0 0 1 0 1 1 
0 0 0 1 1 1 

Solution nr. 1353
0 1 0 0 0 0 
0 0 1 0 1 1 
0 0 0 1 1 0 

Solution nr. 1354
0 1 0 0 0 0 
0 0 1 0 1 1 
0 0 0 1 0 1 

Solution nr. 1355
0 1 0 0 0 0 
0 0 1 0 1 1 
0 0 0 1 0 0 

Solution nr. 1356
0 1 0 0 0 0 
0 0 1 0 1 0 
0 0 0 1 1 1 

Solution nr. 1357
0 1 0 0 0 0 
0 0 1 0 1 0 
0 0 0 1 1 0 

Solution nr. 1358
0 1 0 0 0 0 
0 0 1 0 1 0 
0 0 0 1 0 1 

Solution nr. 1359
0 1 0 0 0 0 
0 0 1 0 1 0 
0 0 0 1 0 0 

Solution nr. 1360
0 1 0 0 0 0 
0 0 1 0 1 0 
0 0 0 0 0 1 

Solution nr. 1361
0 1 0 0 0 0 
0 0 1 0 0 1 
0 0 0 1 1 1 

Solution nr. 1362
0 1 0 0 0 0 
0 0 1 0 0 1 
0 0 0 1 1 0 

Solution nr. 1363
0 1 0 0 0 0 
0 0 1 0 0 1 
0 0 0 1 0 1 

Solution nr. 1364
0 1 0 0 0 0 
0 0 1 0 0 1 
0 0 0 1 0 0 

Solution nr. 1365
0 1 0 0 0 0 
0 0 1 0 0 1 
0 0 0 0 1 1 

Solution nr. 1366
0 1 0 0 0 0 
0 0 1 0 0 1 
0 0 0 0 1 0 

Solution nr. 1367
0 1 0 0 0 0 
0 0 1 0 0 0 
0 0 0 1 1 1 

Solution nr. 1368
0 1 0 0 0 0 
0 0 1 0 0 0 
0 0 0 1 1 0 

Solution nr. 1369
0 1 0 0 0 0 
0 0 1 0 0 0 
0 0 0 1 0 1 

Solution nr. 1370
0 1 0 0 0 0 
0 0 1 0 0 0 
0 0 0 1 0 0 

Solution nr. 1371
0 1 0 0 0 0 
0 0 1 0 0 0 
0 0 0 0 1 1 

Solution nr. 1372
0 1 0 0 0 0 
0 0 1 0 0 0 
0 0 0 0 1 0 

Solution nr. 1373
0 1 0 0 0 0 
0 0 1 0 0 0 
0 0 0 0 0 1 

Solution nr. 1374
0 1 0 0 0 0 
0 0 0 1 1 0 
0 0 0 0 0 1 

Solution nr. 1375
0 1 0 0 0 0 
0 0 0 1 0 1 
0 0 0 0 1 1 

Solution nr. 1376
0 1 0 0 0 0 
0 0 0 1 0 1 
0 0 0 0 1 0 

Solution nr. 1377
0 1 0 0 0 0 
0 0 0 1 0 0 
0 0 0 0 1 1 

Solution nr. 1378
0 1 0 0 0 0 
0 0 0 1 0 0 
0 0 0 0 1 0 

Solution nr. 1379
0 1 0 0 0 0 
0 0 0 1 0 0 
0 0 0 0 0 1 

Solution nr. 1380
0 1 0 0 0 0 
0 0 0 0 1 0 
0 0 0 0 0 1 

Solution nr. 1381
0 0 1 1 0 0 
0 0 0 0 1 0 
0 0 0 0 0 1 

Solution nr. 1382
0 0 1 0 1 0 
0 0 0 1 1 0 
0 0 0 0 0 1 

Solution nr. 1383
0 0 1 0 1 0 
0 0 0 1 0 0 
0 0 0 0 0 1 

Solution nr. 1384
0 0 1 0 0 1 
0 0 0 1 0 1 
0 0 0 0 1 1 

Solution nr. 1385
0 0 1 0 0 1 
0 0 0 1 0 1 
0 0 0 0 1 0 

Solution nr. 1386
0 0 1 0 0 1 
0 0 0 1 0 0 
0 0 0 0 1 1 

Solution nr. 1387
0 0 1 0 0 1 
0 0 0 1 0 0 
0 0 0 0 1 0 

Solution nr. 1388
0 0 1 0 0 0 
0 0 0 1 1 0 
0 0 0 0 0 1 

Solution nr. 1389
0 0 1 0 0 0 
0 0 0 1 0 1 
0 0 0 0 1 1 

Solution nr. 1390
0 0 1 0 0 0 
0 0 0 1 0 1 
0 0 0 0 1 0 

Solution nr. 1391
0 0 1 0 0 0 
0 0 0 1 0 0 
0 0 0 0 1 1 

Solution nr. 1392
0 0 1 0 0 0 
0 0 0 1 0 0 
0 0 0 0 1 0 

Solution nr. 1393
0 0 1 0 0 0 
0 0 0 1 0 0 
0 0 0 0 0 1 

Solution nr. 1394
0 0 1 0 0 0 
0 0 0 0 1 0 
0 0 0 0 0 1 

Solution nr. 1395
0 0 0 1 0 0 
0 0 0 0 1 0 
0 0 0 0 0 1 

